2020-02-18 20:42:14 -Loaded default TestExecutionListener class names from location [META-INF/spring.factories]: [org.springframework.test.context.web.ServletTestExecutionListener, org.springframework.test.context.support.DirtiesContextBeforeModesTestExecutionListener, org.springframework.test.context.support.DependencyInjectionTestExecutionListener, org.springframework.test.context.support.DirtiesContextTestExecutionListener, org.springframework.test.context.transaction.TransactionalTestExecutionListener, org.springframework.test.context.jdbc.SqlScriptsTestExecutionListener]
2020-02-18 20:42:14 -Using TestExecutionListeners: [org.springframework.test.context.web.ServletTestExecutionListener@710726a3, org.springframework.test.context.support.DirtiesContextBeforeModesTestExecutionListener@646007f4, org.springframework.test.context.support.DependencyInjectionTestExecutionListener@481a15ff, org.springframework.test.context.support.DirtiesContextTestExecutionListener@78186a70, org.springframework.test.context.transaction.TransactionalTestExecutionListener@306279ee, org.springframework.test.context.jdbc.SqlScriptsTestExecutionListener@545997b1]
2020-02-18 20:43:26 -Loaded default TestExecutionListener class names from location [META-INF/spring.factories]: [org.springframework.test.context.web.ServletTestExecutionListener, org.springframework.test.context.support.DirtiesContextBeforeModesTestExecutionListener, org.springframework.test.context.support.DependencyInjectionTestExecutionListener, org.springframework.test.context.support.DirtiesContextTestExecutionListener, org.springframework.test.context.transaction.TransactionalTestExecutionListener, org.springframework.test.context.jdbc.SqlScriptsTestExecutionListener]
2020-02-18 20:43:26 -Using TestExecutionListeners: [org.springframework.test.context.web.ServletTestExecutionListener@710726a3, org.springframework.test.context.support.DirtiesContextBeforeModesTestExecutionListener@646007f4, org.springframework.test.context.support.DependencyInjectionTestExecutionListener@481a15ff, org.springframework.test.context.support.DirtiesContextTestExecutionListener@78186a70, org.springframework.test.context.transaction.TransactionalTestExecutionListener@306279ee, org.springframework.test.context.jdbc.SqlScriptsTestExecutionListener@545997b1]
2020-02-18 20:47:39 -Loaded default TestExecutionListener class names from location [META-INF/spring.factories]: [org.springframework.test.context.web.ServletTestExecutionListener, org.springframework.test.context.support.DirtiesContextBeforeModesTestExecutionListener, org.springframework.test.context.support.DependencyInjectionTestExecutionListener, org.springframework.test.context.support.DirtiesContextTestExecutionListener, org.springframework.test.context.transaction.TransactionalTestExecutionListener, org.springframework.test.context.jdbc.SqlScriptsTestExecutionListener]
2020-02-18 20:47:39 -Using TestExecutionListeners: [org.springframework.test.context.web.ServletTestExecutionListener@710726a3, org.springframework.test.context.support.DirtiesContextBeforeModesTestExecutionListener@646007f4, org.springframework.test.context.support.DependencyInjectionTestExecutionListener@481a15ff, org.springframework.test.context.support.DirtiesContextTestExecutionListener@78186a70, org.springframework.test.context.transaction.TransactionalTestExecutionListener@306279ee, org.springframework.test.context.jdbc.SqlScriptsTestExecutionListener@545997b1]
2020-02-18 20:48:11 -Loaded default TestExecutionListener class names from location [META-INF/spring.factories]: [org.springframework.test.context.web.ServletTestExecutionListener, org.springframework.test.context.support.DirtiesContextBeforeModesTestExecutionListener, org.springframework.test.context.support.DependencyInjectionTestExecutionListener, org.springframework.test.context.support.DirtiesContextTestExecutionListener, org.springframework.test.context.transaction.TransactionalTestExecutionListener, org.springframework.test.context.jdbc.SqlScriptsTestExecutionListener]
2020-02-18 20:48:11 -Using TestExecutionListeners: [org.springframework.test.context.web.ServletTestExecutionListener@545997b1, org.springframework.test.context.support.DirtiesContextBeforeModesTestExecutionListener@4cf4d528, org.springframework.test.context.support.DependencyInjectionTestExecutionListener@77846d2c, org.springframework.test.context.support.DirtiesContextTestExecutionListener@548ad73b, org.springframework.test.context.transaction.TransactionalTestExecutionListener@4c762604, org.springframework.test.context.jdbc.SqlScriptsTestExecutionListener@2641e737]
2020-02-18 20:48:13 -{dataSource-1} inited
2020-02-18 20:48:13 -用户登录：user1,结果为：success
2020-02-18 20:48:13 -用户登录：user1,结果为：failed
2020-02-18 20:48:13 -用户登录：user1,结果为：failed
2020-02-18 20:48:13 -{dataSource-1} closed
2020-02-18 20:49:57 -Loaded default TestExecutionListener class names from location [META-INF/spring.factories]: [org.springframework.test.context.web.ServletTestExecutionListener, org.springframework.test.context.support.DirtiesContextBeforeModesTestExecutionListener, org.springframework.test.context.support.DependencyInjectionTestExecutionListener, org.springframework.test.context.support.DirtiesContextTestExecutionListener, org.springframework.test.context.transaction.TransactionalTestExecutionListener, org.springframework.test.context.jdbc.SqlScriptsTestExecutionListener]
2020-02-18 20:49:57 -Using TestExecutionListeners: [org.springframework.test.context.web.ServletTestExecutionListener@710726a3, org.springframework.test.context.support.DirtiesContextBeforeModesTestExecutionListener@646007f4, org.springframework.test.context.support.DependencyInjectionTestExecutionListener@481a15ff, org.springframework.test.context.support.DirtiesContextTestExecutionListener@78186a70, org.springframework.test.context.transaction.TransactionalTestExecutionListener@306279ee, org.springframework.test.context.jdbc.SqlScriptsTestExecutionListener@545997b1]
2020-02-18 20:50:58 -Loaded default TestExecutionListener class names from location [META-INF/spring.factories]: [org.springframework.test.context.web.ServletTestExecutionListener, org.springframework.test.context.support.DirtiesContextBeforeModesTestExecutionListener, org.springframework.test.context.support.DependencyInjectionTestExecutionListener, org.springframework.test.context.support.DirtiesContextTestExecutionListener, org.springframework.test.context.transaction.TransactionalTestExecutionListener, org.springframework.test.context.jdbc.SqlScriptsTestExecutionListener]
2020-02-18 20:50:58 -Using TestExecutionListeners: [org.springframework.test.context.web.ServletTestExecutionListener@545997b1, org.springframework.test.context.support.DirtiesContextBeforeModesTestExecutionListener@4cf4d528, org.springframework.test.context.support.DependencyInjectionTestExecutionListener@77846d2c, org.springframework.test.context.support.DirtiesContextTestExecutionListener@548ad73b, org.springframework.test.context.transaction.TransactionalTestExecutionListener@4c762604, org.springframework.test.context.jdbc.SqlScriptsTestExecutionListener@2641e737]
2020-02-18 20:50:59 -{dataSource-1} inited
2020-02-18 20:50:59 -用户登录：user1,结果为：success
2020-02-18 20:50:59 -用户登录：user1,结果为：failed
2020-02-18 20:50:59 -用户登录：user1,结果为：failed
2020-02-18 20:50:59 -{dataSource-1} closed
2020-02-18 20:56:46 -Loaded default TestExecutionListener class names from location [META-INF/spring.factories]: [org.springframework.test.context.web.ServletTestExecutionListener, org.springframework.test.context.support.DirtiesContextBeforeModesTestExecutionListener, org.springframework.test.context.support.DependencyInjectionTestExecutionListener, org.springframework.test.context.support.DirtiesContextTestExecutionListener, org.springframework.test.context.transaction.TransactionalTestExecutionListener, org.springframework.test.context.jdbc.SqlScriptsTestExecutionListener]
2020-02-18 20:56:46 -Using TestExecutionListeners: [org.springframework.test.context.web.ServletTestExecutionListener@545997b1, org.springframework.test.context.support.DirtiesContextBeforeModesTestExecutionListener@4cf4d528, org.springframework.test.context.support.DependencyInjectionTestExecutionListener@77846d2c, org.springframework.test.context.support.DirtiesContextTestExecutionListener@548ad73b, org.springframework.test.context.transaction.TransactionalTestExecutionListener@4c762604, org.springframework.test.context.jdbc.SqlScriptsTestExecutionListener@2641e737]
2020-02-18 20:56:47 -{dataSource-1} inited
2020-02-18 20:56:47 -{dataSource-1} closed
2020-02-18 21:22:33 -Loaded default TestExecutionListener class names from location [META-INF/spring.factories]: [org.springframework.test.context.web.ServletTestExecutionListener, org.springframework.test.context.support.DirtiesContextBeforeModesTestExecutionListener, org.springframework.test.context.support.DependencyInjectionTestExecutionListener, org.springframework.test.context.support.DirtiesContextTestExecutionListener, org.springframework.test.context.transaction.TransactionalTestExecutionListener, org.springframework.test.context.jdbc.SqlScriptsTestExecutionListener]
2020-02-18 21:22:33 -Using TestExecutionListeners: [org.springframework.test.context.web.ServletTestExecutionListener@545997b1, org.springframework.test.context.support.DirtiesContextBeforeModesTestExecutionListener@4cf4d528, org.springframework.test.context.support.DependencyInjectionTestExecutionListener@77846d2c, org.springframework.test.context.support.DirtiesContextTestExecutionListener@548ad73b, org.springframework.test.context.transaction.TransactionalTestExecutionListener@4c762604, org.springframework.test.context.jdbc.SqlScriptsTestExecutionListener@2641e737]
2020-02-18 21:22:34 -{dataSource-1} inited
2020-02-18 21:22:35 -用户登录：user1,结果为：success
2020-02-18 21:22:35 -用户登录：user1,结果为：failed
2020-02-18 21:22:35 -用户登录：user1,结果为：failed
2020-02-18 21:22:35 -{dataSource-1} closed
2020-02-18 21:23:09 -Loaded default TestExecutionListener class names from location [META-INF/spring.factories]: [org.springframework.test.context.web.ServletTestExecutionListener, org.springframework.test.context.support.DirtiesContextBeforeModesTestExecutionListener, org.springframework.test.context.support.DependencyInjectionTestExecutionListener, org.springframework.test.context.support.DirtiesContextTestExecutionListener, org.springframework.test.context.transaction.TransactionalTestExecutionListener, org.springframework.test.context.jdbc.SqlScriptsTestExecutionListener]
2020-02-18 21:23:09 -Using TestExecutionListeners: [org.springframework.test.context.web.ServletTestExecutionListener@710726a3, org.springframework.test.context.support.DirtiesContextBeforeModesTestExecutionListener@646007f4, org.springframework.test.context.support.DependencyInjectionTestExecutionListener@481a15ff, org.springframework.test.context.support.DirtiesContextTestExecutionListener@78186a70, org.springframework.test.context.transaction.TransactionalTestExecutionListener@306279ee, org.springframework.test.context.jdbc.SqlScriptsTestExecutionListener@545997b1]
2020-02-18 21:23:37 -Loaded default TestExecutionListener class names from location [META-INF/spring.factories]: [org.springframework.test.context.web.ServletTestExecutionListener, org.springframework.test.context.support.DirtiesContextBeforeModesTestExecutionListener, org.springframework.test.context.support.DependencyInjectionTestExecutionListener, org.springframework.test.context.support.DirtiesContextTestExecutionListener, org.springframework.test.context.transaction.TransactionalTestExecutionListener, org.springframework.test.context.jdbc.SqlScriptsTestExecutionListener]
2020-02-18 21:23:37 -Using TestExecutionListeners: [org.springframework.test.context.web.ServletTestExecutionListener@545997b1, org.springframework.test.context.support.DirtiesContextBeforeModesTestExecutionListener@4cf4d528, org.springframework.test.context.support.DependencyInjectionTestExecutionListener@77846d2c, org.springframework.test.context.support.DirtiesContextTestExecutionListener@548ad73b, org.springframework.test.context.transaction.TransactionalTestExecutionListener@4c762604, org.springframework.test.context.jdbc.SqlScriptsTestExecutionListener@2641e737]
2020-02-18 21:23:39 -{dataSource-1} inited
2020-02-18 21:23:39 -用户登录：user1,结果为：success
2020-02-18 21:23:39 -用户登录：user1,结果为：failed
2020-02-18 21:23:39 -用户登录：user1,结果为：failed
2020-02-18 21:23:39 -{dataSource-1} closed
