2020-02-26 16:27:11 -Starting Eshop1Application on DESKTOP-43IB5P6 with PID 7956 (F:\JAVA_lianxi\eshop1\target\classes started by EDT灬谭泽豪 in F:\JAVA_lianxi\eshop1)
2020-02-26 16:27:11 -No active profile set, falling back to default profiles: default
2020-02-26 16:27:11 -Devtools property defaults active! Set 'spring.devtools.add-properties' to 'false' to disable
2020-02-26 16:27:11 -For additional web related logging consider setting the 'logging.level.web' property to 'DEBUG'
2020-02-26 16:27:12 -Multiple Spring Data modules found, entering strict repository configuration mode!
2020-02-26 16:27:12 -Bootstrapping Spring Data Redis repositories in DEFAULT mode.
2020-02-26 16:27:12 -Finished Spring Data repository scanning in 36ms. Found 0 Redis repository interfaces.
2020-02-26 16:27:12 -Bean 'shiroConfig' of type [com.octopus.common.config.ShiroConfig$$EnhancerBySpringCGLIB$$5b62cce1] is not eligible for getting processed by all BeanPostProcessors (for example: not eligible for auto-proxying)
2020-02-26 16:27:12 -Bean 'org.springframework.transaction.annotation.ProxyTransactionManagementConfiguration' of type [org.springframework.transaction.annotation.ProxyTransactionManagementConfiguration] is not eligible for getting processed by all BeanPostProcessors (for example: not eligible for auto-proxying)
2020-02-26 16:27:13 -Bean 'securityManager' of type [org.apache.shiro.web.mgt.DefaultWebSecurityManager] is not eligible for getting processed by all BeanPostProcessors (for example: not eligible for auto-proxying)
2020-02-26 16:27:14 -Tomcat initialized with port(s): 80 (http)
2020-02-26 16:27:14 -Initializing ProtocolHandler ["http-nio-80"]
2020-02-26 16:27:14 -Starting service [Tomcat]
2020-02-26 16:27:14 -Starting Servlet engine: [Apache Tomcat/9.0.30]
2020-02-26 16:27:14 -Initializing Spring embedded WebApplicationContext
2020-02-26 16:27:14 -Root WebApplicationContext: initialization completed in 2490 ms
2020-02-26 16:27:14 -Error starting Tomcat context. Exception: org.springframework.beans.factory.BeanCreationException. Message: Error creating bean with name 'shiroFilter': FactoryBean threw exception on object creation; nested exception is java.lang.IllegalArgumentException: There is no filter with name 'anno' to apply to chain [/sys/toLogin] in the pool of available Filters.  Ensure a filter with that name/path has first been registered with the addFilter method(s).
2020-02-26 16:27:14 -Stopping service [Tomcat]
2020-02-26 16:27:14 -Exception encountered during context initialization - cancelling refresh attempt: org.springframework.context.ApplicationContextException: Unable to start web server; nested exception is org.springframework.boot.web.server.WebServerException: Unable to start embedded Tomcat
2020-02-26 16:27:14 -

Error starting ApplicationContext. To display the conditions report re-run your application with 'debug' enabled.
2020-02-26 16:27:14 -Application run failed
org.springframework.context.ApplicationContextException: Unable to start web server; nested exception is org.springframework.boot.web.server.WebServerException: Unable to start embedded Tomcat
	at org.springframework.boot.web.servlet.context.ServletWebServerApplicationContext.onRefresh(ServletWebServerApplicationContext.java:156)
	at org.springframework.context.support.AbstractApplicationContext.refresh(AbstractApplicationContext.java:544)
	at org.springframework.boot.web.servlet.context.ServletWebServerApplicationContext.refresh(ServletWebServerApplicationContext.java:141)
	at org.springframework.boot.SpringApplication.refresh(SpringApplication.java:747)
	at org.springframework.boot.SpringApplication.refreshContext(SpringApplication.java:397)
	at org.springframework.boot.SpringApplication.run(SpringApplication.java:315)
	at org.springframework.boot.SpringApplication.run(SpringApplication.java:1226)
	at org.springframework.boot.SpringApplication.run(SpringApplication.java:1215)
	at com.octopus.Eshop1Application.main(Eshop1Application.java:12)
	at sun.reflect.NativeMethodAccessorImpl.invoke0(Native Method)
	at sun.reflect.NativeMethodAccessorImpl.invoke(NativeMethodAccessorImpl.java:62)
	at sun.reflect.DelegatingMethodAccessorImpl.invoke(DelegatingMethodAccessorImpl.java:43)
	at java.lang.reflect.Method.invoke(Method.java:498)
	at org.springframework.boot.devtools.restart.RestartLauncher.run(RestartLauncher.java:49)
Caused by: org.springframework.boot.web.server.WebServerException: Unable to start embedded Tomcat
	at org.springframework.boot.web.embedded.tomcat.TomcatWebServer.initialize(TomcatWebServer.java:126)
	at org.springframework.boot.web.embedded.tomcat.TomcatWebServer.<init>(TomcatWebServer.java:88)
	at org.springframework.boot.web.embedded.tomcat.TomcatServletWebServerFactory.getTomcatWebServer(TomcatServletWebServerFactory.java:438)
	at org.springframework.boot.web.embedded.tomcat.TomcatServletWebServerFactory.getWebServer(TomcatServletWebServerFactory.java:191)
	at org.springframework.boot.web.servlet.context.ServletWebServerApplicationContext.createWebServer(ServletWebServerApplicationContext.java:180)
	at org.springframework.boot.web.servlet.context.ServletWebServerApplicationContext.onRefresh(ServletWebServerApplicationContext.java:153)
	... 13 common frames omitted
Caused by: org.springframework.beans.factory.BeanCreationException: Error creating bean with name 'shiroFilter': FactoryBean threw exception on object creation; nested exception is java.lang.IllegalArgumentException: There is no filter with name 'anno' to apply to chain [/sys/toLogin] in the pool of available Filters.  Ensure a filter with that name/path has first been registered with the addFilter method(s).
	at org.springframework.beans.factory.support.FactoryBeanRegistrySupport.doGetObjectFromFactoryBean(FactoryBeanRegistrySupport.java:178)
	at org.springframework.beans.factory.support.FactoryBeanRegistrySupport.getObjectFromFactoryBean(FactoryBeanRegistrySupport.java:101)
	at org.springframework.beans.factory.support.AbstractBeanFactory.getObjectForBeanInstance(AbstractBeanFactory.java:1817)
	at org.springframework.beans.factory.support.AbstractAutowireCapableBeanFactory.getObjectForBeanInstance(AbstractAutowireCapableBeanFactory.java:1266)
	at org.springframework.beans.factory.support.AbstractBeanFactory.doGetBean(AbstractBeanFactory.java:260)
	at org.springframework.beans.factory.support.AbstractBeanFactory.getBean(AbstractBeanFactory.java:207)
	at org.springframework.boot.web.servlet.ServletContextInitializerBeans.getOrderedBeansOfType(ServletContextInitializerBeans.java:211)
	at org.springframework.boot.web.servlet.ServletContextInitializerBeans.addAsRegistrationBean(ServletContextInitializerBeans.java:174)
	at org.springframework.boot.web.servlet.ServletContextInitializerBeans.addAsRegistrationBean(ServletContextInitializerBeans.java:169)
	at org.springframework.boot.web.servlet.ServletContextInitializerBeans.addAdaptableBeans(ServletContextInitializerBeans.java:154)
	at org.springframework.boot.web.servlet.ServletContextInitializerBeans.<init>(ServletContextInitializerBeans.java:86)
	at org.springframework.boot.web.servlet.context.ServletWebServerApplicationContext.getServletContextInitializerBeans(ServletWebServerApplicationContext.java:253)
	at org.springframework.boot.web.servlet.context.ServletWebServerApplicationContext.selfInitialize(ServletWebServerApplicationContext.java:227)
	at org.springframework.boot.web.embedded.tomcat.TomcatStarter.onStartup(TomcatStarter.java:53)
	at org.apache.catalina.core.StandardContext.startInternal(StandardContext.java:5135)
	at org.apache.catalina.util.LifecycleBase.start(LifecycleBase.java:183)
	at org.apache.catalina.core.ContainerBase$StartChild.call(ContainerBase.java:1384)
	at org.apache.catalina.core.ContainerBase$StartChild.call(ContainerBase.java:1374)
	at java.util.concurrent.FutureTask.run(FutureTask.java:266)
	at org.apache.tomcat.util.threads.InlineExecutorService.execute(InlineExecutorService.java:75)
	at java.util.concurrent.AbstractExecutorService.submit(AbstractExecutorService.java:134)
	at org.apache.catalina.core.ContainerBase.startInternal(ContainerBase.java:909)
	at org.apache.catalina.core.StandardHost.startInternal(StandardHost.java:841)
	at org.apache.catalina.util.LifecycleBase.start(LifecycleBase.java:183)
	at org.apache.catalina.core.ContainerBase$StartChild.call(ContainerBase.java:1384)
	at org.apache.catalina.core.ContainerBase$StartChild.call(ContainerBase.java:1374)
	at java.util.concurrent.FutureTask.run(FutureTask.java:266)
	at org.apache.tomcat.util.threads.InlineExecutorService.execute(InlineExecutorService.java:75)
	at java.util.concurrent.AbstractExecutorService.submit(AbstractExecutorService.java:134)
	at org.apache.catalina.core.ContainerBase.startInternal(ContainerBase.java:909)
	at org.apache.catalina.core.StandardEngine.startInternal(StandardEngine.java:262)
	at org.apache.catalina.util.LifecycleBase.start(LifecycleBase.java:183)
	at org.apache.catalina.core.StandardService.startInternal(StandardService.java:421)
	at org.apache.catalina.util.LifecycleBase.start(LifecycleBase.java:183)
	at org.apache.catalina.core.StandardServer.startInternal(StandardServer.java:930)
	at org.apache.catalina.util.LifecycleBase.start(LifecycleBase.java:183)
	at org.apache.catalina.startup.Tomcat.start(Tomcat.java:459)
	at org.springframework.boot.web.embedded.tomcat.TomcatWebServer.initialize(TomcatWebServer.java:107)
	... 18 common frames omitted
Caused by: java.lang.IllegalArgumentException: There is no filter with name 'anno' to apply to chain [/sys/toLogin] in the pool of available Filters.  Ensure a filter with that name/path has first been registered with the addFilter method(s).
	at org.apache.shiro.web.filter.mgt.DefaultFilterChainManager.addToChain(DefaultFilterChainManager.java:265)
	at org.apache.shiro.web.filter.mgt.DefaultFilterChainManager.createChain(DefaultFilterChainManager.java:148)
	at org.apache.shiro.spring.web.ShiroFilterFactoryBean.createFilterChainManager(ShiroFilterFactoryBean.java:397)
	at org.apache.shiro.spring.web.ShiroFilterFactoryBean.createInstance(ShiroFilterFactoryBean.java:437)
	at org.apache.shiro.spring.web.ShiroFilterFactoryBean.getObject(ShiroFilterFactoryBean.java:343)
	at org.springframework.beans.factory.support.FactoryBeanRegistrySupport.doGetObjectFromFactoryBean(FactoryBeanRegistrySupport.java:171)
	... 55 common frames omitted
2020-02-26 16:27:35 -Starting Eshop1Application on DESKTOP-43IB5P6 with PID 13636 (F:\JAVA_lianxi\eshop1\target\classes started by EDT灬谭泽豪 in F:\JAVA_lianxi\eshop1)
2020-02-26 16:27:35 -No active profile set, falling back to default profiles: default
2020-02-26 16:27:35 -Devtools property defaults active! Set 'spring.devtools.add-properties' to 'false' to disable
2020-02-26 16:27:35 -For additional web related logging consider setting the 'logging.level.web' property to 'DEBUG'
2020-02-26 16:27:36 -Multiple Spring Data modules found, entering strict repository configuration mode!
2020-02-26 16:27:36 -Bootstrapping Spring Data Redis repositories in DEFAULT mode.
2020-02-26 16:27:36 -Finished Spring Data repository scanning in 41ms. Found 0 Redis repository interfaces.
2020-02-26 16:27:36 -Bean 'org.springframework.transaction.annotation.ProxyTransactionManagementConfiguration' of type [org.springframework.transaction.annotation.ProxyTransactionManagementConfiguration] is not eligible for getting processed by all BeanPostProcessors (for example: not eligible for auto-proxying)
2020-02-26 16:27:37 -Tomcat initialized with port(s): 80 (http)
2020-02-26 16:27:37 -Initializing ProtocolHandler ["http-nio-80"]
2020-02-26 16:27:37 -Starting service [Tomcat]
2020-02-26 16:27:37 -Starting Servlet engine: [Apache Tomcat/9.0.30]
2020-02-26 16:27:37 -Initializing Spring embedded WebApplicationContext
2020-02-26 16:27:37 -Root WebApplicationContext: initialization completed in 1765 ms
2020-02-26 16:27:38 -Initializing ExecutorService 'applicationTaskExecutor'
2020-02-26 16:27:38 -Adding welcome page: class path resource [static/index.html]
2020-02-26 16:27:39 -LiveReload server is running on port 35729
2020-02-26 16:27:39 -Starting ProtocolHandler ["http-nio-80"]
2020-02-26 16:27:39 -Tomcat started on port(s): 80 (http) with context path ''
2020-02-26 16:27:39 -Started Eshop1Application in 3.95 seconds (JVM running for 4.397)
2020-02-26 16:27:52 -Shutting down ExecutorService 'applicationTaskExecutor'
2020-02-26 16:27:52 -Starting Eshop1Application on DESKTOP-43IB5P6 with PID 13636 (F:\JAVA_lianxi\eshop1\target\classes started by EDT灬谭泽豪 in F:\JAVA_lianxi\eshop1)
2020-02-26 16:27:52 -No active profile set, falling back to default profiles: default
2020-02-26 16:27:53 -Multiple Spring Data modules found, entering strict repository configuration mode!
2020-02-26 16:27:53 -Bootstrapping Spring Data Redis repositories in DEFAULT mode.
2020-02-26 16:27:53 -Finished Spring Data repository scanning in 18ms. Found 0 Redis repository interfaces.
2020-02-26 16:27:53 -Bean 'shiroConfig' of type [com.octopus.common.config.ShiroConfig$$EnhancerBySpringCGLIB$$9c266feb] is not eligible for getting processed by all BeanPostProcessors (for example: not eligible for auto-proxying)
2020-02-26 16:27:53 -Bean 'org.springframework.transaction.annotation.ProxyTransactionManagementConfiguration' of type [org.springframework.transaction.annotation.ProxyTransactionManagementConfiguration] is not eligible for getting processed by all BeanPostProcessors (for example: not eligible for auto-proxying)
2020-02-26 16:27:53 -Bean 'securityManager' of type [org.apache.shiro.web.mgt.DefaultWebSecurityManager] is not eligible for getting processed by all BeanPostProcessors (for example: not eligible for auto-proxying)
2020-02-26 16:27:53 -Tomcat initialized with port(s): 80 (http)
2020-02-26 16:27:53 -Initializing ProtocolHandler ["http-nio-80"]
2020-02-26 16:27:53 -Starting service [Tomcat]
2020-02-26 16:27:53 -Starting Servlet engine: [Apache Tomcat/9.0.30]
2020-02-26 16:27:53 -Initializing Spring embedded WebApplicationContext
2020-02-26 16:27:53 -Root WebApplicationContext: initialization completed in 853 ms
2020-02-26 16:27:53 -Error starting Tomcat context. Exception: org.springframework.beans.factory.BeanCreationException. Message: Error creating bean with name 'shiroFilter': FactoryBean threw exception on object creation; nested exception is java.lang.IllegalArgumentException: There is no filter with name 'anno' to apply to chain [/sys/toLogin] in the pool of available Filters.  Ensure a filter with that name/path has first been registered with the addFilter method(s).
2020-02-26 16:27:53 -Stopping service [Tomcat]
2020-02-26 16:27:53 -Exception encountered during context initialization - cancelling refresh attempt: org.springframework.context.ApplicationContextException: Unable to start web server; nested exception is org.springframework.boot.web.server.WebServerException: Unable to start embedded Tomcat
2020-02-26 16:27:53 -

Error starting ApplicationContext. To display the conditions report re-run your application with 'debug' enabled.
2020-02-26 16:27:53 -Application run failed
org.springframework.context.ApplicationContextException: Unable to start web server; nested exception is org.springframework.boot.web.server.WebServerException: Unable to start embedded Tomcat
	at org.springframework.boot.web.servlet.context.ServletWebServerApplicationContext.onRefresh(ServletWebServerApplicationContext.java:156)
	at org.springframework.context.support.AbstractApplicationContext.refresh(AbstractApplicationContext.java:544)
	at org.springframework.boot.web.servlet.context.ServletWebServerApplicationContext.refresh(ServletWebServerApplicationContext.java:141)
	at org.springframework.boot.SpringApplication.refresh(SpringApplication.java:747)
	at org.springframework.boot.SpringApplication.refreshContext(SpringApplication.java:397)
	at org.springframework.boot.SpringApplication.run(SpringApplication.java:315)
	at org.springframework.boot.SpringApplication.run(SpringApplication.java:1226)
	at org.springframework.boot.SpringApplication.run(SpringApplication.java:1215)
	at com.octopus.Eshop1Application.main(Eshop1Application.java:12)
	at sun.reflect.NativeMethodAccessorImpl.invoke0(Native Method)
	at sun.reflect.NativeMethodAccessorImpl.invoke(NativeMethodAccessorImpl.java:62)
	at sun.reflect.DelegatingMethodAccessorImpl.invoke(DelegatingMethodAccessorImpl.java:43)
	at java.lang.reflect.Method.invoke(Method.java:498)
	at org.springframework.boot.devtools.restart.RestartLauncher.run(RestartLauncher.java:49)
Caused by: org.springframework.boot.web.server.WebServerException: Unable to start embedded Tomcat
	at org.springframework.boot.web.embedded.tomcat.TomcatWebServer.initialize(TomcatWebServer.java:126)
	at org.springframework.boot.web.embedded.tomcat.TomcatWebServer.<init>(TomcatWebServer.java:88)
	at org.springframework.boot.web.embedded.tomcat.TomcatServletWebServerFactory.getTomcatWebServer(TomcatServletWebServerFactory.java:438)
	at org.springframework.boot.web.embedded.tomcat.TomcatServletWebServerFactory.getWebServer(TomcatServletWebServerFactory.java:191)
	at org.springframework.boot.web.servlet.context.ServletWebServerApplicationContext.createWebServer(ServletWebServerApplicationContext.java:180)
	at org.springframework.boot.web.servlet.context.ServletWebServerApplicationContext.onRefresh(ServletWebServerApplicationContext.java:153)
	... 13 common frames omitted
Caused by: org.springframework.beans.factory.BeanCreationException: Error creating bean with name 'shiroFilter': FactoryBean threw exception on object creation; nested exception is java.lang.IllegalArgumentException: There is no filter with name 'anno' to apply to chain [/sys/toLogin] in the pool of available Filters.  Ensure a filter with that name/path has first been registered with the addFilter method(s).
	at org.springframework.beans.factory.support.FactoryBeanRegistrySupport.doGetObjectFromFactoryBean(FactoryBeanRegistrySupport.java:178)
	at org.springframework.beans.factory.support.FactoryBeanRegistrySupport.getObjectFromFactoryBean(FactoryBeanRegistrySupport.java:101)
	at org.springframework.beans.factory.support.AbstractBeanFactory.getObjectForBeanInstance(AbstractBeanFactory.java:1817)
	at org.springframework.beans.factory.support.AbstractAutowireCapableBeanFactory.getObjectForBeanInstance(AbstractAutowireCapableBeanFactory.java:1266)
	at org.springframework.beans.factory.support.AbstractBeanFactory.doGetBean(AbstractBeanFactory.java:260)
	at org.springframework.beans.factory.support.AbstractBeanFactory.getBean(AbstractBeanFactory.java:207)
	at org.springframework.boot.web.servlet.ServletContextInitializerBeans.getOrderedBeansOfType(ServletContextInitializerBeans.java:211)
	at org.springframework.boot.web.servlet.ServletContextInitializerBeans.addAsRegistrationBean(ServletContextInitializerBeans.java:174)
	at org.springframework.boot.web.servlet.ServletContextInitializerBeans.addAsRegistrationBean(ServletContextInitializerBeans.java:169)
	at org.springframework.boot.web.servlet.ServletContextInitializerBeans.addAdaptableBeans(ServletContextInitializerBeans.java:154)
	at org.springframework.boot.web.servlet.ServletContextInitializerBeans.<init>(ServletContextInitializerBeans.java:86)
	at org.springframework.boot.web.servlet.context.ServletWebServerApplicationContext.getServletContextInitializerBeans(ServletWebServerApplicationContext.java:253)
	at org.springframework.boot.web.servlet.context.ServletWebServerApplicationContext.selfInitialize(ServletWebServerApplicationContext.java:227)
	at org.springframework.boot.web.embedded.tomcat.TomcatStarter.onStartup(TomcatStarter.java:53)
	at org.apache.catalina.core.StandardContext.startInternal(StandardContext.java:5135)
	at org.apache.catalina.util.LifecycleBase.start(LifecycleBase.java:183)
	at org.apache.catalina.core.ContainerBase$StartChild.call(ContainerBase.java:1384)
	at org.apache.catalina.core.ContainerBase$StartChild.call(ContainerBase.java:1374)
	at java.util.concurrent.FutureTask.run(FutureTask.java:266)
	at org.apache.tomcat.util.threads.InlineExecutorService.execute(InlineExecutorService.java:75)
	at java.util.concurrent.AbstractExecutorService.submit(AbstractExecutorService.java:134)
	at org.apache.catalina.core.ContainerBase.startInternal(ContainerBase.java:909)
	at org.apache.catalina.core.StandardHost.startInternal(StandardHost.java:841)
	at org.apache.catalina.util.LifecycleBase.start(LifecycleBase.java:183)
	at org.apache.catalina.core.ContainerBase$StartChild.call(ContainerBase.java:1384)
	at org.apache.catalina.core.ContainerBase$StartChild.call(ContainerBase.java:1374)
	at java.util.concurrent.FutureTask.run(FutureTask.java:266)
	at org.apache.tomcat.util.threads.InlineExecutorService.execute(InlineExecutorService.java:75)
	at java.util.concurrent.AbstractExecutorService.submit(AbstractExecutorService.java:134)
	at org.apache.catalina.core.ContainerBase.startInternal(ContainerBase.java:909)
	at org.apache.catalina.core.StandardEngine.startInternal(StandardEngine.java:262)
	at org.apache.catalina.util.LifecycleBase.start(LifecycleBase.java:183)
	at org.apache.catalina.core.StandardService.startInternal(StandardService.java:421)
	at org.apache.catalina.util.LifecycleBase.start(LifecycleBase.java:183)
	at org.apache.catalina.core.StandardServer.startInternal(StandardServer.java:930)
	at org.apache.catalina.util.LifecycleBase.start(LifecycleBase.java:183)
	at org.apache.catalina.startup.Tomcat.start(Tomcat.java:459)
	at org.springframework.boot.web.embedded.tomcat.TomcatWebServer.initialize(TomcatWebServer.java:107)
	... 18 common frames omitted
Caused by: java.lang.IllegalArgumentException: There is no filter with name 'anno' to apply to chain [/sys/toLogin] in the pool of available Filters.  Ensure a filter with that name/path has first been registered with the addFilter method(s).
	at org.apache.shiro.web.filter.mgt.DefaultFilterChainManager.addToChain(DefaultFilterChainManager.java:265)
	at org.apache.shiro.web.filter.mgt.DefaultFilterChainManager.createChain(DefaultFilterChainManager.java:148)
	at org.apache.shiro.spring.web.ShiroFilterFactoryBean.createFilterChainManager(ShiroFilterFactoryBean.java:397)
	at org.apache.shiro.spring.web.ShiroFilterFactoryBean.createInstance(ShiroFilterFactoryBean.java:437)
	at org.apache.shiro.spring.web.ShiroFilterFactoryBean.getObject(ShiroFilterFactoryBean.java:343)
	at org.springframework.beans.factory.support.FactoryBeanRegistrySupport.doGetObjectFromFactoryBean(FactoryBeanRegistrySupport.java:171)
	... 55 common frames omitted
2020-02-26 16:27:57 -Starting Eshop1Application on DESKTOP-43IB5P6 with PID 15480 (F:\JAVA_lianxi\eshop1\target\classes started by EDT灬谭泽豪 in F:\JAVA_lianxi\eshop1)
2020-02-26 16:27:57 -No active profile set, falling back to default profiles: default
2020-02-26 16:27:57 -Devtools property defaults active! Set 'spring.devtools.add-properties' to 'false' to disable
2020-02-26 16:27:57 -For additional web related logging consider setting the 'logging.level.web' property to 'DEBUG'
2020-02-26 16:27:58 -Multiple Spring Data modules found, entering strict repository configuration mode!
2020-02-26 16:27:58 -Bootstrapping Spring Data Redis repositories in DEFAULT mode.
2020-02-26 16:27:58 -Finished Spring Data repository scanning in 35ms. Found 0 Redis repository interfaces.
2020-02-26 16:27:58 -Bean 'shiroConfig' of type [com.octopus.common.config.ShiroConfig$$EnhancerBySpringCGLIB$$2181acfc] is not eligible for getting processed by all BeanPostProcessors (for example: not eligible for auto-proxying)
2020-02-26 16:27:58 -Bean 'org.springframework.transaction.annotation.ProxyTransactionManagementConfiguration' of type [org.springframework.transaction.annotation.ProxyTransactionManagementConfiguration] is not eligible for getting processed by all BeanPostProcessors (for example: not eligible for auto-proxying)
2020-02-26 16:27:59 -Bean 'securityManager' of type [org.apache.shiro.web.mgt.DefaultWebSecurityManager] is not eligible for getting processed by all BeanPostProcessors (for example: not eligible for auto-proxying)
2020-02-26 16:27:59 -Tomcat initialized with port(s): 80 (http)
2020-02-26 16:27:59 -Initializing ProtocolHandler ["http-nio-80"]
2020-02-26 16:27:59 -Starting service [Tomcat]
2020-02-26 16:27:59 -Starting Servlet engine: [Apache Tomcat/9.0.30]
2020-02-26 16:28:00 -Initializing Spring embedded WebApplicationContext
2020-02-26 16:28:00 -Root WebApplicationContext: initialization completed in 2154 ms
2020-02-26 16:28:00 -Error starting Tomcat context. Exception: org.springframework.beans.factory.BeanCreationException. Message: Error creating bean with name 'shiroFilter': FactoryBean threw exception on object creation; nested exception is java.lang.IllegalArgumentException: There is no filter with name 'anno' to apply to chain [/sys/toLogin] in the pool of available Filters.  Ensure a filter with that name/path has first been registered with the addFilter method(s).
2020-02-26 16:28:00 -Stopping service [Tomcat]
2020-02-26 16:28:00 -Exception encountered during context initialization - cancelling refresh attempt: org.springframework.context.ApplicationContextException: Unable to start web server; nested exception is org.springframework.boot.web.server.WebServerException: Unable to start embedded Tomcat
2020-02-26 16:28:00 -

Error starting ApplicationContext. To display the conditions report re-run your application with 'debug' enabled.
2020-02-26 16:28:00 -Application run failed
org.springframework.context.ApplicationContextException: Unable to start web server; nested exception is org.springframework.boot.web.server.WebServerException: Unable to start embedded Tomcat
	at org.springframework.boot.web.servlet.context.ServletWebServerApplicationContext.onRefresh(ServletWebServerApplicationContext.java:156)
	at org.springframework.context.support.AbstractApplicationContext.refresh(AbstractApplicationContext.java:544)
	at org.springframework.boot.web.servlet.context.ServletWebServerApplicationContext.refresh(ServletWebServerApplicationContext.java:141)
	at org.springframework.boot.SpringApplication.refresh(SpringApplication.java:747)
	at org.springframework.boot.SpringApplication.refreshContext(SpringApplication.java:397)
	at org.springframework.boot.SpringApplication.run(SpringApplication.java:315)
	at org.springframework.boot.SpringApplication.run(SpringApplication.java:1226)
	at org.springframework.boot.SpringApplication.run(SpringApplication.java:1215)
	at com.octopus.Eshop1Application.main(Eshop1Application.java:12)
	at sun.reflect.NativeMethodAccessorImpl.invoke0(Native Method)
	at sun.reflect.NativeMethodAccessorImpl.invoke(NativeMethodAccessorImpl.java:62)
	at sun.reflect.DelegatingMethodAccessorImpl.invoke(DelegatingMethodAccessorImpl.java:43)
	at java.lang.reflect.Method.invoke(Method.java:498)
	at org.springframework.boot.devtools.restart.RestartLauncher.run(RestartLauncher.java:49)
Caused by: org.springframework.boot.web.server.WebServerException: Unable to start embedded Tomcat
	at org.springframework.boot.web.embedded.tomcat.TomcatWebServer.initialize(TomcatWebServer.java:126)
	at org.springframework.boot.web.embedded.tomcat.TomcatWebServer.<init>(TomcatWebServer.java:88)
	at org.springframework.boot.web.embedded.tomcat.TomcatServletWebServerFactory.getTomcatWebServer(TomcatServletWebServerFactory.java:438)
	at org.springframework.boot.web.embedded.tomcat.TomcatServletWebServerFactory.getWebServer(TomcatServletWebServerFactory.java:191)
	at org.springframework.boot.web.servlet.context.ServletWebServerApplicationContext.createWebServer(ServletWebServerApplicationContext.java:180)
	at org.springframework.boot.web.servlet.context.ServletWebServerApplicationContext.onRefresh(ServletWebServerApplicationContext.java:153)
	... 13 common frames omitted
Caused by: org.springframework.beans.factory.BeanCreationException: Error creating bean with name 'shiroFilter': FactoryBean threw exception on object creation; nested exception is java.lang.IllegalArgumentException: There is no filter with name 'anno' to apply to chain [/sys/toLogin] in the pool of available Filters.  Ensure a filter with that name/path has first been registered with the addFilter method(s).
	at org.springframework.beans.factory.support.FactoryBeanRegistrySupport.doGetObjectFromFactoryBean(FactoryBeanRegistrySupport.java:178)
	at org.springframework.beans.factory.support.FactoryBeanRegistrySupport.getObjectFromFactoryBean(FactoryBeanRegistrySupport.java:101)
	at org.springframework.beans.factory.support.AbstractBeanFactory.getObjectForBeanInstance(AbstractBeanFactory.java:1817)
	at org.springframework.beans.factory.support.AbstractAutowireCapableBeanFactory.getObjectForBeanInstance(AbstractAutowireCapableBeanFactory.java:1266)
	at org.springframework.beans.factory.support.AbstractBeanFactory.doGetBean(AbstractBeanFactory.java:260)
	at org.springframework.beans.factory.support.AbstractBeanFactory.getBean(AbstractBeanFactory.java:207)
	at org.springframework.boot.web.servlet.ServletContextInitializerBeans.getOrderedBeansOfType(ServletContextInitializerBeans.java:211)
	at org.springframework.boot.web.servlet.ServletContextInitializerBeans.addAsRegistrationBean(ServletContextInitializerBeans.java:174)
	at org.springframework.boot.web.servlet.ServletContextInitializerBeans.addAsRegistrationBean(ServletContextInitializerBeans.java:169)
	at org.springframework.boot.web.servlet.ServletContextInitializerBeans.addAdaptableBeans(ServletContextInitializerBeans.java:154)
	at org.springframework.boot.web.servlet.ServletContextInitializerBeans.<init>(ServletContextInitializerBeans.java:86)
	at org.springframework.boot.web.servlet.context.ServletWebServerApplicationContext.getServletContextInitializerBeans(ServletWebServerApplicationContext.java:253)
	at org.springframework.boot.web.servlet.context.ServletWebServerApplicationContext.selfInitialize(ServletWebServerApplicationContext.java:227)
	at org.springframework.boot.web.embedded.tomcat.TomcatStarter.onStartup(TomcatStarter.java:53)
	at org.apache.catalina.core.StandardContext.startInternal(StandardContext.java:5135)
	at org.apache.catalina.util.LifecycleBase.start(LifecycleBase.java:183)
	at org.apache.catalina.core.ContainerBase$StartChild.call(ContainerBase.java:1384)
	at org.apache.catalina.core.ContainerBase$StartChild.call(ContainerBase.java:1374)
	at java.util.concurrent.FutureTask.run(FutureTask.java:266)
	at org.apache.tomcat.util.threads.InlineExecutorService.execute(InlineExecutorService.java:75)
	at java.util.concurrent.AbstractExecutorService.submit(AbstractExecutorService.java:134)
	at org.apache.catalina.core.ContainerBase.startInternal(ContainerBase.java:909)
	at org.apache.catalina.core.StandardHost.startInternal(StandardHost.java:841)
	at org.apache.catalina.util.LifecycleBase.start(LifecycleBase.java:183)
	at org.apache.catalina.core.ContainerBase$StartChild.call(ContainerBase.java:1384)
	at org.apache.catalina.core.ContainerBase$StartChild.call(ContainerBase.java:1374)
	at java.util.concurrent.FutureTask.run(FutureTask.java:266)
	at org.apache.tomcat.util.threads.InlineExecutorService.execute(InlineExecutorService.java:75)
	at java.util.concurrent.AbstractExecutorService.submit(AbstractExecutorService.java:134)
	at org.apache.catalina.core.ContainerBase.startInternal(ContainerBase.java:909)
	at org.apache.catalina.core.StandardEngine.startInternal(StandardEngine.java:262)
	at org.apache.catalina.util.LifecycleBase.start(LifecycleBase.java:183)
	at org.apache.catalina.core.StandardService.startInternal(StandardService.java:421)
	at org.apache.catalina.util.LifecycleBase.start(LifecycleBase.java:183)
	at org.apache.catalina.core.StandardServer.startInternal(StandardServer.java:930)
	at org.apache.catalina.util.LifecycleBase.start(LifecycleBase.java:183)
	at org.apache.catalina.startup.Tomcat.start(Tomcat.java:459)
	at org.springframework.boot.web.embedded.tomcat.TomcatWebServer.initialize(TomcatWebServer.java:107)
	... 18 common frames omitted
Caused by: java.lang.IllegalArgumentException: There is no filter with name 'anno' to apply to chain [/sys/toLogin] in the pool of available Filters.  Ensure a filter with that name/path has first been registered with the addFilter method(s).
	at org.apache.shiro.web.filter.mgt.DefaultFilterChainManager.addToChain(DefaultFilterChainManager.java:265)
	at org.apache.shiro.web.filter.mgt.DefaultFilterChainManager.createChain(DefaultFilterChainManager.java:148)
	at org.apache.shiro.spring.web.ShiroFilterFactoryBean.createFilterChainManager(ShiroFilterFactoryBean.java:397)
	at org.apache.shiro.spring.web.ShiroFilterFactoryBean.createInstance(ShiroFilterFactoryBean.java:437)
	at org.apache.shiro.spring.web.ShiroFilterFactoryBean.getObject(ShiroFilterFactoryBean.java:343)
	at org.springframework.beans.factory.support.FactoryBeanRegistrySupport.doGetObjectFromFactoryBean(FactoryBeanRegistrySupport.java:171)
	... 55 common frames omitted
2020-02-26 16:33:35 -Starting Eshop1Application on DESKTOP-43IB5P6 with PID 13636 (F:\JAVA_lianxi\eshop1\target\classes started by EDT灬谭泽豪 in F:\JAVA_lianxi\eshop1)
2020-02-26 16:33:35 -No active profile set, falling back to default profiles: default
2020-02-26 16:33:35 -Multiple Spring Data modules found, entering strict repository configuration mode!
2020-02-26 16:33:35 -Bootstrapping Spring Data Redis repositories in DEFAULT mode.
2020-02-26 16:33:35 -Finished Spring Data repository scanning in 18ms. Found 0 Redis repository interfaces.
2020-02-26 16:33:35 -Bean 'shiroConfig' of type [com.octopus.common.config.ShiroConfig$$EnhancerBySpringCGLIB$$9c266feb] is not eligible for getting processed by all BeanPostProcessors (for example: not eligible for auto-proxying)
2020-02-26 16:33:35 -Bean 'org.springframework.transaction.annotation.ProxyTransactionManagementConfiguration' of type [org.springframework.transaction.annotation.ProxyTransactionManagementConfiguration] is not eligible for getting processed by all BeanPostProcessors (for example: not eligible for auto-proxying)
2020-02-26 16:33:35 -Bean 'securityManager' of type [org.apache.shiro.web.mgt.DefaultWebSecurityManager] is not eligible for getting processed by all BeanPostProcessors (for example: not eligible for auto-proxying)
2020-02-26 16:33:36 -Tomcat initialized with port(s): 80 (http)
2020-02-26 16:33:36 -Initializing ProtocolHandler ["http-nio-80"]
2020-02-26 16:33:36 -Starting service [Tomcat]
2020-02-26 16:33:36 -Starting Servlet engine: [Apache Tomcat/9.0.30]
2020-02-26 16:33:36 -Initializing Spring embedded WebApplicationContext
2020-02-26 16:33:36 -Root WebApplicationContext: initialization completed in 482 ms
2020-02-26 16:33:36 -Error starting Tomcat context. Exception: org.springframework.beans.factory.BeanCreationException. Message: Error creating bean with name 'shiroFilter': FactoryBean threw exception on object creation; nested exception is java.lang.IllegalArgumentException: There is no filter with name 'anno' to apply to chain [/**] in the pool of available Filters.  Ensure a filter with that name/path has first been registered with the addFilter method(s).
2020-02-26 16:33:36 -Stopping service [Tomcat]
2020-02-26 16:33:36 -Exception encountered during context initialization - cancelling refresh attempt: org.springframework.context.ApplicationContextException: Unable to start web server; nested exception is org.springframework.boot.web.server.WebServerException: Unable to start embedded Tomcat
2020-02-26 16:33:36 -

Error starting ApplicationContext. To display the conditions report re-run your application with 'debug' enabled.
2020-02-26 16:33:36 -Application run failed
org.springframework.context.ApplicationContextException: Unable to start web server; nested exception is org.springframework.boot.web.server.WebServerException: Unable to start embedded Tomcat
	at org.springframework.boot.web.servlet.context.ServletWebServerApplicationContext.onRefresh(ServletWebServerApplicationContext.java:156)
	at org.springframework.context.support.AbstractApplicationContext.refresh(AbstractApplicationContext.java:544)
	at org.springframework.boot.web.servlet.context.ServletWebServerApplicationContext.refresh(ServletWebServerApplicationContext.java:141)
	at org.springframework.boot.SpringApplication.refresh(SpringApplication.java:747)
	at org.springframework.boot.SpringApplication.refreshContext(SpringApplication.java:397)
	at org.springframework.boot.SpringApplication.run(SpringApplication.java:315)
	at org.springframework.boot.SpringApplication.run(SpringApplication.java:1226)
	at org.springframework.boot.SpringApplication.run(SpringApplication.java:1215)
	at com.octopus.Eshop1Application.main(Eshop1Application.java:12)
	at sun.reflect.NativeMethodAccessorImpl.invoke0(Native Method)
	at sun.reflect.NativeMethodAccessorImpl.invoke(NativeMethodAccessorImpl.java:62)
	at sun.reflect.DelegatingMethodAccessorImpl.invoke(DelegatingMethodAccessorImpl.java:43)
	at java.lang.reflect.Method.invoke(Method.java:498)
	at org.springframework.boot.devtools.restart.RestartLauncher.run(RestartLauncher.java:49)
Caused by: org.springframework.boot.web.server.WebServerException: Unable to start embedded Tomcat
	at org.springframework.boot.web.embedded.tomcat.TomcatWebServer.initialize(TomcatWebServer.java:126)
	at org.springframework.boot.web.embedded.tomcat.TomcatWebServer.<init>(TomcatWebServer.java:88)
	at org.springframework.boot.web.embedded.tomcat.TomcatServletWebServerFactory.getTomcatWebServer(TomcatServletWebServerFactory.java:438)
	at org.springframework.boot.web.embedded.tomcat.TomcatServletWebServerFactory.getWebServer(TomcatServletWebServerFactory.java:191)
	at org.springframework.boot.web.servlet.context.ServletWebServerApplicationContext.createWebServer(ServletWebServerApplicationContext.java:180)
	at org.springframework.boot.web.servlet.context.ServletWebServerApplicationContext.onRefresh(ServletWebServerApplicationContext.java:153)
	... 13 common frames omitted
Caused by: org.springframework.beans.factory.BeanCreationException: Error creating bean with name 'shiroFilter': FactoryBean threw exception on object creation; nested exception is java.lang.IllegalArgumentException: There is no filter with name 'anno' to apply to chain [/**] in the pool of available Filters.  Ensure a filter with that name/path has first been registered with the addFilter method(s).
	at org.springframework.beans.factory.support.FactoryBeanRegistrySupport.doGetObjectFromFactoryBean(FactoryBeanRegistrySupport.java:178)
	at org.springframework.beans.factory.support.FactoryBeanRegistrySupport.getObjectFromFactoryBean(FactoryBeanRegistrySupport.java:101)
	at org.springframework.beans.factory.support.AbstractBeanFactory.getObjectForBeanInstance(AbstractBeanFactory.java:1817)
	at org.springframework.beans.factory.support.AbstractAutowireCapableBeanFactory.getObjectForBeanInstance(AbstractAutowireCapableBeanFactory.java:1266)
	at org.springframework.beans.factory.support.AbstractBeanFactory.doGetBean(AbstractBeanFactory.java:260)
	at org.springframework.beans.factory.support.AbstractBeanFactory.getBean(AbstractBeanFactory.java:207)
	at org.springframework.boot.web.servlet.ServletContextInitializerBeans.getOrderedBeansOfType(ServletContextInitializerBeans.java:211)
	at org.springframework.boot.web.servlet.ServletContextInitializerBeans.addAsRegistrationBean(ServletContextInitializerBeans.java:174)
	at org.springframework.boot.web.servlet.ServletContextInitializerBeans.addAsRegistrationBean(ServletContextInitializerBeans.java:169)
	at org.springframework.boot.web.servlet.ServletContextInitializerBeans.addAdaptableBeans(ServletContextInitializerBeans.java:154)
	at org.springframework.boot.web.servlet.ServletContextInitializerBeans.<init>(ServletContextInitializerBeans.java:86)
	at org.springframework.boot.web.servlet.context.ServletWebServerApplicationContext.getServletContextInitializerBeans(ServletWebServerApplicationContext.java:253)
	at org.springframework.boot.web.servlet.context.ServletWebServerApplicationContext.selfInitialize(ServletWebServerApplicationContext.java:227)
	at org.springframework.boot.web.embedded.tomcat.TomcatStarter.onStartup(TomcatStarter.java:53)
	at org.apache.catalina.core.StandardContext.startInternal(StandardContext.java:5135)
	at org.apache.catalina.util.LifecycleBase.start(LifecycleBase.java:183)
	at org.apache.catalina.core.ContainerBase$StartChild.call(ContainerBase.java:1384)
	at org.apache.catalina.core.ContainerBase$StartChild.call(ContainerBase.java:1374)
	at java.util.concurrent.FutureTask.run(FutureTask.java:266)
	at org.apache.tomcat.util.threads.InlineExecutorService.execute(InlineExecutorService.java:75)
	at java.util.concurrent.AbstractExecutorService.submit(AbstractExecutorService.java:134)
	at org.apache.catalina.core.ContainerBase.startInternal(ContainerBase.java:909)
	at org.apache.catalina.core.StandardHost.startInternal(StandardHost.java:841)
	at org.apache.catalina.util.LifecycleBase.start(LifecycleBase.java:183)
	at org.apache.catalina.core.ContainerBase$StartChild.call(ContainerBase.java:1384)
	at org.apache.catalina.core.ContainerBase$StartChild.call(ContainerBase.java:1374)
	at java.util.concurrent.FutureTask.run(FutureTask.java:266)
	at org.apache.tomcat.util.threads.InlineExecutorService.execute(InlineExecutorService.java:75)
	at java.util.concurrent.AbstractExecutorService.submit(AbstractExecutorService.java:134)
	at org.apache.catalina.core.ContainerBase.startInternal(ContainerBase.java:909)
	at org.apache.catalina.core.StandardEngine.startInternal(StandardEngine.java:262)
	at org.apache.catalina.util.LifecycleBase.start(LifecycleBase.java:183)
	at org.apache.catalina.core.StandardService.startInternal(StandardService.java:421)
	at org.apache.catalina.util.LifecycleBase.start(LifecycleBase.java:183)
	at org.apache.catalina.core.StandardServer.startInternal(StandardServer.java:930)
	at org.apache.catalina.util.LifecycleBase.start(LifecycleBase.java:183)
	at org.apache.catalina.startup.Tomcat.start(Tomcat.java:459)
	at org.springframework.boot.web.embedded.tomcat.TomcatWebServer.initialize(TomcatWebServer.java:107)
	... 18 common frames omitted
Caused by: java.lang.IllegalArgumentException: There is no filter with name 'anno' to apply to chain [/**] in the pool of available Filters.  Ensure a filter with that name/path has first been registered with the addFilter method(s).
	at org.apache.shiro.web.filter.mgt.DefaultFilterChainManager.addToChain(DefaultFilterChainManager.java:265)
	at org.apache.shiro.web.filter.mgt.DefaultFilterChainManager.createChain(DefaultFilterChainManager.java:148)
	at org.apache.shiro.spring.web.ShiroFilterFactoryBean.createFilterChainManager(ShiroFilterFactoryBean.java:397)
	at org.apache.shiro.spring.web.ShiroFilterFactoryBean.createInstance(ShiroFilterFactoryBean.java:437)
	at org.apache.shiro.spring.web.ShiroFilterFactoryBean.getObject(ShiroFilterFactoryBean.java:343)
	at org.springframework.beans.factory.support.FactoryBeanRegistrySupport.doGetObjectFromFactoryBean(FactoryBeanRegistrySupport.java:171)
	... 55 common frames omitted
2020-02-26 16:34:02 -Starting Eshop1Application on DESKTOP-43IB5P6 with PID 13636 (F:\JAVA_lianxi\eshop1\target\classes started by EDT灬谭泽豪 in F:\JAVA_lianxi\eshop1)
2020-02-26 16:34:02 -No active profile set, falling back to default profiles: default
2020-02-26 16:34:02 -Multiple Spring Data modules found, entering strict repository configuration mode!
2020-02-26 16:34:02 -Bootstrapping Spring Data Redis repositories in DEFAULT mode.
2020-02-26 16:34:02 -Finished Spring Data repository scanning in 18ms. Found 0 Redis repository interfaces.
2020-02-26 16:34:02 -Bean 'shiroConfig' of type [com.octopus.common.config.ShiroConfig$$EnhancerBySpringCGLIB$$9c266feb] is not eligible for getting processed by all BeanPostProcessors (for example: not eligible for auto-proxying)
2020-02-26 16:34:02 -Bean 'org.springframework.transaction.annotation.ProxyTransactionManagementConfiguration' of type [org.springframework.transaction.annotation.ProxyTransactionManagementConfiguration] is not eligible for getting processed by all BeanPostProcessors (for example: not eligible for auto-proxying)
2020-02-26 16:34:02 -Bean 'securityManager' of type [org.apache.shiro.web.mgt.DefaultWebSecurityManager] is not eligible for getting processed by all BeanPostProcessors (for example: not eligible for auto-proxying)
2020-02-26 16:34:02 -Tomcat initialized with port(s): 80 (http)
2020-02-26 16:34:02 -Initializing ProtocolHandler ["http-nio-80"]
2020-02-26 16:34:02 -Starting service [Tomcat]
2020-02-26 16:34:02 -Starting Servlet engine: [Apache Tomcat/9.0.30]
2020-02-26 16:34:02 -Initializing Spring embedded WebApplicationContext
2020-02-26 16:34:02 -Root WebApplicationContext: initialization completed in 520 ms
2020-02-26 16:34:03 -Initializing ExecutorService 'applicationTaskExecutor'
2020-02-26 16:34:03 -Adding welcome page: class path resource [static/index.html]
2020-02-26 16:34:03 -LiveReload server is running on port 35729
2020-02-26 16:34:03 -Starting ProtocolHandler ["http-nio-80"]
2020-02-26 16:34:03 -Tomcat started on port(s): 80 (http) with context path ''
2020-02-26 16:34:03 -Started Eshop1Application in 1.287 seconds (JVM running for 388.793)
2020-02-26 16:34:03 -Condition evaluation unchanged
2020-02-26 16:34:04 -Starting Eshop1Application on DESKTOP-43IB5P6 with PID 10028 (F:\JAVA_lianxi\eshop1\target\classes started by EDT灬谭泽豪 in F:\JAVA_lianxi\eshop1)
2020-02-26 16:34:04 -No active profile set, falling back to default profiles: default
2020-02-26 16:34:04 -Devtools property defaults active! Set 'spring.devtools.add-properties' to 'false' to disable
2020-02-26 16:34:04 -For additional web related logging consider setting the 'logging.level.web' property to 'DEBUG'
2020-02-26 16:34:04 -Multiple Spring Data modules found, entering strict repository configuration mode!
2020-02-26 16:34:04 -Bootstrapping Spring Data Redis repositories in DEFAULT mode.
2020-02-26 16:34:04 -Finished Spring Data repository scanning in 33ms. Found 0 Redis repository interfaces.
2020-02-26 16:34:05 -Bean 'shiroConfig' of type [com.octopus.common.config.ShiroConfig$$EnhancerBySpringCGLIB$$97b7c49b] is not eligible for getting processed by all BeanPostProcessors (for example: not eligible for auto-proxying)
2020-02-26 16:34:05 -Bean 'org.springframework.transaction.annotation.ProxyTransactionManagementConfiguration' of type [org.springframework.transaction.annotation.ProxyTransactionManagementConfiguration] is not eligible for getting processed by all BeanPostProcessors (for example: not eligible for auto-proxying)
2020-02-26 16:34:05 -Bean 'securityManager' of type [org.apache.shiro.web.mgt.DefaultWebSecurityManager] is not eligible for getting processed by all BeanPostProcessors (for example: not eligible for auto-proxying)
2020-02-26 16:34:06 -Tomcat initialized with port(s): 80 (http)
2020-02-26 16:34:06 -Initializing ProtocolHandler ["http-nio-80"]
2020-02-26 16:34:06 -Starting service [Tomcat]
2020-02-26 16:34:06 -Starting Servlet engine: [Apache Tomcat/9.0.30]
2020-02-26 16:34:06 -Initializing Spring embedded WebApplicationContext
2020-02-26 16:34:06 -Root WebApplicationContext: initialization completed in 2137 ms
2020-02-26 16:34:07 -Initializing ExecutorService 'applicationTaskExecutor'
2020-02-26 16:34:07 -Adding welcome page: class path resource [static/index.html]
2020-02-26 16:34:07 -Unable to start LiveReload server
2020-02-26 16:34:07 -Starting ProtocolHandler ["http-nio-80"]
2020-02-26 16:34:07 -Pausing ProtocolHandler ["http-nio-80"]
2020-02-26 16:34:07 -Stopping service [Tomcat]
2020-02-26 16:34:07 -Stopping ProtocolHandler ["http-nio-80"]
2020-02-26 16:34:07 -Destroying ProtocolHandler ["http-nio-80"]
2020-02-26 16:34:07 -

Error starting ApplicationContext. To display the conditions report re-run your application with 'debug' enabled.
2020-02-26 16:34:07 -

***************************
APPLICATION FAILED TO START
***************************

Description:

Web server failed to start. Port 80 was already in use.

Action:

Identify and stop the process that's listening on port 80 or configure this application to listen on another port.

2020-02-26 16:34:07 -Shutting down ExecutorService 'applicationTaskExecutor'
2020-02-26 16:34:38 -Starting Eshop1Application on DESKTOP-43IB5P6 with PID 4100 (F:\JAVA_lianxi\eshop1\target\classes started by EDT灬谭泽豪 in F:\JAVA_lianxi\eshop1)
2020-02-26 16:34:38 -No active profile set, falling back to default profiles: default
2020-02-26 16:34:38 -Devtools property defaults active! Set 'spring.devtools.add-properties' to 'false' to disable
2020-02-26 16:34:38 -For additional web related logging consider setting the 'logging.level.web' property to 'DEBUG'
2020-02-26 16:34:39 -Multiple Spring Data modules found, entering strict repository configuration mode!
2020-02-26 16:34:39 -Bootstrapping Spring Data Redis repositories in DEFAULT mode.
2020-02-26 16:34:39 -Finished Spring Data repository scanning in 36ms. Found 0 Redis repository interfaces.
2020-02-26 16:34:39 -Bean 'shiroConfig' of type [com.octopus.common.config.ShiroConfig$$EnhancerBySpringCGLIB$$8fd25af7] is not eligible for getting processed by all BeanPostProcessors (for example: not eligible for auto-proxying)
2020-02-26 16:34:39 -Bean 'org.springframework.transaction.annotation.ProxyTransactionManagementConfiguration' of type [org.springframework.transaction.annotation.ProxyTransactionManagementConfiguration] is not eligible for getting processed by all BeanPostProcessors (for example: not eligible for auto-proxying)
2020-02-26 16:34:40 -Bean 'securityManager' of type [org.apache.shiro.web.mgt.DefaultWebSecurityManager] is not eligible for getting processed by all BeanPostProcessors (for example: not eligible for auto-proxying)
2020-02-26 16:34:40 -Tomcat initialized with port(s): 80 (http)
2020-02-26 16:34:40 -Initializing ProtocolHandler ["http-nio-80"]
2020-02-26 16:34:40 -Starting service [Tomcat]
2020-02-26 16:34:40 -Starting Servlet engine: [Apache Tomcat/9.0.30]
2020-02-26 16:34:40 -Initializing Spring embedded WebApplicationContext
2020-02-26 16:34:40 -Root WebApplicationContext: initialization completed in 2116 ms
2020-02-26 16:34:41 -Initializing ExecutorService 'applicationTaskExecutor'
2020-02-26 16:34:41 -Adding welcome page: class path resource [static/index.html]
2020-02-26 16:34:42 -Unable to start LiveReload server
2020-02-26 16:34:42 -Starting ProtocolHandler ["http-nio-80"]
2020-02-26 16:34:42 -Pausing ProtocolHandler ["http-nio-80"]
2020-02-26 16:34:42 -Stopping service [Tomcat]
2020-02-26 16:34:42 -Stopping ProtocolHandler ["http-nio-80"]
2020-02-26 16:34:42 -Destroying ProtocolHandler ["http-nio-80"]
2020-02-26 16:34:42 -

Error starting ApplicationContext. To display the conditions report re-run your application with 'debug' enabled.
2020-02-26 16:34:42 -

***************************
APPLICATION FAILED TO START
***************************

Description:

Web server failed to start. Port 80 was already in use.

Action:

Identify and stop the process that's listening on port 80 or configure this application to listen on another port.

2020-02-26 16:34:42 -Shutting down ExecutorService 'applicationTaskExecutor'
2020-02-26 16:34:49 -Starting Eshop1Application on DESKTOP-43IB5P6 with PID 14888 (F:\JAVA_lianxi\eshop1\target\classes started by EDT灬谭泽豪 in F:\JAVA_lianxi\eshop1)
2020-02-26 16:34:49 -No active profile set, falling back to default profiles: default
2020-02-26 16:34:49 -Devtools property defaults active! Set 'spring.devtools.add-properties' to 'false' to disable
2020-02-26 16:34:49 -For additional web related logging consider setting the 'logging.level.web' property to 'DEBUG'
2020-02-26 16:34:50 -Multiple Spring Data modules found, entering strict repository configuration mode!
2020-02-26 16:34:50 -Bootstrapping Spring Data Redis repositories in DEFAULT mode.
2020-02-26 16:34:50 -Finished Spring Data repository scanning in 47ms. Found 0 Redis repository interfaces.
2020-02-26 16:34:50 -Bean 'shiroConfig' of type [com.octopus.common.config.ShiroConfig$$EnhancerBySpringCGLIB$$5a32fe61] is not eligible for getting processed by all BeanPostProcessors (for example: not eligible for auto-proxying)
2020-02-26 16:34:50 -Bean 'org.springframework.transaction.annotation.ProxyTransactionManagementConfiguration' of type [org.springframework.transaction.annotation.ProxyTransactionManagementConfiguration] is not eligible for getting processed by all BeanPostProcessors (for example: not eligible for auto-proxying)
2020-02-26 16:34:51 -Bean 'securityManager' of type [org.apache.shiro.web.mgt.DefaultWebSecurityManager] is not eligible for getting processed by all BeanPostProcessors (for example: not eligible for auto-proxying)
2020-02-26 16:34:52 -Tomcat initialized with port(s): 80 (http)
2020-02-26 16:34:52 -Initializing ProtocolHandler ["http-nio-80"]
2020-02-26 16:34:52 -Starting service [Tomcat]
2020-02-26 16:34:52 -Starting Servlet engine: [Apache Tomcat/9.0.30]
2020-02-26 16:34:52 -Initializing Spring embedded WebApplicationContext
2020-02-26 16:34:52 -Root WebApplicationContext: initialization completed in 2631 ms
2020-02-26 16:34:53 -Initializing ExecutorService 'applicationTaskExecutor'
2020-02-26 16:34:53 -Adding welcome page: class path resource [static/index.html]
2020-02-26 16:34:54 -LiveReload server is running on port 35729
2020-02-26 16:34:54 -Starting ProtocolHandler ["http-nio-80"]
2020-02-26 16:34:54 -Tomcat started on port(s): 80 (http) with context path ''
2020-02-26 16:34:54 -Started Eshop1Application in 5.05 seconds (JVM running for 5.581)
2020-02-26 20:47:58 -Starting Eshop1Application on DESKTOP-43IB5P6 with PID 7484 (F:\JAVA_lianxi\eshop1\target\classes started by EDT灬谭泽豪 in F:\JAVA_lianxi\eshop1)
2020-02-26 20:47:58 -No active profile set, falling back to default profiles: default
2020-02-26 20:47:58 -Devtools property defaults active! Set 'spring.devtools.add-properties' to 'false' to disable
2020-02-26 20:47:58 -For additional web related logging consider setting the 'logging.level.web' property to 'DEBUG'
2020-02-26 20:47:59 -Multiple Spring Data modules found, entering strict repository configuration mode!
2020-02-26 20:47:59 -Bootstrapping Spring Data Redis repositories in DEFAULT mode.
2020-02-26 20:47:59 -Finished Spring Data repository scanning in 33ms. Found 0 Redis repository interfaces.
2020-02-26 20:47:59 -Bean 'shiroConfig' of type [com.octopus.common.config.ShiroConfig$$EnhancerBySpringCGLIB$$5f500408] is not eligible for getting processed by all BeanPostProcessors (for example: not eligible for auto-proxying)
2020-02-26 20:47:59 -Bean 'org.springframework.transaction.annotation.ProxyTransactionManagementConfiguration' of type [org.springframework.transaction.annotation.ProxyTransactionManagementConfiguration] is not eligible for getting processed by all BeanPostProcessors (for example: not eligible for auto-proxying)
2020-02-26 20:48:00 -Bean 'securityManager' of type [org.apache.shiro.web.mgt.DefaultWebSecurityManager] is not eligible for getting processed by all BeanPostProcessors (for example: not eligible for auto-proxying)
2020-02-26 20:48:00 -Tomcat initialized with port(s): 80 (http)
2020-02-26 20:48:00 -Initializing ProtocolHandler ["http-nio-80"]
2020-02-26 20:48:00 -Starting service [Tomcat]
2020-02-26 20:48:00 -Starting Servlet engine: [Apache Tomcat/9.0.30]
2020-02-26 20:48:01 -Initializing Spring embedded WebApplicationContext
2020-02-26 20:48:01 -Root WebApplicationContext: initialization completed in 2573 ms
2020-02-26 20:48:02 -Initializing ExecutorService 'applicationTaskExecutor'
2020-02-26 20:48:02 -Adding welcome page: class path resource [static/index.html]
2020-02-26 20:48:02 -LiveReload server is running on port 35729
2020-02-26 20:48:02 -Starting ProtocolHandler ["http-nio-80"]
2020-02-26 20:48:02 -Tomcat started on port(s): 80 (http) with context path ''
2020-02-26 20:48:02 -Started Eshop1Application in 5.017 seconds (JVM running for 5.543)
2020-02-26 20:48:06 -Initializing Spring DispatcherServlet 'dispatcherServlet'
2020-02-26 20:48:06 -Initializing Servlet 'dispatcherServlet'
2020-02-26 20:48:06 -Completed initialization in 9 ms
