2020-02-24 17:33:35 -Shutting down ExecutorService 'applicationTaskExecutor'
2020-02-24 17:33:35 -{dataSource-2} closed
2020-02-24 17:33:36 -Starting Eshop1Application on DESKTOP-43IB5P6 with PID 9280 (F:\JAVA_lianxi\eshop1\target\classes started by EDT灬谭泽豪 in F:\JAVA_lianxi\eshop1)
2020-02-24 17:33:36 -No active profile set, falling back to default profiles: default
2020-02-24 17:33:36 -Multiple Spring Data modules found, entering strict repository configuration mode!
2020-02-24 17:33:36 -Bootstrapping Spring Data Redis repositories in DEFAULT mode.
2020-02-24 17:33:36 -Finished Spring Data repository scanning in 18ms. Found 0 Redis repository interfaces.
2020-02-24 17:33:36 -Bean 'org.springframework.transaction.annotation.ProxyTransactionManagementConfiguration' of type [org.springframework.transaction.annotation.ProxyTransactionManagementConfiguration] is not eligible for getting processed by all BeanPostProcessors (for example: not eligible for auto-proxying)
2020-02-24 17:33:37 -Tomcat initialized with port(s): 80 (http)
2020-02-24 17:33:37 -Initializing ProtocolHandler ["http-nio-80"]
2020-02-24 17:33:37 -Starting service [Tomcat]
2020-02-24 17:33:37 -Starting Servlet engine: [Apache Tomcat/9.0.30]
2020-02-24 17:33:37 -Initializing Spring embedded WebApplicationContext
2020-02-24 17:33:37 -Root WebApplicationContext: initialization completed in 641 ms
2020-02-24 17:33:37 -Initializing ExecutorService 'applicationTaskExecutor'
2020-02-24 17:33:37 -Adding welcome page: class path resource [static/index.html]
2020-02-24 17:33:37 -LiveReload server is running on port 35729
2020-02-24 17:33:37 -Starting ProtocolHandler ["http-nio-80"]
2020-02-24 17:33:37 -Tomcat started on port(s): 80 (http) with context path ''
2020-02-24 17:33:37 -Started Eshop1Application in 1.245 seconds (JVM running for 70394.519)
2020-02-24 17:33:37 -Condition evaluation unchanged
2020-02-24 17:34:06 -Shutting down ExecutorService 'applicationTaskExecutor'
2020-02-24 17:34:06 -Starting Eshop1Application on DESKTOP-43IB5P6 with PID 9280 (F:\JAVA_lianxi\eshop1\target\classes started by EDT灬谭泽豪 in F:\JAVA_lianxi\eshop1)
2020-02-24 17:34:06 -No active profile set, falling back to default profiles: default
2020-02-24 17:34:06 -Multiple Spring Data modules found, entering strict repository configuration mode!
2020-02-24 17:34:06 -Bootstrapping Spring Data Redis repositories in DEFAULT mode.
2020-02-24 17:34:06 -Finished Spring Data repository scanning in 15ms. Found 0 Redis repository interfaces.
2020-02-24 17:34:06 -Bean 'org.springframework.transaction.annotation.ProxyTransactionManagementConfiguration' of type [org.springframework.transaction.annotation.ProxyTransactionManagementConfiguration] is not eligible for getting processed by all BeanPostProcessors (for example: not eligible for auto-proxying)
2020-02-24 17:34:06 -Tomcat initialized with port(s): 80 (http)
2020-02-24 17:34:06 -Initializing ProtocolHandler ["http-nio-80"]
2020-02-24 17:34:06 -Starting service [Tomcat]
2020-02-24 17:34:06 -Starting Servlet engine: [Apache Tomcat/9.0.30]
2020-02-24 17:34:06 -Initializing Spring embedded WebApplicationContext
2020-02-24 17:34:06 -Root WebApplicationContext: initialization completed in 501 ms
2020-02-24 17:34:07 -Initializing ExecutorService 'applicationTaskExecutor'
2020-02-24 17:34:07 -Adding welcome page: class path resource [static/index.html]
2020-02-24 17:34:07 -LiveReload server is running on port 35729
2020-02-24 17:34:07 -Starting ProtocolHandler ["http-nio-80"]
2020-02-24 17:34:07 -Tomcat started on port(s): 80 (http) with context path ''
2020-02-24 17:34:07 -Started Eshop1Application in 0.84 seconds (JVM running for 70424.191)
2020-02-24 17:34:07 -Condition evaluation unchanged
2020-02-24 17:34:47 -Shutting down ExecutorService 'applicationTaskExecutor'
2020-02-24 17:34:47 -Starting Eshop1Application on DESKTOP-43IB5P6 with PID 9280 (F:\JAVA_lianxi\eshop1\target\classes started by EDT灬谭泽豪 in F:\JAVA_lianxi\eshop1)
2020-02-24 17:34:47 -No active profile set, falling back to default profiles: default
2020-02-24 17:34:48 -Multiple Spring Data modules found, entering strict repository configuration mode!
2020-02-24 17:34:48 -Bootstrapping Spring Data Redis repositories in DEFAULT mode.
2020-02-24 17:34:48 -Finished Spring Data repository scanning in 17ms. Found 0 Redis repository interfaces.
2020-02-24 17:34:48 -Bean 'org.springframework.transaction.annotation.ProxyTransactionManagementConfiguration' of type [org.springframework.transaction.annotation.ProxyTransactionManagementConfiguration] is not eligible for getting processed by all BeanPostProcessors (for example: not eligible for auto-proxying)
2020-02-24 17:34:48 -Tomcat initialized with port(s): 80 (http)
2020-02-24 17:34:48 -Initializing ProtocolHandler ["http-nio-80"]
2020-02-24 17:34:48 -Starting service [Tomcat]
2020-02-24 17:34:48 -Starting Servlet engine: [Apache Tomcat/9.0.30]
2020-02-24 17:34:48 -Initializing Spring embedded WebApplicationContext
2020-02-24 17:34:48 -Root WebApplicationContext: initialization completed in 501 ms
2020-02-24 17:34:48 -Exception encountered during context initialization - cancelling refresh attempt: org.springframework.beans.factory.UnsatisfiedDependencyException: Error creating bean with name 'generatorController': Unsatisfied dependency expressed through field 'generatorService'; nested exception is org.springframework.beans.factory.UnsatisfiedDependencyException: Error creating bean with name 'generatorServiceImpl': Unsatisfied dependency expressed through field 'generatorMapper'; nested exception is org.springframework.beans.factory.UnsatisfiedDependencyException: Error creating bean with name 'generatorMapper' defined in file [F:\JAVA_lianxi\eshop1\target\classes\com\octopus\common\dao\GeneratorMapper.class]: Unsatisfied dependency expressed through bean property 'sqlSessionFactory'; nested exception is org.springframework.beans.factory.BeanCreationException: Error creating bean with name 'sqlSessionFactory' defined in class path resource [org/mybatis/spring/boot/autoconfigure/MybatisAutoConfiguration.class]: Bean instantiation via factory method failed; nested exception is org.springframework.beans.BeanInstantiationException: Failed to instantiate [org.apache.ibatis.session.SqlSessionFactory]: Factory method 'sqlSessionFactory' threw exception; nested exception is java.lang.NoClassDefFoundError: BigDecimal
2020-02-24 17:34:48 -Stopping service [Tomcat]
2020-02-24 17:34:48 -

Error starting ApplicationContext. To display the conditions report re-run your application with 'debug' enabled.
2020-02-24 17:34:48 -Application run failed
org.springframework.beans.factory.UnsatisfiedDependencyException: Error creating bean with name 'generatorController': Unsatisfied dependency expressed through field 'generatorService'; nested exception is org.springframework.beans.factory.UnsatisfiedDependencyException: Error creating bean with name 'generatorServiceImpl': Unsatisfied dependency expressed through field 'generatorMapper'; nested exception is org.springframework.beans.factory.UnsatisfiedDependencyException: Error creating bean with name 'generatorMapper' defined in file [F:\JAVA_lianxi\eshop1\target\classes\com\octopus\common\dao\GeneratorMapper.class]: Unsatisfied dependency expressed through bean property 'sqlSessionFactory'; nested exception is org.springframework.beans.factory.BeanCreationException: Error creating bean with name 'sqlSessionFactory' defined in class path resource [org/mybatis/spring/boot/autoconfigure/MybatisAutoConfiguration.class]: Bean instantiation via factory method failed; nested exception is org.springframework.beans.BeanInstantiationException: Failed to instantiate [org.apache.ibatis.session.SqlSessionFactory]: Factory method 'sqlSessionFactory' threw exception; nested exception is java.lang.NoClassDefFoundError: BigDecimal
	at org.springframework.beans.factory.annotation.AutowiredAnnotationBeanPostProcessor$AutowiredFieldElement.inject(AutowiredAnnotationBeanPostProcessor.java:643)
	at org.springframework.beans.factory.annotation.InjectionMetadata.inject(InjectionMetadata.java:116)
	at org.springframework.beans.factory.annotation.AutowiredAnnotationBeanPostProcessor.postProcessProperties(AutowiredAnnotationBeanPostProcessor.java:399)
	at org.springframework.beans.factory.support.AbstractAutowireCapableBeanFactory.populateBean(AbstractAutowireCapableBeanFactory.java:1422)
	at org.springframework.beans.factory.support.AbstractAutowireCapableBeanFactory.doCreateBean(AbstractAutowireCapableBeanFactory.java:594)
	at org.springframework.beans.factory.support.AbstractAutowireCapableBeanFactory.createBean(AbstractAutowireCapableBeanFactory.java:517)
	at org.springframework.beans.factory.support.AbstractBeanFactory.lambda$doGetBean$0(AbstractBeanFactory.java:323)
	at org.springframework.beans.factory.support.DefaultSingletonBeanRegistry.getSingleton(DefaultSingletonBeanRegistry.java:222)
	at org.springframework.beans.factory.support.AbstractBeanFactory.doGetBean(AbstractBeanFactory.java:321)
	at org.springframework.beans.factory.support.AbstractBeanFactory.getBean(AbstractBeanFactory.java:202)
	at org.springframework.beans.factory.support.DefaultListableBeanFactory.preInstantiateSingletons(DefaultListableBeanFactory.java:879)
	at org.springframework.context.support.AbstractApplicationContext.finishBeanFactoryInitialization(AbstractApplicationContext.java:878)
	at org.springframework.context.support.AbstractApplicationContext.refresh(AbstractApplicationContext.java:550)
	at org.springframework.boot.web.servlet.context.ServletWebServerApplicationContext.refresh(ServletWebServerApplicationContext.java:141)
	at org.springframework.boot.SpringApplication.refresh(SpringApplication.java:747)
	at org.springframework.boot.SpringApplication.refreshContext(SpringApplication.java:397)
	at org.springframework.boot.SpringApplication.run(SpringApplication.java:315)
	at org.springframework.boot.SpringApplication.run(SpringApplication.java:1226)
	at org.springframework.boot.SpringApplication.run(SpringApplication.java:1215)
	at com.octopus.Eshop1Application.main(Eshop1Application.java:12)
	at sun.reflect.NativeMethodAccessorImpl.invoke0(Native Method)
	at sun.reflect.NativeMethodAccessorImpl.invoke(NativeMethodAccessorImpl.java:62)
	at sun.reflect.DelegatingMethodAccessorImpl.invoke(DelegatingMethodAccessorImpl.java:43)
	at java.lang.reflect.Method.invoke(Method.java:498)
	at org.springframework.boot.devtools.restart.RestartLauncher.run(RestartLauncher.java:49)
Caused by: org.springframework.beans.factory.UnsatisfiedDependencyException: Error creating bean with name 'generatorServiceImpl': Unsatisfied dependency expressed through field 'generatorMapper'; nested exception is org.springframework.beans.factory.UnsatisfiedDependencyException: Error creating bean with name 'generatorMapper' defined in file [F:\JAVA_lianxi\eshop1\target\classes\com\octopus\common\dao\GeneratorMapper.class]: Unsatisfied dependency expressed through bean property 'sqlSessionFactory'; nested exception is org.springframework.beans.factory.BeanCreationException: Error creating bean with name 'sqlSessionFactory' defined in class path resource [org/mybatis/spring/boot/autoconfigure/MybatisAutoConfiguration.class]: Bean instantiation via factory method failed; nested exception is org.springframework.beans.BeanInstantiationException: Failed to instantiate [org.apache.ibatis.session.SqlSessionFactory]: Factory method 'sqlSessionFactory' threw exception; nested exception is java.lang.NoClassDefFoundError: BigDecimal
	at org.springframework.beans.factory.annotation.AutowiredAnnotationBeanPostProcessor$AutowiredFieldElement.inject(AutowiredAnnotationBeanPostProcessor.java:643)
	at org.springframework.beans.factory.annotation.InjectionMetadata.inject(InjectionMetadata.java:116)
	at org.springframework.beans.factory.annotation.AutowiredAnnotationBeanPostProcessor.postProcessProperties(AutowiredAnnotationBeanPostProcessor.java:399)
	at org.springframework.beans.factory.support.AbstractAutowireCapableBeanFactory.populateBean(AbstractAutowireCapableBeanFactory.java:1422)
	at org.springframework.beans.factory.support.AbstractAutowireCapableBeanFactory.doCreateBean(AbstractAutowireCapableBeanFactory.java:594)
	at org.springframework.beans.factory.support.AbstractAutowireCapableBeanFactory.createBean(AbstractAutowireCapableBeanFactory.java:517)
	at org.springframework.beans.factory.support.AbstractBeanFactory.lambda$doGetBean$0(AbstractBeanFactory.java:323)
	at org.springframework.beans.factory.support.DefaultSingletonBeanRegistry.getSingleton(DefaultSingletonBeanRegistry.java:222)
	at org.springframework.beans.factory.support.AbstractBeanFactory.doGetBean(AbstractBeanFactory.java:321)
	at org.springframework.beans.factory.support.AbstractBeanFactory.getBean(AbstractBeanFactory.java:202)
	at org.springframework.beans.factory.config.DependencyDescriptor.resolveCandidate(DependencyDescriptor.java:276)
	at org.springframework.beans.factory.support.DefaultListableBeanFactory.doResolveDependency(DefaultListableBeanFactory.java:1287)
	at org.springframework.beans.factory.support.DefaultListableBeanFactory.resolveDependency(DefaultListableBeanFactory.java:1207)
	at org.springframework.beans.factory.annotation.AutowiredAnnotationBeanPostProcessor$AutowiredFieldElement.inject(AutowiredAnnotationBeanPostProcessor.java:640)
	... 24 common frames omitted
Caused by: org.springframework.beans.factory.UnsatisfiedDependencyException: Error creating bean with name 'generatorMapper' defined in file [F:\JAVA_lianxi\eshop1\target\classes\com\octopus\common\dao\GeneratorMapper.class]: Unsatisfied dependency expressed through bean property 'sqlSessionFactory'; nested exception is org.springframework.beans.factory.BeanCreationException: Error creating bean with name 'sqlSessionFactory' defined in class path resource [org/mybatis/spring/boot/autoconfigure/MybatisAutoConfiguration.class]: Bean instantiation via factory method failed; nested exception is org.springframework.beans.BeanInstantiationException: Failed to instantiate [org.apache.ibatis.session.SqlSessionFactory]: Factory method 'sqlSessionFactory' threw exception; nested exception is java.lang.NoClassDefFoundError: BigDecimal
	at org.springframework.beans.factory.support.AbstractAutowireCapableBeanFactory.autowireByType(AbstractAutowireCapableBeanFactory.java:1526)
	at org.springframework.beans.factory.support.AbstractAutowireCapableBeanFactory.populateBean(AbstractAutowireCapableBeanFactory.java:1406)
	at org.springframework.beans.factory.support.AbstractAutowireCapableBeanFactory.doCreateBean(AbstractAutowireCapableBeanFactory.java:594)
	at org.springframework.beans.factory.support.AbstractAutowireCapableBeanFactory.createBean(AbstractAutowireCapableBeanFactory.java:517)
	at org.springframework.beans.factory.support.AbstractBeanFactory.lambda$doGetBean$0(AbstractBeanFactory.java:323)
	at org.springframework.beans.factory.support.DefaultSingletonBeanRegistry.getSingleton(DefaultSingletonBeanRegistry.java:222)
	at org.springframework.beans.factory.support.AbstractBeanFactory.doGetBean(AbstractBeanFactory.java:321)
	at org.springframework.beans.factory.support.AbstractBeanFactory.getBean(AbstractBeanFactory.java:202)
	at org.springframework.beans.factory.config.DependencyDescriptor.resolveCandidate(DependencyDescriptor.java:276)
	at org.springframework.beans.factory.support.DefaultListableBeanFactory.doResolveDependency(DefaultListableBeanFactory.java:1287)
	at org.springframework.beans.factory.support.DefaultListableBeanFactory.resolveDependency(DefaultListableBeanFactory.java:1207)
	at org.springframework.beans.factory.annotation.AutowiredAnnotationBeanPostProcessor$AutowiredFieldElement.inject(AutowiredAnnotationBeanPostProcessor.java:640)
	... 37 common frames omitted
Caused by: org.springframework.beans.factory.BeanCreationException: Error creating bean with name 'sqlSessionFactory' defined in class path resource [org/mybatis/spring/boot/autoconfigure/MybatisAutoConfiguration.class]: Bean instantiation via factory method failed; nested exception is org.springframework.beans.BeanInstantiationException: Failed to instantiate [org.apache.ibatis.session.SqlSessionFactory]: Factory method 'sqlSessionFactory' threw exception; nested exception is java.lang.NoClassDefFoundError: BigDecimal
	at org.springframework.beans.factory.support.ConstructorResolver.instantiate(ConstructorResolver.java:656)
	at org.springframework.beans.factory.support.ConstructorResolver.instantiateUsingFactoryMethod(ConstructorResolver.java:636)
	at org.springframework.beans.factory.support.AbstractAutowireCapableBeanFactory.instantiateUsingFactoryMethod(AbstractAutowireCapableBeanFactory.java:1338)
	at org.springframework.beans.factory.support.AbstractAutowireCapableBeanFactory.createBeanInstance(AbstractAutowireCapableBeanFactory.java:1177)
	at org.springframework.beans.factory.support.AbstractAutowireCapableBeanFactory.doCreateBean(AbstractAutowireCapableBeanFactory.java:557)
	at org.springframework.beans.factory.support.AbstractAutowireCapableBeanFactory.createBean(AbstractAutowireCapableBeanFactory.java:517)
	at org.springframework.beans.factory.support.AbstractBeanFactory.lambda$doGetBean$0(AbstractBeanFactory.java:323)
	at org.springframework.beans.factory.support.DefaultSingletonBeanRegistry.getSingleton(DefaultSingletonBeanRegistry.java:222)
	at org.springframework.beans.factory.support.AbstractBeanFactory.doGetBean(AbstractBeanFactory.java:321)
	at org.springframework.beans.factory.support.AbstractBeanFactory.getBean(AbstractBeanFactory.java:202)
	at org.springframework.beans.factory.config.DependencyDescriptor.resolveCandidate(DependencyDescriptor.java:276)
	at org.springframework.beans.factory.support.DefaultListableBeanFactory.doResolveDependency(DefaultListableBeanFactory.java:1287)
	at org.springframework.beans.factory.support.DefaultListableBeanFactory.resolveDependency(DefaultListableBeanFactory.java:1207)
	at org.springframework.beans.factory.support.AbstractAutowireCapableBeanFactory.autowireByType(AbstractAutowireCapableBeanFactory.java:1511)
	... 48 common frames omitted
Caused by: org.springframework.beans.BeanInstantiationException: Failed to instantiate [org.apache.ibatis.session.SqlSessionFactory]: Factory method 'sqlSessionFactory' threw exception; nested exception is java.lang.NoClassDefFoundError: BigDecimal
	at org.springframework.beans.factory.support.SimpleInstantiationStrategy.instantiate(SimpleInstantiationStrategy.java:185)
	at org.springframework.beans.factory.support.ConstructorResolver.instantiate(ConstructorResolver.java:651)
	... 61 common frames omitted
Caused by: java.lang.NoClassDefFoundError: BigDecimal
	at java.lang.Class.getDeclaredMethods0(Native Method)
	at java.lang.Class.privateGetDeclaredMethods(Class.java:2701)
	at java.lang.Class.getDeclaredMethods(Class.java:1975)
	at org.apache.ibatis.reflection.Reflector.getClassMethods(Reflector.java:278)
	at org.apache.ibatis.reflection.Reflector.addGetMethods(Reflector.java:87)
	at org.apache.ibatis.reflection.Reflector.<init>(Reflector.java:66)
	at java.util.concurrent.ConcurrentHashMap.computeIfAbsent(ConcurrentHashMap.java:1688)
	at org.apache.ibatis.reflection.DefaultReflectorFactory.findForClass(DefaultReflectorFactory.java:42)
	at org.apache.ibatis.reflection.MetaClass.<init>(MetaClass.java:39)
	at org.apache.ibatis.reflection.MetaClass.forClass(MetaClass.java:43)
	at org.apache.ibatis.builder.SqlSourceBuilder$ParameterMappingTokenHandler.buildParameterMapping(SqlSourceBuilder.java:84)
	at org.apache.ibatis.builder.SqlSourceBuilder$ParameterMappingTokenHandler.handleToken(SqlSourceBuilder.java:67)
	at org.apache.ibatis.parsing.GenericTokenParser.parse(GenericTokenParser.java:77)
	at org.apache.ibatis.builder.SqlSourceBuilder.parse(SqlSourceBuilder.java:45)
	at org.apache.ibatis.scripting.defaults.RawSqlSource.<init>(RawSqlSource.java:46)
	at org.apache.ibatis.scripting.defaults.RawSqlSource.<init>(RawSqlSource.java:40)
	at org.apache.ibatis.scripting.xmltags.XMLScriptBuilder.parseScriptNode(XMLScriptBuilder.java:72)
	at org.apache.ibatis.scripting.xmltags.XMLLanguageDriver.createSqlSource(XMLLanguageDriver.java:44)
	at org.apache.ibatis.builder.xml.XMLStatementBuilder.parseStatementNode(XMLStatementBuilder.java:96)
	at org.apache.ibatis.builder.xml.XMLMapperBuilder.buildStatementFromContext(XMLMapperBuilder.java:137)
	at org.apache.ibatis.builder.xml.XMLMapperBuilder.buildStatementFromContext(XMLMapperBuilder.java:130)
	at org.apache.ibatis.builder.xml.XMLMapperBuilder.configurationElement(XMLMapperBuilder.java:120)
	at org.apache.ibatis.builder.xml.XMLMapperBuilder.parse(XMLMapperBuilder.java:94)
	at org.mybatis.spring.SqlSessionFactoryBean.buildSqlSessionFactory(SqlSessionFactoryBean.java:593)
	at org.mybatis.spring.SqlSessionFactoryBean.afterPropertiesSet(SqlSessionFactoryBean.java:475)
	at org.mybatis.spring.SqlSessionFactoryBean.getObject(SqlSessionFactoryBean.java:615)
	at org.mybatis.spring.boot.autoconfigure.MybatisAutoConfiguration.sqlSessionFactory(MybatisAutoConfiguration.java:180)
	at org.mybatis.spring.boot.autoconfigure.MybatisAutoConfiguration$$EnhancerBySpringCGLIB$$7e624ec8.CGLIB$sqlSessionFactory$0(<generated>)
	at org.mybatis.spring.boot.autoconfigure.MybatisAutoConfiguration$$EnhancerBySpringCGLIB$$7e624ec8$$FastClassBySpringCGLIB$$5e20ae1e.invoke(<generated>)
	at org.springframework.cglib.proxy.MethodProxy.invokeSuper(MethodProxy.java:244)
	at org.springframework.context.annotation.ConfigurationClassEnhancer$BeanMethodInterceptor.intercept(ConfigurationClassEnhancer.java:363)
	at org.mybatis.spring.boot.autoconfigure.MybatisAutoConfiguration$$EnhancerBySpringCGLIB$$7e624ec8.sqlSessionFactory(<generated>)
	at sun.reflect.NativeMethodAccessorImpl.invoke0(Native Method)
	at sun.reflect.NativeMethodAccessorImpl.invoke(NativeMethodAccessorImpl.java:62)
	at sun.reflect.DelegatingMethodAccessorImpl.invoke(DelegatingMethodAccessorImpl.java:43)
	at java.lang.reflect.Method.invoke(Method.java:498)
	at org.springframework.beans.factory.support.SimpleInstantiationStrategy.instantiate(SimpleInstantiationStrategy.java:154)
	... 62 common frames omitted
Caused by: java.lang.ClassNotFoundException: BigDecimal
	at java.net.URLClassLoader.findClass(URLClassLoader.java:382)
	at java.lang.ClassLoader.loadClass(ClassLoader.java:418)
	at sun.misc.Launcher$AppClassLoader.loadClass(Launcher.java:355)
	at java.lang.ClassLoader.loadClass(ClassLoader.java:351)
	at org.springframework.boot.devtools.restart.classloader.RestartClassLoader.loadClass(RestartClassLoader.java:144)
	at java.lang.ClassLoader.loadClass(ClassLoader.java:351)
	... 99 common frames omitted
2020-02-24 17:35:03 -Starting Eshop1Application on DESKTOP-43IB5P6 with PID 9280 (F:\JAVA_lianxi\eshop1\target\classes started by EDT灬谭泽豪 in F:\JAVA_lianxi\eshop1)
2020-02-24 17:35:03 -No active profile set, falling back to default profiles: default
2020-02-24 17:35:03 -Multiple Spring Data modules found, entering strict repository configuration mode!
2020-02-24 17:35:03 -Bootstrapping Spring Data Redis repositories in DEFAULT mode.
2020-02-24 17:35:03 -Finished Spring Data repository scanning in 16ms. Found 0 Redis repository interfaces.
2020-02-24 17:35:03 -Bean 'org.springframework.transaction.annotation.ProxyTransactionManagementConfiguration' of type [org.springframework.transaction.annotation.ProxyTransactionManagementConfiguration] is not eligible for getting processed by all BeanPostProcessors (for example: not eligible for auto-proxying)
2020-02-24 17:35:03 -Tomcat initialized with port(s): 80 (http)
2020-02-24 17:35:03 -Initializing ProtocolHandler ["http-nio-80"]
2020-02-24 17:35:03 -Starting service [Tomcat]
2020-02-24 17:35:03 -Starting Servlet engine: [Apache Tomcat/9.0.30]
2020-02-24 17:35:03 -Initializing Spring embedded WebApplicationContext
2020-02-24 17:35:03 -Root WebApplicationContext: initialization completed in 454 ms
2020-02-24 17:35:03 -Exception encountered during context initialization - cancelling refresh attempt: org.springframework.beans.factory.UnsatisfiedDependencyException: Error creating bean with name 'generatorController': Unsatisfied dependency expressed through field 'generatorService'; nested exception is org.springframework.beans.factory.UnsatisfiedDependencyException: Error creating bean with name 'generatorServiceImpl': Unsatisfied dependency expressed through field 'generatorMapper'; nested exception is org.springframework.beans.factory.UnsatisfiedDependencyException: Error creating bean with name 'generatorMapper' defined in file [F:\JAVA_lianxi\eshop1\target\classes\com\octopus\common\dao\GeneratorMapper.class]: Unsatisfied dependency expressed through bean property 'sqlSessionFactory'; nested exception is org.springframework.beans.factory.BeanCreationException: Error creating bean with name 'sqlSessionFactory' defined in class path resource [org/mybatis/spring/boot/autoconfigure/MybatisAutoConfiguration.class]: Bean instantiation via factory method failed; nested exception is org.springframework.beans.BeanInstantiationException: Failed to instantiate [org.apache.ibatis.session.SqlSessionFactory]: Factory method 'sqlSessionFactory' threw exception; nested exception is java.lang.NoClassDefFoundError: BigDecimal
2020-02-24 17:35:03 -Stopping service [Tomcat]
2020-02-24 17:35:03 -

Error starting ApplicationContext. To display the conditions report re-run your application with 'debug' enabled.
2020-02-24 17:35:03 -Application run failed
org.springframework.beans.factory.UnsatisfiedDependencyException: Error creating bean with name 'generatorController': Unsatisfied dependency expressed through field 'generatorService'; nested exception is org.springframework.beans.factory.UnsatisfiedDependencyException: Error creating bean with name 'generatorServiceImpl': Unsatisfied dependency expressed through field 'generatorMapper'; nested exception is org.springframework.beans.factory.UnsatisfiedDependencyException: Error creating bean with name 'generatorMapper' defined in file [F:\JAVA_lianxi\eshop1\target\classes\com\octopus\common\dao\GeneratorMapper.class]: Unsatisfied dependency expressed through bean property 'sqlSessionFactory'; nested exception is org.springframework.beans.factory.BeanCreationException: Error creating bean with name 'sqlSessionFactory' defined in class path resource [org/mybatis/spring/boot/autoconfigure/MybatisAutoConfiguration.class]: Bean instantiation via factory method failed; nested exception is org.springframework.beans.BeanInstantiationException: Failed to instantiate [org.apache.ibatis.session.SqlSessionFactory]: Factory method 'sqlSessionFactory' threw exception; nested exception is java.lang.NoClassDefFoundError: BigDecimal
	at org.springframework.beans.factory.annotation.AutowiredAnnotationBeanPostProcessor$AutowiredFieldElement.inject(AutowiredAnnotationBeanPostProcessor.java:643)
	at org.springframework.beans.factory.annotation.InjectionMetadata.inject(InjectionMetadata.java:116)
	at org.springframework.beans.factory.annotation.AutowiredAnnotationBeanPostProcessor.postProcessProperties(AutowiredAnnotationBeanPostProcessor.java:399)
	at org.springframework.beans.factory.support.AbstractAutowireCapableBeanFactory.populateBean(AbstractAutowireCapableBeanFactory.java:1422)
	at org.springframework.beans.factory.support.AbstractAutowireCapableBeanFactory.doCreateBean(AbstractAutowireCapableBeanFactory.java:594)
	at org.springframework.beans.factory.support.AbstractAutowireCapableBeanFactory.createBean(AbstractAutowireCapableBeanFactory.java:517)
	at org.springframework.beans.factory.support.AbstractBeanFactory.lambda$doGetBean$0(AbstractBeanFactory.java:323)
	at org.springframework.beans.factory.support.DefaultSingletonBeanRegistry.getSingleton(DefaultSingletonBeanRegistry.java:222)
	at org.springframework.beans.factory.support.AbstractBeanFactory.doGetBean(AbstractBeanFactory.java:321)
	at org.springframework.beans.factory.support.AbstractBeanFactory.getBean(AbstractBeanFactory.java:202)
	at org.springframework.beans.factory.support.DefaultListableBeanFactory.preInstantiateSingletons(DefaultListableBeanFactory.java:879)
	at org.springframework.context.support.AbstractApplicationContext.finishBeanFactoryInitialization(AbstractApplicationContext.java:878)
	at org.springframework.context.support.AbstractApplicationContext.refresh(AbstractApplicationContext.java:550)
	at org.springframework.boot.web.servlet.context.ServletWebServerApplicationContext.refresh(ServletWebServerApplicationContext.java:141)
	at org.springframework.boot.SpringApplication.refresh(SpringApplication.java:747)
	at org.springframework.boot.SpringApplication.refreshContext(SpringApplication.java:397)
	at org.springframework.boot.SpringApplication.run(SpringApplication.java:315)
	at org.springframework.boot.SpringApplication.run(SpringApplication.java:1226)
	at org.springframework.boot.SpringApplication.run(SpringApplication.java:1215)
	at com.octopus.Eshop1Application.main(Eshop1Application.java:12)
	at sun.reflect.NativeMethodAccessorImpl.invoke0(Native Method)
	at sun.reflect.NativeMethodAccessorImpl.invoke(NativeMethodAccessorImpl.java:62)
	at sun.reflect.DelegatingMethodAccessorImpl.invoke(DelegatingMethodAccessorImpl.java:43)
	at java.lang.reflect.Method.invoke(Method.java:498)
	at org.springframework.boot.devtools.restart.RestartLauncher.run(RestartLauncher.java:49)
Caused by: org.springframework.beans.factory.UnsatisfiedDependencyException: Error creating bean with name 'generatorServiceImpl': Unsatisfied dependency expressed through field 'generatorMapper'; nested exception is org.springframework.beans.factory.UnsatisfiedDependencyException: Error creating bean with name 'generatorMapper' defined in file [F:\JAVA_lianxi\eshop1\target\classes\com\octopus\common\dao\GeneratorMapper.class]: Unsatisfied dependency expressed through bean property 'sqlSessionFactory'; nested exception is org.springframework.beans.factory.BeanCreationException: Error creating bean with name 'sqlSessionFactory' defined in class path resource [org/mybatis/spring/boot/autoconfigure/MybatisAutoConfiguration.class]: Bean instantiation via factory method failed; nested exception is org.springframework.beans.BeanInstantiationException: Failed to instantiate [org.apache.ibatis.session.SqlSessionFactory]: Factory method 'sqlSessionFactory' threw exception; nested exception is java.lang.NoClassDefFoundError: BigDecimal
	at org.springframework.beans.factory.annotation.AutowiredAnnotationBeanPostProcessor$AutowiredFieldElement.inject(AutowiredAnnotationBeanPostProcessor.java:643)
	at org.springframework.beans.factory.annotation.InjectionMetadata.inject(InjectionMetadata.java:116)
	at org.springframework.beans.factory.annotation.AutowiredAnnotationBeanPostProcessor.postProcessProperties(AutowiredAnnotationBeanPostProcessor.java:399)
	at org.springframework.beans.factory.support.AbstractAutowireCapableBeanFactory.populateBean(AbstractAutowireCapableBeanFactory.java:1422)
	at org.springframework.beans.factory.support.AbstractAutowireCapableBeanFactory.doCreateBean(AbstractAutowireCapableBeanFactory.java:594)
	at org.springframework.beans.factory.support.AbstractAutowireCapableBeanFactory.createBean(AbstractAutowireCapableBeanFactory.java:517)
	at org.springframework.beans.factory.support.AbstractBeanFactory.lambda$doGetBean$0(AbstractBeanFactory.java:323)
	at org.springframework.beans.factory.support.DefaultSingletonBeanRegistry.getSingleton(DefaultSingletonBeanRegistry.java:222)
	at org.springframework.beans.factory.support.AbstractBeanFactory.doGetBean(AbstractBeanFactory.java:321)
	at org.springframework.beans.factory.support.AbstractBeanFactory.getBean(AbstractBeanFactory.java:202)
	at org.springframework.beans.factory.config.DependencyDescriptor.resolveCandidate(DependencyDescriptor.java:276)
	at org.springframework.beans.factory.support.DefaultListableBeanFactory.doResolveDependency(DefaultListableBeanFactory.java:1287)
	at org.springframework.beans.factory.support.DefaultListableBeanFactory.resolveDependency(DefaultListableBeanFactory.java:1207)
	at org.springframework.beans.factory.annotation.AutowiredAnnotationBeanPostProcessor$AutowiredFieldElement.inject(AutowiredAnnotationBeanPostProcessor.java:640)
	... 24 common frames omitted
Caused by: org.springframework.beans.factory.UnsatisfiedDependencyException: Error creating bean with name 'generatorMapper' defined in file [F:\JAVA_lianxi\eshop1\target\classes\com\octopus\common\dao\GeneratorMapper.class]: Unsatisfied dependency expressed through bean property 'sqlSessionFactory'; nested exception is org.springframework.beans.factory.BeanCreationException: Error creating bean with name 'sqlSessionFactory' defined in class path resource [org/mybatis/spring/boot/autoconfigure/MybatisAutoConfiguration.class]: Bean instantiation via factory method failed; nested exception is org.springframework.beans.BeanInstantiationException: Failed to instantiate [org.apache.ibatis.session.SqlSessionFactory]: Factory method 'sqlSessionFactory' threw exception; nested exception is java.lang.NoClassDefFoundError: BigDecimal
	at org.springframework.beans.factory.support.AbstractAutowireCapableBeanFactory.autowireByType(AbstractAutowireCapableBeanFactory.java:1526)
	at org.springframework.beans.factory.support.AbstractAutowireCapableBeanFactory.populateBean(AbstractAutowireCapableBeanFactory.java:1406)
	at org.springframework.beans.factory.support.AbstractAutowireCapableBeanFactory.doCreateBean(AbstractAutowireCapableBeanFactory.java:594)
	at org.springframework.beans.factory.support.AbstractAutowireCapableBeanFactory.createBean(AbstractAutowireCapableBeanFactory.java:517)
	at org.springframework.beans.factory.support.AbstractBeanFactory.lambda$doGetBean$0(AbstractBeanFactory.java:323)
	at org.springframework.beans.factory.support.DefaultSingletonBeanRegistry.getSingleton(DefaultSingletonBeanRegistry.java:222)
	at org.springframework.beans.factory.support.AbstractBeanFactory.doGetBean(AbstractBeanFactory.java:321)
	at org.springframework.beans.factory.support.AbstractBeanFactory.getBean(AbstractBeanFactory.java:202)
	at org.springframework.beans.factory.config.DependencyDescriptor.resolveCandidate(DependencyDescriptor.java:276)
	at org.springframework.beans.factory.support.DefaultListableBeanFactory.doResolveDependency(DefaultListableBeanFactory.java:1287)
	at org.springframework.beans.factory.support.DefaultListableBeanFactory.resolveDependency(DefaultListableBeanFactory.java:1207)
	at org.springframework.beans.factory.annotation.AutowiredAnnotationBeanPostProcessor$AutowiredFieldElement.inject(AutowiredAnnotationBeanPostProcessor.java:640)
	... 37 common frames omitted
Caused by: org.springframework.beans.factory.BeanCreationException: Error creating bean with name 'sqlSessionFactory' defined in class path resource [org/mybatis/spring/boot/autoconfigure/MybatisAutoConfiguration.class]: Bean instantiation via factory method failed; nested exception is org.springframework.beans.BeanInstantiationException: Failed to instantiate [org.apache.ibatis.session.SqlSessionFactory]: Factory method 'sqlSessionFactory' threw exception; nested exception is java.lang.NoClassDefFoundError: BigDecimal
	at org.springframework.beans.factory.support.ConstructorResolver.instantiate(ConstructorResolver.java:656)
	at org.springframework.beans.factory.support.ConstructorResolver.instantiateUsingFactoryMethod(ConstructorResolver.java:636)
	at org.springframework.beans.factory.support.AbstractAutowireCapableBeanFactory.instantiateUsingFactoryMethod(AbstractAutowireCapableBeanFactory.java:1338)
	at org.springframework.beans.factory.support.AbstractAutowireCapableBeanFactory.createBeanInstance(AbstractAutowireCapableBeanFactory.java:1177)
	at org.springframework.beans.factory.support.AbstractAutowireCapableBeanFactory.doCreateBean(AbstractAutowireCapableBeanFactory.java:557)
	at org.springframework.beans.factory.support.AbstractAutowireCapableBeanFactory.createBean(AbstractAutowireCapableBeanFactory.java:517)
	at org.springframework.beans.factory.support.AbstractBeanFactory.lambda$doGetBean$0(AbstractBeanFactory.java:323)
	at org.springframework.beans.factory.support.DefaultSingletonBeanRegistry.getSingleton(DefaultSingletonBeanRegistry.java:222)
	at org.springframework.beans.factory.support.AbstractBeanFactory.doGetBean(AbstractBeanFactory.java:321)
	at org.springframework.beans.factory.support.AbstractBeanFactory.getBean(AbstractBeanFactory.java:202)
	at org.springframework.beans.factory.config.DependencyDescriptor.resolveCandidate(DependencyDescriptor.java:276)
	at org.springframework.beans.factory.support.DefaultListableBeanFactory.doResolveDependency(DefaultListableBeanFactory.java:1287)
	at org.springframework.beans.factory.support.DefaultListableBeanFactory.resolveDependency(DefaultListableBeanFactory.java:1207)
	at org.springframework.beans.factory.support.AbstractAutowireCapableBeanFactory.autowireByType(AbstractAutowireCapableBeanFactory.java:1511)
	... 48 common frames omitted
Caused by: org.springframework.beans.BeanInstantiationException: Failed to instantiate [org.apache.ibatis.session.SqlSessionFactory]: Factory method 'sqlSessionFactory' threw exception; nested exception is java.lang.NoClassDefFoundError: BigDecimal
	at org.springframework.beans.factory.support.SimpleInstantiationStrategy.instantiate(SimpleInstantiationStrategy.java:185)
	at org.springframework.beans.factory.support.ConstructorResolver.instantiate(ConstructorResolver.java:651)
	... 61 common frames omitted
Caused by: java.lang.NoClassDefFoundError: BigDecimal
	at java.lang.Class.getDeclaredMethods0(Native Method)
	at java.lang.Class.privateGetDeclaredMethods(Class.java:2701)
	at java.lang.Class.getDeclaredMethods(Class.java:1975)
	at org.apache.ibatis.reflection.Reflector.getClassMethods(Reflector.java:278)
	at org.apache.ibatis.reflection.Reflector.addGetMethods(Reflector.java:87)
	at org.apache.ibatis.reflection.Reflector.<init>(Reflector.java:66)
	at java.util.concurrent.ConcurrentHashMap.computeIfAbsent(ConcurrentHashMap.java:1660)
	at org.apache.ibatis.reflection.DefaultReflectorFactory.findForClass(DefaultReflectorFactory.java:42)
	at org.apache.ibatis.reflection.MetaClass.<init>(MetaClass.java:39)
	at org.apache.ibatis.reflection.MetaClass.forClass(MetaClass.java:43)
	at org.apache.ibatis.builder.SqlSourceBuilder$ParameterMappingTokenHandler.buildParameterMapping(SqlSourceBuilder.java:84)
	at org.apache.ibatis.builder.SqlSourceBuilder$ParameterMappingTokenHandler.handleToken(SqlSourceBuilder.java:67)
	at org.apache.ibatis.parsing.GenericTokenParser.parse(GenericTokenParser.java:77)
	at org.apache.ibatis.builder.SqlSourceBuilder.parse(SqlSourceBuilder.java:45)
	at org.apache.ibatis.scripting.defaults.RawSqlSource.<init>(RawSqlSource.java:46)
	at org.apache.ibatis.scripting.defaults.RawSqlSource.<init>(RawSqlSource.java:40)
	at org.apache.ibatis.scripting.xmltags.XMLScriptBuilder.parseScriptNode(XMLScriptBuilder.java:72)
	at org.apache.ibatis.scripting.xmltags.XMLLanguageDriver.createSqlSource(XMLLanguageDriver.java:44)
	at org.apache.ibatis.builder.xml.XMLStatementBuilder.parseStatementNode(XMLStatementBuilder.java:96)
	at org.apache.ibatis.builder.xml.XMLMapperBuilder.buildStatementFromContext(XMLMapperBuilder.java:137)
	at org.apache.ibatis.builder.xml.XMLMapperBuilder.buildStatementFromContext(XMLMapperBuilder.java:130)
	at org.apache.ibatis.builder.xml.XMLMapperBuilder.configurationElement(XMLMapperBuilder.java:120)
	at org.apache.ibatis.builder.xml.XMLMapperBuilder.parse(XMLMapperBuilder.java:94)
	at org.mybatis.spring.SqlSessionFactoryBean.buildSqlSessionFactory(SqlSessionFactoryBean.java:593)
	at org.mybatis.spring.SqlSessionFactoryBean.afterPropertiesSet(SqlSessionFactoryBean.java:475)
	at org.mybatis.spring.SqlSessionFactoryBean.getObject(SqlSessionFactoryBean.java:615)
	at org.mybatis.spring.boot.autoconfigure.MybatisAutoConfiguration.sqlSessionFactory(MybatisAutoConfiguration.java:180)
	at org.mybatis.spring.boot.autoconfigure.MybatisAutoConfiguration$$EnhancerBySpringCGLIB$$7e624ec8.CGLIB$sqlSessionFactory$0(<generated>)
	at org.mybatis.spring.boot.autoconfigure.MybatisAutoConfiguration$$EnhancerBySpringCGLIB$$7e624ec8$$FastClassBySpringCGLIB$$5e20ae1e.invoke(<generated>)
	at org.springframework.cglib.proxy.MethodProxy.invokeSuper(MethodProxy.java:244)
	at org.springframework.context.annotation.ConfigurationClassEnhancer$BeanMethodInterceptor.intercept(ConfigurationClassEnhancer.java:363)
	at org.mybatis.spring.boot.autoconfigure.MybatisAutoConfiguration$$EnhancerBySpringCGLIB$$7e624ec8.sqlSessionFactory(<generated>)
	at sun.reflect.NativeMethodAccessorImpl.invoke0(Native Method)
	at sun.reflect.NativeMethodAccessorImpl.invoke(NativeMethodAccessorImpl.java:62)
	at sun.reflect.DelegatingMethodAccessorImpl.invoke(DelegatingMethodAccessorImpl.java:43)
	at java.lang.reflect.Method.invoke(Method.java:498)
	at org.springframework.beans.factory.support.SimpleInstantiationStrategy.instantiate(SimpleInstantiationStrategy.java:154)
	... 62 common frames omitted
Caused by: java.lang.ClassNotFoundException: BigDecimal
	at java.net.URLClassLoader.findClass(URLClassLoader.java:382)
	at java.lang.ClassLoader.loadClass(ClassLoader.java:418)
	at sun.misc.Launcher$AppClassLoader.loadClass(Launcher.java:355)
	at java.lang.ClassLoader.loadClass(ClassLoader.java:351)
	at org.springframework.boot.devtools.restart.classloader.RestartClassLoader.loadClass(RestartClassLoader.java:144)
	at java.lang.ClassLoader.loadClass(ClassLoader.java:351)
	... 99 common frames omitted
2020-02-24 17:35:35 -Starting Eshop1Application on DESKTOP-43IB5P6 with PID 9280 (F:\JAVA_lianxi\eshop1\target\classes started by EDT灬谭泽豪 in F:\JAVA_lianxi\eshop1)
2020-02-24 17:35:35 -No active profile set, falling back to default profiles: default
2020-02-24 17:35:35 -Multiple Spring Data modules found, entering strict repository configuration mode!
2020-02-24 17:35:35 -Bootstrapping Spring Data Redis repositories in DEFAULT mode.
2020-02-24 17:35:35 -Finished Spring Data repository scanning in 11ms. Found 0 Redis repository interfaces.
2020-02-24 17:35:35 -Bean 'org.springframework.transaction.annotation.ProxyTransactionManagementConfiguration' of type [org.springframework.transaction.annotation.ProxyTransactionManagementConfiguration] is not eligible for getting processed by all BeanPostProcessors (for example: not eligible for auto-proxying)
2020-02-24 17:35:35 -Tomcat initialized with port(s): 80 (http)
2020-02-24 17:35:35 -Initializing ProtocolHandler ["http-nio-80"]
2020-02-24 17:35:35 -Starting service [Tomcat]
2020-02-24 17:35:35 -Starting Servlet engine: [Apache Tomcat/9.0.30]
2020-02-24 17:35:35 -Initializing Spring embedded WebApplicationContext
2020-02-24 17:35:35 -Root WebApplicationContext: initialization completed in 377 ms
2020-02-24 17:35:36 -Initializing ExecutorService 'applicationTaskExecutor'
2020-02-24 17:35:36 -Adding welcome page: class path resource [static/index.html]
2020-02-24 17:35:36 -LiveReload server is running on port 35729
2020-02-24 17:35:36 -Starting ProtocolHandler ["http-nio-80"]
2020-02-24 17:35:36 -Tomcat started on port(s): 80 (http) with context path ''
2020-02-24 17:35:36 -Started Eshop1Application in 0.783 seconds (JVM running for 70513.142)
2020-02-24 17:35:36 -Condition evaluation unchanged
2020-02-24 17:36:06 -Starting Eshop1Application on DESKTOP-43IB5P6 with PID 11792 (F:\JAVA_lianxi\eshop1\target\classes started by EDT灬谭泽豪 in F:\JAVA_lianxi\eshop1)
2020-02-24 17:36:06 -No active profile set, falling back to default profiles: default
2020-02-24 17:36:06 -Devtools property defaults active! Set 'spring.devtools.add-properties' to 'false' to disable
2020-02-24 17:36:06 -For additional web related logging consider setting the 'logging.level.web' property to 'DEBUG'
2020-02-24 17:36:07 -Multiple Spring Data modules found, entering strict repository configuration mode!
2020-02-24 17:36:07 -Bootstrapping Spring Data Redis repositories in DEFAULT mode.
2020-02-24 17:36:07 -Finished Spring Data repository scanning in 37ms. Found 0 Redis repository interfaces.
2020-02-24 17:36:07 -Bean 'org.springframework.transaction.annotation.ProxyTransactionManagementConfiguration' of type [org.springframework.transaction.annotation.ProxyTransactionManagementConfiguration] is not eligible for getting processed by all BeanPostProcessors (for example: not eligible for auto-proxying)
2020-02-24 17:36:08 -Tomcat initialized with port(s): 80 (http)
2020-02-24 17:36:08 -Initializing ProtocolHandler ["http-nio-80"]
2020-02-24 17:36:08 -Starting service [Tomcat]
2020-02-24 17:36:08 -Starting Servlet engine: [Apache Tomcat/9.0.30]
2020-02-24 17:36:08 -Initializing Spring embedded WebApplicationContext
2020-02-24 17:36:08 -Root WebApplicationContext: initialization completed in 1796 ms
2020-02-24 17:36:08 -Initializing ExecutorService 'applicationTaskExecutor'
2020-02-24 17:36:09 -Adding welcome page: class path resource [static/index.html]
2020-02-24 17:36:09 -LiveReload server is running on port 35729
2020-02-24 17:36:09 -Starting ProtocolHandler ["http-nio-80"]
2020-02-24 17:36:09 -Tomcat started on port(s): 80 (http) with context path ''
2020-02-24 17:36:09 -Started Eshop1Application in 3.675 seconds (JVM running for 4.151)
2020-02-24 17:36:45 -Initializing Spring DispatcherServlet 'dispatcherServlet'
2020-02-24 17:36:45 -Initializing Servlet 'dispatcherServlet'
2020-02-24 17:36:45 -Completed initialization in 5 ms
2020-02-24 17:39:36 -{dataSource-1} inited
2020-02-24 17:43:56 -Resolved [org.springframework.validation.BindException: org.springframework.validation.BeanPropertyBindingResult: 2 errors
Field error in object 'sysRoleDO' on field 'gmtCreate': rejected value [2019-12-24]; codes [typeMismatch.sysRoleDO.gmtCreate,typeMismatch.gmtCreate,typeMismatch.java.util.Date,typeMismatch]; arguments [org.springframework.context.support.DefaultMessageSourceResolvable: codes [sysRoleDO.gmtCreate,gmtCreate]; arguments []; default message [gmtCreate]]; default message [Failed to convert property value of type 'java.lang.String' to required type 'java.util.Date' for property 'gmtCreate'; nested exception is org.springframework.core.convert.ConversionFailedException: Failed to convert from type [java.lang.String] to type [java.util.Date] for value '2019-12-24'; nested exception is java.lang.IllegalArgumentException]
Field error in object 'sysRoleDO' on field 'gmtModified': rejected value [2019-12-24]; codes [typeMismatch.sysRoleDO.gmtModified,typeMismatch.gmtModified,typeMismatch.java.util.Date,typeMismatch]; arguments [org.springframework.context.support.DefaultMessageSourceResolvable: codes [sysRoleDO.gmtModified,gmtModified]; arguments []; default message [gmtModified]]; default message [Failed to convert property value of type 'java.lang.String' to required type 'java.util.Date' for property 'gmtModified'; nested exception is org.springframework.core.convert.ConversionFailedException: Failed to convert from type [java.lang.String] to type [java.util.Date] for value '2019-12-24'; nested exception is java.lang.IllegalArgumentException]]
2020-02-24 17:48:32 -Shutting down ExecutorService 'applicationTaskExecutor'
2020-02-24 17:48:32 -{dataSource-1} closed
2020-02-24 17:48:33 -Starting Eshop1Application on DESKTOP-43IB5P6 with PID 11792 (F:\JAVA_lianxi\eshop1\target\classes started by EDT灬谭泽豪 in F:\JAVA_lianxi\eshop1)
2020-02-24 17:48:33 -No active profile set, falling back to default profiles: default
2020-02-24 17:48:33 -Multiple Spring Data modules found, entering strict repository configuration mode!
2020-02-24 17:48:33 -Bootstrapping Spring Data Redis repositories in DEFAULT mode.
2020-02-24 17:48:33 -Finished Spring Data repository scanning in 24ms. Found 0 Redis repository interfaces.
2020-02-24 17:48:33 -Bean 'org.springframework.transaction.annotation.ProxyTransactionManagementConfiguration' of type [org.springframework.transaction.annotation.ProxyTransactionManagementConfiguration] is not eligible for getting processed by all BeanPostProcessors (for example: not eligible for auto-proxying)
2020-02-24 17:48:34 -Tomcat initialized with port(s): 80 (http)
2020-02-24 17:48:34 -Initializing ProtocolHandler ["http-nio-80"]
2020-02-24 17:48:34 -Starting service [Tomcat]
2020-02-24 17:48:34 -Starting Servlet engine: [Apache Tomcat/9.0.30]
2020-02-24 17:48:34 -Initializing Spring embedded WebApplicationContext
2020-02-24 17:48:34 -Root WebApplicationContext: initialization completed in 797 ms
2020-02-24 17:48:34 -Initializing ExecutorService 'applicationTaskExecutor'
2020-02-24 17:48:34 -Adding welcome page: class path resource [static/index.html]
2020-02-24 17:48:34 -LiveReload server is running on port 35729
2020-02-24 17:48:34 -Starting ProtocolHandler ["http-nio-80"]
2020-02-24 17:48:34 -Tomcat started on port(s): 80 (http) with context path ''
2020-02-24 17:48:34 -Started Eshop1Application in 1.624 seconds (JVM running for 749.463)
2020-02-24 17:48:34 -Condition evaluation unchanged
2020-02-24 17:51:46 -Starting Eshop1ApplicationTests on DESKTOP-43IB5P6 with PID 18988 (started by EDT灬谭泽豪 in F:\JAVA_lianxi\eshop1)
2020-02-24 17:51:46 -No active profile set, falling back to default profiles: default
2020-02-24 17:51:47 -Multiple Spring Data modules found, entering strict repository configuration mode!
2020-02-24 17:51:47 -Bootstrapping Spring Data Redis repositories in DEFAULT mode.
2020-02-24 17:51:47 -Finished Spring Data repository scanning in 31ms. Found 0 Redis repository interfaces.
2020-02-24 17:51:47 -Bean 'org.springframework.transaction.annotation.ProxyTransactionManagementConfiguration' of type [org.springframework.transaction.annotation.ProxyTransactionManagementConfiguration] is not eligible for getting processed by all BeanPostProcessors (for example: not eligible for auto-proxying)
2020-02-24 17:51:48 -Initializing ExecutorService 'applicationTaskExecutor'
2020-02-24 17:51:49 -Adding welcome page: class path resource [static/index.html]
2020-02-24 17:51:49 -Started Eshop1ApplicationTests in 3.999 seconds (JVM running for 5.343)
2020-02-24 17:51:50 -Shutting down ExecutorService 'applicationTaskExecutor'
2020-02-24 19:27:38 -Starting TestRoleDao on DESKTOP-43IB5P6 with PID 22964 (started by EDT灬谭泽豪 in F:\JAVA_lianxi\eshop1)
2020-02-24 19:27:38 -No active profile set, falling back to default profiles: default
2020-02-24 19:27:39 -Multiple Spring Data modules found, entering strict repository configuration mode!
2020-02-24 19:27:39 -Bootstrapping Spring Data Redis repositories in DEFAULT mode.
2020-02-24 19:27:40 -Finished Spring Data repository scanning in 43ms. Found 0 Redis repository interfaces.
2020-02-24 19:27:40 -Bean 'org.springframework.transaction.annotation.ProxyTransactionManagementConfiguration' of type [org.springframework.transaction.annotation.ProxyTransactionManagementConfiguration] is not eligible for getting processed by all BeanPostProcessors (for example: not eligible for auto-proxying)
2020-02-24 19:27:42 -Initializing ExecutorService 'applicationTaskExecutor'
2020-02-24 19:27:43 -Adding welcome page: class path resource [static/index.html]
2020-02-24 19:27:44 -Started TestRoleDao in 5.906 seconds (JVM running for 7.173)
2020-02-24 19:27:44 -{dataSource-1} inited
2020-02-24 19:27:44 -Shutting down ExecutorService 'applicationTaskExecutor'
2020-02-24 19:27:44 -{dataSource-1} closed
2020-02-24 19:28:24 -Shutting down ExecutorService 'applicationTaskExecutor'
2020-02-24 19:28:25 -Starting Eshop1Application on DESKTOP-43IB5P6 with PID 11792 (F:\JAVA_lianxi\eshop1\target\classes started by EDT灬谭泽豪 in F:\JAVA_lianxi\eshop1)
2020-02-24 19:28:25 -No active profile set, falling back to default profiles: default
2020-02-24 19:28:25 -Multiple Spring Data modules found, entering strict repository configuration mode!
2020-02-24 19:28:25 -Bootstrapping Spring Data Redis repositories in DEFAULT mode.
2020-02-24 19:28:25 -Finished Spring Data repository scanning in 14ms. Found 0 Redis repository interfaces.
2020-02-24 19:28:25 -Bean 'org.springframework.transaction.annotation.ProxyTransactionManagementConfiguration' of type [org.springframework.transaction.annotation.ProxyTransactionManagementConfiguration] is not eligible for getting processed by all BeanPostProcessors (for example: not eligible for auto-proxying)
2020-02-24 19:28:25 -Tomcat initialized with port(s): 80 (http)
2020-02-24 19:28:25 -Initializing ProtocolHandler ["http-nio-80"]
2020-02-24 19:28:25 -Starting service [Tomcat]
2020-02-24 19:28:25 -Starting Servlet engine: [Apache Tomcat/9.0.30]
2020-02-24 19:28:25 -Initializing Spring embedded WebApplicationContext
2020-02-24 19:28:25 -Root WebApplicationContext: initialization completed in 430 ms
2020-02-24 19:28:25 -Initializing ExecutorService 'applicationTaskExecutor'
2020-02-24 19:28:25 -Adding welcome page: class path resource [static/index.html]
2020-02-24 19:28:26 -LiveReload server is running on port 35729
2020-02-24 19:28:26 -Starting ProtocolHandler ["http-nio-80"]
2020-02-24 19:28:26 -Tomcat started on port(s): 80 (http) with context path ''
2020-02-24 19:28:26 -Started Eshop1Application in 1.014 seconds (JVM running for 6740.688)
2020-02-24 19:28:26 -Condition evaluation unchanged
2020-02-24 19:28:31 -Starting TestRoleDao on DESKTOP-43IB5P6 with PID 2312 (started by EDT灬谭泽豪 in F:\JAVA_lianxi\eshop1)
2020-02-24 19:28:31 -No active profile set, falling back to default profiles: default
2020-02-24 19:28:32 -Multiple Spring Data modules found, entering strict repository configuration mode!
2020-02-24 19:28:32 -Bootstrapping Spring Data Redis repositories in DEFAULT mode.
2020-02-24 19:28:32 -Finished Spring Data repository scanning in 39ms. Found 0 Redis repository interfaces.
2020-02-24 19:28:33 -Bean 'org.springframework.transaction.annotation.ProxyTransactionManagementConfiguration' of type [org.springframework.transaction.annotation.ProxyTransactionManagementConfiguration] is not eligible for getting processed by all BeanPostProcessors (for example: not eligible for auto-proxying)
2020-02-24 19:28:35 -Initializing ExecutorService 'applicationTaskExecutor'
2020-02-24 19:28:35 -Adding welcome page: class path resource [static/index.html]
2020-02-24 19:28:36 -Started TestRoleDao in 6.004 seconds (JVM running for 7.258)
2020-02-24 19:28:37 -{dataSource-1} inited
2020-02-24 19:28:37 -Shutting down ExecutorService 'applicationTaskExecutor'
2020-02-24 19:28:37 -{dataSource-1} closed
2020-02-24 19:29:07 -Starting TestRoleDao on DESKTOP-43IB5P6 with PID 11936 (started by EDT灬谭泽豪 in F:\JAVA_lianxi\eshop1)
2020-02-24 19:29:08 -No active profile set, falling back to default profiles: default
2020-02-24 19:29:09 -Multiple Spring Data modules found, entering strict repository configuration mode!
2020-02-24 19:29:09 -Bootstrapping Spring Data Redis repositories in DEFAULT mode.
2020-02-24 19:29:09 -Finished Spring Data repository scanning in 72ms. Found 0 Redis repository interfaces.
2020-02-24 19:29:10 -Bean 'org.springframework.transaction.annotation.ProxyTransactionManagementConfiguration' of type [org.springframework.transaction.annotation.ProxyTransactionManagementConfiguration] is not eligible for getting processed by all BeanPostProcessors (for example: not eligible for auto-proxying)
2020-02-24 19:29:13 -Initializing ExecutorService 'applicationTaskExecutor'
2020-02-24 19:29:13 -Adding welcome page: class path resource [static/index.html]
2020-02-24 19:29:15 -Started TestRoleDao in 8.07 seconds (JVM running for 11.02)
2020-02-24 19:29:15 -{dataSource-1} inited
2020-02-24 19:29:16 -Shutting down ExecutorService 'applicationTaskExecutor'
2020-02-24 19:29:16 -{dataSource-1} closed
2020-02-24 19:31:39 -Starting TestRoleDao on DESKTOP-43IB5P6 with PID 15300 (started by EDT灬谭泽豪 in F:\JAVA_lianxi\eshop1)
2020-02-24 19:31:39 -No active profile set, falling back to default profiles: default
2020-02-24 19:31:41 -Multiple Spring Data modules found, entering strict repository configuration mode!
2020-02-24 19:31:41 -Bootstrapping Spring Data Redis repositories in DEFAULT mode.
2020-02-24 19:31:41 -Finished Spring Data repository scanning in 52ms. Found 0 Redis repository interfaces.
2020-02-24 19:31:42 -Bean 'org.springframework.transaction.annotation.ProxyTransactionManagementConfiguration' of type [org.springframework.transaction.annotation.ProxyTransactionManagementConfiguration] is not eligible for getting processed by all BeanPostProcessors (for example: not eligible for auto-proxying)
2020-02-24 19:31:44 -Initializing ExecutorService 'applicationTaskExecutor'
2020-02-24 19:31:44 -Adding welcome page: class path resource [static/index.html]
2020-02-24 19:31:45 -Started TestRoleDao in 6.949 seconds (JVM running for 8.699)
2020-02-24 19:31:46 -{dataSource-1} inited
2020-02-24 19:31:46 -Shutting down ExecutorService 'applicationTaskExecutor'
2020-02-24 19:31:46 -{dataSource-1} closed
2020-02-24 19:33:24 -Shutting down ExecutorService 'applicationTaskExecutor'
2020-02-24 19:33:24 -Starting Eshop1Application on DESKTOP-43IB5P6 with PID 11792 (F:\JAVA_lianxi\eshop1\target\classes started by EDT灬谭泽豪 in F:\JAVA_lianxi\eshop1)
2020-02-24 19:33:24 -No active profile set, falling back to default profiles: default
2020-02-24 19:33:24 -Multiple Spring Data modules found, entering strict repository configuration mode!
2020-02-24 19:33:24 -Bootstrapping Spring Data Redis repositories in DEFAULT mode.
2020-02-24 19:33:24 -Finished Spring Data repository scanning in 19ms. Found 0 Redis repository interfaces.
2020-02-24 19:33:24 -Bean 'org.springframework.transaction.annotation.ProxyTransactionManagementConfiguration' of type [org.springframework.transaction.annotation.ProxyTransactionManagementConfiguration] is not eligible for getting processed by all BeanPostProcessors (for example: not eligible for auto-proxying)
2020-02-24 19:33:25 -Tomcat initialized with port(s): 80 (http)
2020-02-24 19:33:25 -Initializing ProtocolHandler ["http-nio-80"]
2020-02-24 19:33:25 -Starting service [Tomcat]
2020-02-24 19:33:25 -Starting Servlet engine: [Apache Tomcat/9.0.30]
2020-02-24 19:33:25 -Initializing Spring embedded WebApplicationContext
2020-02-24 19:33:25 -Root WebApplicationContext: initialization completed in 698 ms
2020-02-24 19:33:25 -Initializing ExecutorService 'applicationTaskExecutor'
2020-02-24 19:33:25 -Adding welcome page: class path resource [static/index.html]
2020-02-24 19:33:25 -LiveReload server is running on port 35729
2020-02-24 19:33:25 -Starting ProtocolHandler ["http-nio-80"]
2020-02-24 19:33:25 -Tomcat started on port(s): 80 (http) with context path ''
2020-02-24 19:33:25 -Started Eshop1Application in 1.444 seconds (JVM running for 7040.441)
2020-02-24 19:33:25 -Condition evaluation unchanged
2020-02-24 19:34:41 -Shutting down ExecutorService 'applicationTaskExecutor'
2020-02-24 19:34:41 -Starting Eshop1Application on DESKTOP-43IB5P6 with PID 11792 (F:\JAVA_lianxi\eshop1\target\classes started by EDT灬谭泽豪 in F:\JAVA_lianxi\eshop1)
2020-02-24 19:34:41 -No active profile set, falling back to default profiles: default
2020-02-24 19:34:41 -Multiple Spring Data modules found, entering strict repository configuration mode!
2020-02-24 19:34:41 -Bootstrapping Spring Data Redis repositories in DEFAULT mode.
2020-02-24 19:34:41 -Finished Spring Data repository scanning in 12ms. Found 0 Redis repository interfaces.
2020-02-24 19:34:41 -Bean 'org.springframework.transaction.annotation.ProxyTransactionManagementConfiguration' of type [org.springframework.transaction.annotation.ProxyTransactionManagementConfiguration] is not eligible for getting processed by all BeanPostProcessors (for example: not eligible for auto-proxying)
2020-02-24 19:34:41 -Tomcat initialized with port(s): 80 (http)
2020-02-24 19:34:41 -Initializing ProtocolHandler ["http-nio-80"]
2020-02-24 19:34:41 -Starting service [Tomcat]
2020-02-24 19:34:41 -Starting Servlet engine: [Apache Tomcat/9.0.30]
2020-02-24 19:34:41 -Initializing Spring embedded WebApplicationContext
2020-02-24 19:34:41 -Root WebApplicationContext: initialization completed in 346 ms
2020-02-24 19:34:41 -Initializing ExecutorService 'applicationTaskExecutor'
2020-02-24 19:34:41 -Adding welcome page: class path resource [static/index.html]
2020-02-24 19:34:41 -LiveReload server is running on port 35729
2020-02-24 19:34:41 -Starting ProtocolHandler ["http-nio-80"]
2020-02-24 19:34:41 -Tomcat started on port(s): 80 (http) with context path ''
2020-02-24 19:34:41 -Started Eshop1Application in 0.73 seconds (JVM running for 7116.576)
2020-02-24 19:34:41 -Condition evaluation unchanged
2020-02-24 19:35:14 -Shutting down ExecutorService 'applicationTaskExecutor'
2020-02-24 19:35:14 -Starting Eshop1Application on DESKTOP-43IB5P6 with PID 11792 (F:\JAVA_lianxi\eshop1\target\classes started by EDT灬谭泽豪 in F:\JAVA_lianxi\eshop1)
2020-02-24 19:35:14 -No active profile set, falling back to default profiles: default
2020-02-24 19:35:15 -Multiple Spring Data modules found, entering strict repository configuration mode!
2020-02-24 19:35:15 -Bootstrapping Spring Data Redis repositories in DEFAULT mode.
2020-02-24 19:35:15 -Finished Spring Data repository scanning in 13ms. Found 0 Redis repository interfaces.
2020-02-24 19:35:15 -Bean 'org.springframework.transaction.annotation.ProxyTransactionManagementConfiguration' of type [org.springframework.transaction.annotation.ProxyTransactionManagementConfiguration] is not eligible for getting processed by all BeanPostProcessors (for example: not eligible for auto-proxying)
2020-02-24 19:35:15 -Tomcat initialized with port(s): 80 (http)
2020-02-24 19:35:15 -Initializing ProtocolHandler ["http-nio-80"]
2020-02-24 19:35:15 -Starting service [Tomcat]
2020-02-24 19:35:15 -Starting Servlet engine: [Apache Tomcat/9.0.30]
2020-02-24 19:35:15 -Initializing Spring embedded WebApplicationContext
2020-02-24 19:35:15 -Root WebApplicationContext: initialization completed in 458 ms
2020-02-24 19:35:15 -Initializing ExecutorService 'applicationTaskExecutor'
2020-02-24 19:35:15 -Adding welcome page: class path resource [static/index.html]
2020-02-24 19:35:15 -LiveReload server is running on port 35729
2020-02-24 19:35:15 -Starting ProtocolHandler ["http-nio-80"]
2020-02-24 19:35:15 -Tomcat started on port(s): 80 (http) with context path ''
2020-02-24 19:35:15 -Started Eshop1Application in 0.967 seconds (JVM running for 7150.335)
2020-02-24 19:35:15 -Condition evaluation unchanged
2020-02-24 19:35:58 -Shutting down ExecutorService 'applicationTaskExecutor'
2020-02-24 19:35:59 -Starting Eshop1Application on DESKTOP-43IB5P6 with PID 11792 (F:\JAVA_lianxi\eshop1\target\classes started by EDT灬谭泽豪 in F:\JAVA_lianxi\eshop1)
2020-02-24 19:35:59 -No active profile set, falling back to default profiles: default
2020-02-24 19:35:59 -Multiple Spring Data modules found, entering strict repository configuration mode!
2020-02-24 19:35:59 -Bootstrapping Spring Data Redis repositories in DEFAULT mode.
2020-02-24 19:35:59 -Finished Spring Data repository scanning in 13ms. Found 0 Redis repository interfaces.
2020-02-24 19:35:59 -Bean 'org.springframework.transaction.annotation.ProxyTransactionManagementConfiguration' of type [org.springframework.transaction.annotation.ProxyTransactionManagementConfiguration] is not eligible for getting processed by all BeanPostProcessors (for example: not eligible for auto-proxying)
2020-02-24 19:35:59 -Tomcat initialized with port(s): 80 (http)
2020-02-24 19:35:59 -Initializing ProtocolHandler ["http-nio-80"]
2020-02-24 19:35:59 -Starting service [Tomcat]
2020-02-24 19:35:59 -Starting Servlet engine: [Apache Tomcat/9.0.30]
2020-02-24 19:35:59 -Initializing Spring embedded WebApplicationContext
2020-02-24 19:35:59 -Root WebApplicationContext: initialization completed in 403 ms
2020-02-24 19:35:59 -Initializing ExecutorService 'applicationTaskExecutor'
2020-02-24 19:35:59 -Adding welcome page: class path resource [static/index.html]
2020-02-24 19:35:59 -LiveReload server is running on port 35729
2020-02-24 19:35:59 -Starting ProtocolHandler ["http-nio-80"]
2020-02-24 19:35:59 -Tomcat started on port(s): 80 (http) with context path ''
2020-02-24 19:35:59 -Started Eshop1Application in 0.825 seconds (JVM running for 7194.42)
2020-02-24 19:35:59 -Condition evaluation unchanged
2020-02-24 19:36:21 -Initializing Spring DispatcherServlet 'dispatcherServlet'
2020-02-24 19:36:21 -Initializing Servlet 'dispatcherServlet'
2020-02-24 19:36:21 -Completed initialization in 4 ms
2020-02-24 19:36:21 -{dataSource-2} inited
2020-02-24 19:36:44 -[THYMELEAF][http-nio-80-exec-6] Exception processing template "project/sysRole/edit": An error happened during template parsing (template: "class path resource [templates/project/sysRole/edit.html]")
org.thymeleaf.exceptions.TemplateInputException: An error happened during template parsing (template: "class path resource [templates/project/sysRole/edit.html]")
	at org.thymeleaf.templateparser.markup.AbstractMarkupTemplateParser.parse(AbstractMarkupTemplateParser.java:241)
	at org.thymeleaf.templateparser.markup.AbstractMarkupTemplateParser.parseStandalone(AbstractMarkupTemplateParser.java:100)
	at org.thymeleaf.engine.TemplateManager.parseAndProcess(TemplateManager.java:666)
	at org.thymeleaf.TemplateEngine.process(TemplateEngine.java:1098)
	at org.thymeleaf.TemplateEngine.process(TemplateEngine.java:1072)
	at org.thymeleaf.spring5.view.ThymeleafView.renderFragment(ThymeleafView.java:362)
	at org.thymeleaf.spring5.view.ThymeleafView.render(ThymeleafView.java:189)
	at org.springframework.web.servlet.DispatcherServlet.render(DispatcherServlet.java:1373)
	at org.springframework.web.servlet.DispatcherServlet.processDispatchResult(DispatcherServlet.java:1118)
	at org.springframework.web.servlet.DispatcherServlet.doDispatch(DispatcherServlet.java:1057)
	at org.springframework.web.servlet.DispatcherServlet.doService(DispatcherServlet.java:943)
	at org.springframework.web.servlet.FrameworkServlet.processRequest(FrameworkServlet.java:1006)
	at org.springframework.web.servlet.FrameworkServlet.doGet(FrameworkServlet.java:898)
	at javax.servlet.http.HttpServlet.service(HttpServlet.java:634)
	at org.springframework.web.servlet.FrameworkServlet.service(FrameworkServlet.java:883)
	at javax.servlet.http.HttpServlet.service(HttpServlet.java:741)
	at org.apache.catalina.core.ApplicationFilterChain.internalDoFilter(ApplicationFilterChain.java:231)
	at org.apache.catalina.core.ApplicationFilterChain.doFilter(ApplicationFilterChain.java:166)
	at org.apache.tomcat.websocket.server.WsFilter.doFilter(WsFilter.java:53)
	at org.apache.catalina.core.ApplicationFilterChain.internalDoFilter(ApplicationFilterChain.java:193)
	at org.apache.catalina.core.ApplicationFilterChain.doFilter(ApplicationFilterChain.java:166)
	at org.springframework.web.filter.RequestContextFilter.doFilterInternal(RequestContextFilter.java:100)
	at org.springframework.web.filter.OncePerRequestFilter.doFilter(OncePerRequestFilter.java:119)
	at org.apache.catalina.core.ApplicationFilterChain.internalDoFilter(ApplicationFilterChain.java:193)
	at org.apache.catalina.core.ApplicationFilterChain.doFilter(ApplicationFilterChain.java:166)
	at org.springframework.web.filter.FormContentFilter.doFilterInternal(FormContentFilter.java:93)
	at org.springframework.web.filter.OncePerRequestFilter.doFilter(OncePerRequestFilter.java:119)
	at org.apache.catalina.core.ApplicationFilterChain.internalDoFilter(ApplicationFilterChain.java:193)
	at org.apache.catalina.core.ApplicationFilterChain.doFilter(ApplicationFilterChain.java:166)
	at org.springframework.web.filter.CharacterEncodingFilter.doFilterInternal(CharacterEncodingFilter.java:201)
	at org.springframework.web.filter.OncePerRequestFilter.doFilter(OncePerRequestFilter.java:119)
	at org.apache.catalina.core.ApplicationFilterChain.internalDoFilter(ApplicationFilterChain.java:193)
	at org.apache.catalina.core.ApplicationFilterChain.doFilter(ApplicationFilterChain.java:166)
	at org.apache.catalina.core.StandardWrapperValve.invoke(StandardWrapperValve.java:202)
	at org.apache.catalina.core.StandardContextValve.invoke(StandardContextValve.java:96)
	at org.apache.catalina.authenticator.AuthenticatorBase.invoke(AuthenticatorBase.java:541)
	at org.apache.catalina.core.StandardHostValve.invoke(StandardHostValve.java:139)
	at org.apache.catalina.valves.ErrorReportValve.invoke(ErrorReportValve.java:92)
	at org.apache.catalina.core.StandardEngineValve.invoke(StandardEngineValve.java:74)
	at org.apache.catalina.connector.CoyoteAdapter.service(CoyoteAdapter.java:343)
	at org.apache.coyote.http11.Http11Processor.service(Http11Processor.java:367)
	at org.apache.coyote.AbstractProcessorLight.process(AbstractProcessorLight.java:65)
	at org.apache.coyote.AbstractProtocol$ConnectionHandler.process(AbstractProtocol.java:860)
	at org.apache.tomcat.util.net.NioEndpoint$SocketProcessor.doRun(NioEndpoint.java:1598)
	at org.apache.tomcat.util.net.SocketProcessorBase.run(SocketProcessorBase.java:49)
	at java.util.concurrent.ThreadPoolExecutor.runWorker(ThreadPoolExecutor.java:1149)
	at java.util.concurrent.ThreadPoolExecutor$Worker.run(ThreadPoolExecutor.java:624)
	at org.apache.tomcat.util.threads.TaskThread$WrappingRunnable.run(TaskThread.java:61)
	at java.lang.Thread.run(Thread.java:748)
Caused by: org.attoparser.ParseException: Exception evaluating SpringEL expression: "sysRole.role_id" (template: "project/sysRole/edit" - line 12, col 42)
	at org.attoparser.MarkupParser.parseDocument(MarkupParser.java:393)
	at org.attoparser.MarkupParser.parse(MarkupParser.java:257)
	at org.thymeleaf.templateparser.markup.AbstractMarkupTemplateParser.parse(AbstractMarkupTemplateParser.java:230)
	... 48 common frames omitted
Caused by: org.thymeleaf.exceptions.TemplateProcessingException: Exception evaluating SpringEL expression: "sysRole.role_id" (template: "project/sysRole/edit" - line 12, col 42)
	at org.thymeleaf.spring5.expression.SPELVariableExpressionEvaluator.evaluate(SPELVariableExpressionEvaluator.java:290)
	at org.thymeleaf.standard.expression.VariableExpression.executeVariableExpression(VariableExpression.java:166)
	at org.thymeleaf.standard.expression.SimpleExpression.executeSimple(SimpleExpression.java:66)
	at org.thymeleaf.standard.expression.Expression.execute(Expression.java:109)
	at org.thymeleaf.standard.expression.Expression.execute(Expression.java:138)
	at org.thymeleaf.standard.processor.AbstractStandardExpressionAttributeTagProcessor.doProcess(AbstractStandardExpressionAttributeTagProcessor.java:144)
	at org.thymeleaf.processor.element.AbstractAttributeTagProcessor.doProcess(AbstractAttributeTagProcessor.java:74)
	at org.thymeleaf.processor.element.AbstractElementTagProcessor.process(AbstractElementTagProcessor.java:95)
	at org.thymeleaf.util.ProcessorConfigurationUtils$ElementTagProcessorWrapper.process(ProcessorConfigurationUtils.java:633)
	at org.thymeleaf.engine.ProcessorTemplateHandler.handleStandaloneElement(ProcessorTemplateHandler.java:918)
	at org.thymeleaf.engine.TemplateHandlerAdapterMarkupHandler.handleStandaloneElementEnd(TemplateHandlerAdapterMarkupHandler.java:260)
	at org.thymeleaf.templateparser.markup.InlinedOutputExpressionMarkupHandler$InlineMarkupAdapterPreProcessorHandler.handleStandaloneElementEnd(InlinedOutputExpressionMarkupHandler.java:256)
	at org.thymeleaf.standard.inline.OutputExpressionInlinePreProcessorHandler.handleStandaloneElementEnd(OutputExpressionInlinePreProcessorHandler.java:169)
	at org.thymeleaf.templateparser.markup.InlinedOutputExpressionMarkupHandler.handleStandaloneElementEnd(InlinedOutputExpressionMarkupHandler.java:104)
	at org.attoparser.HtmlVoidElement.handleOpenElementEnd(HtmlVoidElement.java:92)
	at org.attoparser.HtmlMarkupHandler.handleOpenElementEnd(HtmlMarkupHandler.java:297)
	at org.attoparser.MarkupEventProcessorHandler.handleOpenElementEnd(MarkupEventProcessorHandler.java:402)
	at org.attoparser.ParsingElementMarkupUtil.parseOpenElement(ParsingElementMarkupUtil.java:159)
	at org.attoparser.MarkupParser.parseBuffer(MarkupParser.java:710)
	at org.attoparser.MarkupParser.parseDocument(MarkupParser.java:301)
	... 50 common frames omitted
Caused by: org.springframework.expression.spel.SpelEvaluationException: EL1008E: Property or field 'role_id' cannot be found on object of type 'com.octopus.project.domain.SysRoleDO' - maybe not public or not valid?
	at org.springframework.expression.spel.ast.PropertyOrFieldReference.readProperty(PropertyOrFieldReference.java:217)
	at org.springframework.expression.spel.ast.PropertyOrFieldReference.getValueInternal(PropertyOrFieldReference.java:104)
	at org.springframework.expression.spel.ast.PropertyOrFieldReference.access$000(PropertyOrFieldReference.java:51)
	at org.springframework.expression.spel.ast.PropertyOrFieldReference$AccessorLValue.getValue(PropertyOrFieldReference.java:406)
	at org.springframework.expression.spel.ast.CompoundExpression.getValueInternal(CompoundExpression.java:92)
	at org.springframework.expression.spel.ast.SpelNodeImpl.getValue(SpelNodeImpl.java:112)
	at org.springframework.expression.spel.standard.SpelExpression.getValue(SpelExpression.java:337)
	at org.thymeleaf.spring5.expression.SPELVariableExpressionEvaluator.evaluate(SPELVariableExpressionEvaluator.java:263)
	... 69 common frames omitted
2020-02-24 19:36:44 -Servlet.service() for servlet [dispatcherServlet] in context with path [] threw exception [Request processing failed; nested exception is org.thymeleaf.exceptions.TemplateInputException: An error happened during template parsing (template: "class path resource [templates/project/sysRole/edit.html]")] with root cause
org.springframework.expression.spel.SpelEvaluationException: EL1008E: Property or field 'role_id' cannot be found on object of type 'com.octopus.project.domain.SysRoleDO' - maybe not public or not valid?
	at org.springframework.expression.spel.ast.PropertyOrFieldReference.readProperty(PropertyOrFieldReference.java:217)
	at org.springframework.expression.spel.ast.PropertyOrFieldReference.getValueInternal(PropertyOrFieldReference.java:104)
	at org.springframework.expression.spel.ast.PropertyOrFieldReference.access$000(PropertyOrFieldReference.java:51)
	at org.springframework.expression.spel.ast.PropertyOrFieldReference$AccessorLValue.getValue(PropertyOrFieldReference.java:406)
	at org.springframework.expression.spel.ast.CompoundExpression.getValueInternal(CompoundExpression.java:92)
	at org.springframework.expression.spel.ast.SpelNodeImpl.getValue(SpelNodeImpl.java:112)
	at org.springframework.expression.spel.standard.SpelExpression.getValue(SpelExpression.java:337)
	at org.thymeleaf.spring5.expression.SPELVariableExpressionEvaluator.evaluate(SPELVariableExpressionEvaluator.java:263)
	at org.thymeleaf.standard.expression.VariableExpression.executeVariableExpression(VariableExpression.java:166)
	at org.thymeleaf.standard.expression.SimpleExpression.executeSimple(SimpleExpression.java:66)
	at org.thymeleaf.standard.expression.Expression.execute(Expression.java:109)
	at org.thymeleaf.standard.expression.Expression.execute(Expression.java:138)
	at org.thymeleaf.standard.processor.AbstractStandardExpressionAttributeTagProcessor.doProcess(AbstractStandardExpressionAttributeTagProcessor.java:144)
	at org.thymeleaf.processor.element.AbstractAttributeTagProcessor.doProcess(AbstractAttributeTagProcessor.java:74)
	at org.thymeleaf.processor.element.AbstractElementTagProcessor.process(AbstractElementTagProcessor.java:95)
	at org.thymeleaf.util.ProcessorConfigurationUtils$ElementTagProcessorWrapper.process(ProcessorConfigurationUtils.java:633)
	at org.thymeleaf.engine.ProcessorTemplateHandler.handleStandaloneElement(ProcessorTemplateHandler.java:918)
	at org.thymeleaf.engine.TemplateHandlerAdapterMarkupHandler.handleStandaloneElementEnd(TemplateHandlerAdapterMarkupHandler.java:260)
	at org.thymeleaf.templateparser.markup.InlinedOutputExpressionMarkupHandler$InlineMarkupAdapterPreProcessorHandler.handleStandaloneElementEnd(InlinedOutputExpressionMarkupHandler.java:256)
	at org.thymeleaf.standard.inline.OutputExpressionInlinePreProcessorHandler.handleStandaloneElementEnd(OutputExpressionInlinePreProcessorHandler.java:169)
	at org.thymeleaf.templateparser.markup.InlinedOutputExpressionMarkupHandler.handleStandaloneElementEnd(InlinedOutputExpressionMarkupHandler.java:104)
	at org.attoparser.HtmlVoidElement.handleOpenElementEnd(HtmlVoidElement.java:92)
	at org.attoparser.HtmlMarkupHandler.handleOpenElementEnd(HtmlMarkupHandler.java:297)
	at org.attoparser.MarkupEventProcessorHandler.handleOpenElementEnd(MarkupEventProcessorHandler.java:402)
	at org.attoparser.ParsingElementMarkupUtil.parseOpenElement(ParsingElementMarkupUtil.java:159)
	at org.attoparser.MarkupParser.parseBuffer(MarkupParser.java:710)
	at org.attoparser.MarkupParser.parseDocument(MarkupParser.java:301)
	at org.attoparser.MarkupParser.parse(MarkupParser.java:257)
	at org.thymeleaf.templateparser.markup.AbstractMarkupTemplateParser.parse(AbstractMarkupTemplateParser.java:230)
	at org.thymeleaf.templateparser.markup.AbstractMarkupTemplateParser.parseStandalone(AbstractMarkupTemplateParser.java:100)
	at org.thymeleaf.engine.TemplateManager.parseAndProcess(TemplateManager.java:666)
	at org.thymeleaf.TemplateEngine.process(TemplateEngine.java:1098)
	at org.thymeleaf.TemplateEngine.process(TemplateEngine.java:1072)
	at org.thymeleaf.spring5.view.ThymeleafView.renderFragment(ThymeleafView.java:362)
	at org.thymeleaf.spring5.view.ThymeleafView.render(ThymeleafView.java:189)
	at org.springframework.web.servlet.DispatcherServlet.render(DispatcherServlet.java:1373)
	at org.springframework.web.servlet.DispatcherServlet.processDispatchResult(DispatcherServlet.java:1118)
	at org.springframework.web.servlet.DispatcherServlet.doDispatch(DispatcherServlet.java:1057)
	at org.springframework.web.servlet.DispatcherServlet.doService(DispatcherServlet.java:943)
	at org.springframework.web.servlet.FrameworkServlet.processRequest(FrameworkServlet.java:1006)
	at org.springframework.web.servlet.FrameworkServlet.doGet(FrameworkServlet.java:898)
	at javax.servlet.http.HttpServlet.service(HttpServlet.java:634)
	at org.springframework.web.servlet.FrameworkServlet.service(FrameworkServlet.java:883)
	at javax.servlet.http.HttpServlet.service(HttpServlet.java:741)
	at org.apache.catalina.core.ApplicationFilterChain.internalDoFilter(ApplicationFilterChain.java:231)
	at org.apache.catalina.core.ApplicationFilterChain.doFilter(ApplicationFilterChain.java:166)
	at org.apache.tomcat.websocket.server.WsFilter.doFilter(WsFilter.java:53)
	at org.apache.catalina.core.ApplicationFilterChain.internalDoFilter(ApplicationFilterChain.java:193)
	at org.apache.catalina.core.ApplicationFilterChain.doFilter(ApplicationFilterChain.java:166)
	at org.springframework.web.filter.RequestContextFilter.doFilterInternal(RequestContextFilter.java:100)
	at org.springframework.web.filter.OncePerRequestFilter.doFilter(OncePerRequestFilter.java:119)
	at org.apache.catalina.core.ApplicationFilterChain.internalDoFilter(ApplicationFilterChain.java:193)
	at org.apache.catalina.core.ApplicationFilterChain.doFilter(ApplicationFilterChain.java:166)
	at org.springframework.web.filter.FormContentFilter.doFilterInternal(FormContentFilter.java:93)
	at org.springframework.web.filter.OncePerRequestFilter.doFilter(OncePerRequestFilter.java:119)
	at org.apache.catalina.core.ApplicationFilterChain.internalDoFilter(ApplicationFilterChain.java:193)
	at org.apache.catalina.core.ApplicationFilterChain.doFilter(ApplicationFilterChain.java:166)
	at org.springframework.web.filter.CharacterEncodingFilter.doFilterInternal(CharacterEncodingFilter.java:201)
	at org.springframework.web.filter.OncePerRequestFilter.doFilter(OncePerRequestFilter.java:119)
	at org.apache.catalina.core.ApplicationFilterChain.internalDoFilter(ApplicationFilterChain.java:193)
	at org.apache.catalina.core.ApplicationFilterChain.doFilter(ApplicationFilterChain.java:166)
	at org.apache.catalina.core.StandardWrapperValve.invoke(StandardWrapperValve.java:202)
	at org.apache.catalina.core.StandardContextValve.invoke(StandardContextValve.java:96)
	at org.apache.catalina.authenticator.AuthenticatorBase.invoke(AuthenticatorBase.java:541)
	at org.apache.catalina.core.StandardHostValve.invoke(StandardHostValve.java:139)
	at org.apache.catalina.valves.ErrorReportValve.invoke(ErrorReportValve.java:92)
	at org.apache.catalina.core.StandardEngineValve.invoke(StandardEngineValve.java:74)
	at org.apache.catalina.connector.CoyoteAdapter.service(CoyoteAdapter.java:343)
	at org.apache.coyote.http11.Http11Processor.service(Http11Processor.java:367)
	at org.apache.coyote.AbstractProcessorLight.process(AbstractProcessorLight.java:65)
	at org.apache.coyote.AbstractProtocol$ConnectionHandler.process(AbstractProtocol.java:860)
	at org.apache.tomcat.util.net.NioEndpoint$SocketProcessor.doRun(NioEndpoint.java:1598)
	at org.apache.tomcat.util.net.SocketProcessorBase.run(SocketProcessorBase.java:49)
	at java.util.concurrent.ThreadPoolExecutor.runWorker(ThreadPoolExecutor.java:1149)
	at java.util.concurrent.ThreadPoolExecutor$Worker.run(ThreadPoolExecutor.java:624)
	at org.apache.tomcat.util.threads.TaskThread$WrappingRunnable.run(TaskThread.java:61)
	at java.lang.Thread.run(Thread.java:748)
2020-02-24 19:45:48 -Resolved [org.springframework.validation.BindException: org.springframework.validation.BeanPropertyBindingResult: 2 errors
Field error in object 'sysDictDO' on field 'createDate': rejected value []; codes [typeMismatch.sysDictDO.createDate,typeMismatch.createDate,typeMismatch.java.util.Date,typeMismatch]; arguments [org.springframework.context.support.DefaultMessageSourceResolvable: codes [sysDictDO.createDate,createDate]; arguments []; default message [createDate]]; default message [Failed to convert property value of type 'java.lang.String' to required type 'java.util.Date' for property 'createDate'; nested exception is org.springframework.core.convert.ConversionFailedException: Failed to convert from type [java.lang.String] to type [java.util.Date] for value ''; nested exception is java.lang.IllegalArgumentException]
Field error in object 'sysDictDO' on field 'updateDate': rejected value []; codes [typeMismatch.sysDictDO.updateDate,typeMismatch.updateDate,typeMismatch.java.util.Date,typeMismatch]; arguments [org.springframework.context.support.DefaultMessageSourceResolvable: codes [sysDictDO.updateDate,updateDate]; arguments []; default message [updateDate]]; default message [Failed to convert property value of type 'java.lang.String' to required type 'java.util.Date' for property 'updateDate'; nested exception is org.springframework.core.convert.ConversionFailedException: Failed to convert from type [java.lang.String] to type [java.util.Date] for value ''; nested exception is java.lang.IllegalArgumentException]]
2020-02-24 19:45:51 -Resolved [org.springframework.validation.BindException: org.springframework.validation.BeanPropertyBindingResult: 2 errors
Field error in object 'sysDictDO' on field 'createDate': rejected value [1]; codes [typeMismatch.sysDictDO.createDate,typeMismatch.createDate,typeMismatch.java.util.Date,typeMismatch]; arguments [org.springframework.context.support.DefaultMessageSourceResolvable: codes [sysDictDO.createDate,createDate]; arguments []; default message [createDate]]; default message [Failed to convert property value of type 'java.lang.String' to required type 'java.util.Date' for property 'createDate'; nested exception is org.springframework.core.convert.ConversionFailedException: Failed to convert from type [java.lang.String] to type [java.util.Date] for value '1'; nested exception is java.lang.IllegalArgumentException]
Field error in object 'sysDictDO' on field 'updateDate': rejected value [1]; codes [typeMismatch.sysDictDO.updateDate,typeMismatch.updateDate,typeMismatch.java.util.Date,typeMismatch]; arguments [org.springframework.context.support.DefaultMessageSourceResolvable: codes [sysDictDO.updateDate,updateDate]; arguments []; default message [updateDate]]; default message [Failed to convert property value of type 'java.lang.String' to required type 'java.util.Date' for property 'updateDate'; nested exception is org.springframework.core.convert.ConversionFailedException: Failed to convert from type [java.lang.String] to type [java.util.Date] for value '1'; nested exception is java.lang.IllegalArgumentException]]
2020-02-24 20:02:11 -Shutting down ExecutorService 'applicationTaskExecutor'
2020-02-24 20:02:11 -{dataSource-2} closed
2020-02-24 20:02:11 -Starting Eshop1Application on DESKTOP-43IB5P6 with PID 11792 (F:\JAVA_lianxi\eshop1\target\classes started by EDT灬谭泽豪 in F:\JAVA_lianxi\eshop1)
2020-02-24 20:02:11 -No active profile set, falling back to default profiles: default
2020-02-24 20:02:11 -Multiple Spring Data modules found, entering strict repository configuration mode!
2020-02-24 20:02:11 -Bootstrapping Spring Data Redis repositories in DEFAULT mode.
2020-02-24 20:02:11 -Finished Spring Data repository scanning in 17ms. Found 0 Redis repository interfaces.
2020-02-24 20:02:11 -Bean 'org.springframework.transaction.annotation.ProxyTransactionManagementConfiguration' of type [org.springframework.transaction.annotation.ProxyTransactionManagementConfiguration] is not eligible for getting processed by all BeanPostProcessors (for example: not eligible for auto-proxying)
2020-02-24 20:02:11 -Tomcat initialized with port(s): 80 (http)
2020-02-24 20:02:11 -Initializing ProtocolHandler ["http-nio-80"]
2020-02-24 20:02:11 -Starting service [Tomcat]
2020-02-24 20:02:11 -Starting Servlet engine: [Apache Tomcat/9.0.30]
2020-02-24 20:02:11 -Initializing Spring embedded WebApplicationContext
2020-02-24 20:02:11 -Root WebApplicationContext: initialization completed in 426 ms
2020-02-24 20:02:12 -Initializing ExecutorService 'applicationTaskExecutor'
2020-02-24 20:02:12 -Adding welcome page: class path resource [static/index.html]
2020-02-24 20:02:12 -LiveReload server is running on port 35729
2020-02-24 20:02:12 -Starting ProtocolHandler ["http-nio-80"]
2020-02-24 20:02:12 -Tomcat started on port(s): 80 (http) with context path ''
2020-02-24 20:02:12 -Started Eshop1Application in 0.984 seconds (JVM running for 8767.077)
2020-02-24 20:02:12 -Condition evaluation unchanged
2020-02-24 20:07:40 -Initializing Spring DispatcherServlet 'dispatcherServlet'
2020-02-24 20:07:40 -Initializing Servlet 'dispatcherServlet'
2020-02-24 20:07:40 -Completed initialization in 2 ms
2020-02-24 20:07:40 -{dataSource-3} inited
2020-02-24 20:55:59 -Shutting down ExecutorService 'applicationTaskExecutor'
2020-02-24 20:55:59 -{dataSource-3} closed
2020-02-24 20:56:00 -Starting Eshop1Application on DESKTOP-43IB5P6 with PID 11792 (F:\JAVA_lianxi\eshop1\target\classes started by EDT灬谭泽豪 in F:\JAVA_lianxi\eshop1)
2020-02-24 20:56:00 -No active profile set, falling back to default profiles: default
2020-02-24 20:56:00 -Multiple Spring Data modules found, entering strict repository configuration mode!
2020-02-24 20:56:00 -Bootstrapping Spring Data Redis repositories in DEFAULT mode.
2020-02-24 20:56:00 -Finished Spring Data repository scanning in 12ms. Found 0 Redis repository interfaces.
2020-02-24 20:56:00 -Bean 'org.springframework.transaction.annotation.ProxyTransactionManagementConfiguration' of type [org.springframework.transaction.annotation.ProxyTransactionManagementConfiguration] is not eligible for getting processed by all BeanPostProcessors (for example: not eligible for auto-proxying)
2020-02-24 20:56:00 -Tomcat initialized with port(s): 80 (http)
2020-02-24 20:56:00 -Initializing ProtocolHandler ["http-nio-80"]
2020-02-24 20:56:00 -Starting service [Tomcat]
2020-02-24 20:56:00 -Starting Servlet engine: [Apache Tomcat/9.0.30]
2020-02-24 20:56:00 -Initializing Spring embedded WebApplicationContext
2020-02-24 20:56:00 -Root WebApplicationContext: initialization completed in 326 ms
2020-02-24 20:56:00 -Initializing ExecutorService 'applicationTaskExecutor'
2020-02-24 20:56:00 -Adding welcome page: class path resource [static/index.html]
2020-02-24 20:56:00 -LiveReload server is running on port 35729
2020-02-24 20:56:00 -Starting ProtocolHandler ["http-nio-80"]
2020-02-24 20:56:00 -Tomcat started on port(s): 80 (http) with context path ''
2020-02-24 20:56:00 -Started Eshop1Application in 0.991 seconds (JVM running for 11995.561)
2020-02-24 20:56:00 -Condition evaluation unchanged
2020-02-24 20:56:13 -Shutting down ExecutorService 'applicationTaskExecutor'
2020-02-24 20:56:13 -Starting Eshop1Application on DESKTOP-43IB5P6 with PID 11792 (F:\JAVA_lianxi\eshop1\target\classes started by EDT灬谭泽豪 in F:\JAVA_lianxi\eshop1)
2020-02-24 20:56:13 -No active profile set, falling back to default profiles: default
2020-02-24 20:56:13 -Multiple Spring Data modules found, entering strict repository configuration mode!
2020-02-24 20:56:13 -Bootstrapping Spring Data Redis repositories in DEFAULT mode.
2020-02-24 20:56:13 -Finished Spring Data repository scanning in 18ms. Found 0 Redis repository interfaces.
2020-02-24 20:56:13 -Bean 'org.springframework.transaction.annotation.ProxyTransactionManagementConfiguration' of type [org.springframework.transaction.annotation.ProxyTransactionManagementConfiguration] is not eligible for getting processed by all BeanPostProcessors (for example: not eligible for auto-proxying)
2020-02-24 20:56:13 -Tomcat initialized with port(s): 80 (http)
2020-02-24 20:56:13 -Initializing ProtocolHandler ["http-nio-80"]
2020-02-24 20:56:13 -Starting service [Tomcat]
2020-02-24 20:56:13 -Starting Servlet engine: [Apache Tomcat/9.0.30]
2020-02-24 20:56:13 -Initializing Spring embedded WebApplicationContext
2020-02-24 20:56:13 -Root WebApplicationContext: initialization completed in 424 ms
2020-02-24 20:56:14 -Initializing ExecutorService 'applicationTaskExecutor'
2020-02-24 20:56:14 -Adding welcome page: class path resource [static/index.html]
2020-02-24 20:56:14 -LiveReload server is running on port 35729
2020-02-24 20:56:14 -Starting ProtocolHandler ["http-nio-80"]
2020-02-24 20:56:14 -Tomcat started on port(s): 80 (http) with context path ''
2020-02-24 20:56:14 -Started Eshop1Application in 0.981 seconds (JVM running for 12009.083)
2020-02-24 20:56:14 -Condition evaluation unchanged
2020-02-24 20:56:28 -Shutting down ExecutorService 'applicationTaskExecutor'
2020-02-24 20:56:29 -Starting Eshop1Application on DESKTOP-43IB5P6 with PID 11792 (F:\JAVA_lianxi\eshop1\target\classes started by EDT灬谭泽豪 in F:\JAVA_lianxi\eshop1)
2020-02-24 20:56:29 -No active profile set, falling back to default profiles: default
2020-02-24 20:56:29 -Multiple Spring Data modules found, entering strict repository configuration mode!
2020-02-24 20:56:29 -Bootstrapping Spring Data Redis repositories in DEFAULT mode.
2020-02-24 20:56:29 -Finished Spring Data repository scanning in 17ms. Found 0 Redis repository interfaces.
2020-02-24 20:56:29 -Bean 'org.springframework.transaction.annotation.ProxyTransactionManagementConfiguration' of type [org.springframework.transaction.annotation.ProxyTransactionManagementConfiguration] is not eligible for getting processed by all BeanPostProcessors (for example: not eligible for auto-proxying)
2020-02-24 20:56:29 -Tomcat initialized with port(s): 80 (http)
2020-02-24 20:56:29 -Initializing ProtocolHandler ["http-nio-80"]
2020-02-24 20:56:29 -Starting service [Tomcat]
2020-02-24 20:56:29 -Starting Servlet engine: [Apache Tomcat/9.0.30]
2020-02-24 20:56:29 -Initializing Spring embedded WebApplicationContext
2020-02-24 20:56:29 -Root WebApplicationContext: initialization completed in 605 ms
2020-02-24 20:56:30 -Initializing ExecutorService 'applicationTaskExecutor'
2020-02-24 20:56:30 -Adding welcome page: class path resource [static/index.html]
2020-02-24 20:56:30 -LiveReload server is running on port 35729
2020-02-24 20:56:30 -Starting ProtocolHandler ["http-nio-80"]
2020-02-24 20:56:30 -Tomcat started on port(s): 80 (http) with context path ''
2020-02-24 20:56:30 -Started Eshop1Application in 1.155 seconds (JVM running for 12024.932)
2020-02-24 20:56:30 -Condition evaluation unchanged
2020-02-24 20:57:35 -Shutting down ExecutorService 'applicationTaskExecutor'
2020-02-24 20:57:35 -Starting Eshop1Application on DESKTOP-43IB5P6 with PID 11792 (F:\JAVA_lianxi\eshop1\target\classes started by EDT灬谭泽豪 in F:\JAVA_lianxi\eshop1)
2020-02-24 20:57:35 -No active profile set, falling back to default profiles: default
2020-02-24 20:57:35 -Multiple Spring Data modules found, entering strict repository configuration mode!
2020-02-24 20:57:35 -Bootstrapping Spring Data Redis repositories in DEFAULT mode.
2020-02-24 20:57:35 -Finished Spring Data repository scanning in 16ms. Found 0 Redis repository interfaces.
2020-02-24 20:57:35 -Bean 'org.springframework.transaction.annotation.ProxyTransactionManagementConfiguration' of type [org.springframework.transaction.annotation.ProxyTransactionManagementConfiguration] is not eligible for getting processed by all BeanPostProcessors (for example: not eligible for auto-proxying)
2020-02-24 20:57:35 -Tomcat initialized with port(s): 80 (http)
2020-02-24 20:57:35 -Initializing ProtocolHandler ["http-nio-80"]
2020-02-24 20:57:35 -Starting service [Tomcat]
2020-02-24 20:57:35 -Starting Servlet engine: [Apache Tomcat/9.0.30]
2020-02-24 20:57:35 -Initializing Spring embedded WebApplicationContext
2020-02-24 20:57:35 -Root WebApplicationContext: initialization completed in 385 ms
2020-02-24 20:57:36 -Initializing ExecutorService 'applicationTaskExecutor'
2020-02-24 20:57:36 -Adding welcome page: class path resource [static/index.html]
2020-02-24 20:57:36 -LiveReload server is running on port 35729
2020-02-24 20:57:36 -Starting ProtocolHandler ["http-nio-80"]
2020-02-24 20:57:36 -Tomcat started on port(s): 80 (http) with context path ''
2020-02-24 20:57:36 -Started Eshop1Application in 0.947 seconds (JVM running for 12090.869)
2020-02-24 20:57:36 -Condition evaluation unchanged
2020-02-24 20:58:22 -Shutting down ExecutorService 'applicationTaskExecutor'
2020-02-24 20:58:22 -Starting Eshop1Application on DESKTOP-43IB5P6 with PID 11792 (F:\JAVA_lianxi\eshop1\target\classes started by EDT灬谭泽豪 in F:\JAVA_lianxi\eshop1)
2020-02-24 20:58:22 -No active profile set, falling back to default profiles: default
2020-02-24 20:58:22 -Multiple Spring Data modules found, entering strict repository configuration mode!
2020-02-24 20:58:22 -Bootstrapping Spring Data Redis repositories in DEFAULT mode.
2020-02-24 20:58:22 -Finished Spring Data repository scanning in 15ms. Found 0 Redis repository interfaces.
2020-02-24 20:58:22 -Bean 'org.springframework.transaction.annotation.ProxyTransactionManagementConfiguration' of type [org.springframework.transaction.annotation.ProxyTransactionManagementConfiguration] is not eligible for getting processed by all BeanPostProcessors (for example: not eligible for auto-proxying)
2020-02-24 20:58:23 -Tomcat initialized with port(s): 80 (http)
2020-02-24 20:58:23 -Initializing ProtocolHandler ["http-nio-80"]
2020-02-24 20:58:23 -Starting service [Tomcat]
2020-02-24 20:58:23 -Starting Servlet engine: [Apache Tomcat/9.0.30]
2020-02-24 20:58:23 -Initializing Spring embedded WebApplicationContext
2020-02-24 20:58:23 -Root WebApplicationContext: initialization completed in 297 ms
2020-02-24 20:58:23 -Initializing ExecutorService 'applicationTaskExecutor'
2020-02-24 20:58:23 -Adding welcome page: class path resource [static/index.html]
2020-02-24 20:58:23 -LiveReload server is running on port 35729
2020-02-24 20:58:23 -Starting ProtocolHandler ["http-nio-80"]
2020-02-24 20:58:23 -Tomcat started on port(s): 80 (http) with context path ''
2020-02-24 20:58:23 -Started Eshop1Application in 0.747 seconds (JVM running for 12138.074)
2020-02-24 20:58:23 -Condition evaluation unchanged
2020-02-24 20:58:46 -Shutting down ExecutorService 'applicationTaskExecutor'
2020-02-24 20:58:46 -Starting Eshop1Application on DESKTOP-43IB5P6 with PID 11792 (F:\JAVA_lianxi\eshop1\target\classes started by EDT灬谭泽豪 in F:\JAVA_lianxi\eshop1)
2020-02-24 20:58:46 -No active profile set, falling back to default profiles: default
2020-02-24 20:58:46 -Multiple Spring Data modules found, entering strict repository configuration mode!
2020-02-24 20:58:46 -Bootstrapping Spring Data Redis repositories in DEFAULT mode.
2020-02-24 20:58:46 -Finished Spring Data repository scanning in 18ms. Found 0 Redis repository interfaces.
2020-02-24 20:58:46 -Bean 'org.springframework.transaction.annotation.ProxyTransactionManagementConfiguration' of type [org.springframework.transaction.annotation.ProxyTransactionManagementConfiguration] is not eligible for getting processed by all BeanPostProcessors (for example: not eligible for auto-proxying)
2020-02-24 20:58:47 -Tomcat initialized with port(s): 80 (http)
2020-02-24 20:58:47 -Initializing ProtocolHandler ["http-nio-80"]
2020-02-24 20:58:47 -Starting service [Tomcat]
2020-02-24 20:58:47 -Starting Servlet engine: [Apache Tomcat/9.0.30]
2020-02-24 20:58:47 -Initializing Spring embedded WebApplicationContext
2020-02-24 20:58:47 -Root WebApplicationContext: initialization completed in 397 ms
2020-02-24 20:58:47 -Initializing ExecutorService 'applicationTaskExecutor'
2020-02-24 20:58:47 -Adding welcome page: class path resource [static/index.html]
2020-02-24 20:58:47 -LiveReload server is running on port 35729
2020-02-24 20:58:47 -Starting ProtocolHandler ["http-nio-80"]
2020-02-24 20:58:47 -Tomcat started on port(s): 80 (http) with context path ''
2020-02-24 20:58:47 -Started Eshop1Application in 0.82 seconds (JVM running for 12162.022)
2020-02-24 20:58:47 -Condition evaluation unchanged
