2020-03-06 00:09:41 -Starting TestMenuService2 on DESKTOP-43IB5P6 with PID 10120 (started by EDT灬谭泽豪 in F:\JAVA_lianxi\eshop1)
2020-03-06 00:09:41 -No active profile set, falling back to default profiles: default
2020-03-06 00:09:42 -Multiple Spring Data modules found, entering strict repository configuration mode!
2020-03-06 00:09:42 -Bootstrapping Spring Data Redis repositories in DEFAULT mode.
2020-03-06 00:09:42 -Finished Spring Data repository scanning in 34ms. Found 0 Redis repository interfaces.
2020-03-06 00:09:42 -Bean 'shiroConfig' of type [com.octopus.common.config.ShiroConfig$$EnhancerBySpringCGLIB$$ca9a8a49] is not eligible for getting processed by all BeanPostProcessors (for example: not eligible for auto-proxying)
2020-03-06 00:09:43 -Bean 'mybatis-org.mybatis.spring.boot.autoconfigure.MybatisProperties' of type [org.mybatis.spring.boot.autoconfigure.MybatisProperties] is not eligible for getting processed by all BeanPostProcessors (for example: not eligible for auto-proxying)
2020-03-06 00:09:43 -Bean 'org.mybatis.spring.boot.autoconfigure.MybatisAutoConfiguration' of type [org.mybatis.spring.boot.autoconfigure.MybatisAutoConfiguration$$EnhancerBySpringCGLIB$$9e323ca6] is not eligible for getting processed by all BeanPostProcessors (for example: not eligible for auto-proxying)
2020-03-06 00:09:43 -Bean 'org.springframework.boot.autoconfigure.jdbc.DataSourceConfiguration$Generic' of type [org.springframework.boot.autoconfigure.jdbc.DataSourceConfiguration$Generic] is not eligible for getting processed by all BeanPostProcessors (for example: not eligible for auto-proxying)
2020-03-06 00:09:43 -Bean 'spring.datasource-org.springframework.boot.autoconfigure.jdbc.DataSourceProperties' of type [org.springframework.boot.autoconfigure.jdbc.DataSourceProperties] is not eligible for getting processed by all BeanPostProcessors (for example: not eligible for auto-proxying)
2020-03-06 00:09:43 -Bean 'dataSource' of type [com.alibaba.druid.pool.DruidDataSource] is not eligible for getting processed by all BeanPostProcessors (for example: not eligible for auto-proxying)
2020-03-06 00:09:43 -Bean 'sqlSessionFactory' of type [org.apache.ibatis.session.defaults.DefaultSqlSessionFactory] is not eligible for getting processed by all BeanPostProcessors (for example: not eligible for auto-proxying)
2020-03-06 00:09:43 -Bean 'sqlSessionTemplate' of type [org.mybatis.spring.SqlSessionTemplate] is not eligible for getting processed by all BeanPostProcessors (for example: not eligible for auto-proxying)
2020-03-06 00:09:43 -Bean 'sysUserDao' of type [org.mybatis.spring.mapper.MapperFactoryBean] is not eligible for getting processed by all BeanPostProcessors (for example: not eligible for auto-proxying)
2020-03-06 00:09:43 -Bean 'sysUserDao' of type [com.sun.proxy.$Proxy69] is not eligible for getting processed by all BeanPostProcessors (for example: not eligible for auto-proxying)
2020-03-06 00:09:43 -Bean 'sysMenuDao' of type [org.mybatis.spring.mapper.MapperFactoryBean] is not eligible for getting processed by all BeanPostProcessors (for example: not eligible for auto-proxying)
2020-03-06 00:09:43 -Bean 'sysMenuDao' of type [com.sun.proxy.$Proxy70] is not eligible for getting processed by all BeanPostProcessors (for example: not eligible for auto-proxying)
2020-03-06 00:09:43 -Bean 'sysUserServiceImpl' of type [com.octopus.project.service.impl.SysUserServiceImpl] is not eligible for getting processed by all BeanPostProcessors (for example: not eligible for auto-proxying)
2020-03-06 00:09:43 -Bean 'mUserRealm' of type [com.octopus.common.userrealm.MyUserRealm] is not eligible for getting processed by all BeanPostProcessors (for example: not eligible for auto-proxying)
2020-03-06 00:09:44 -Bean 'securityManager' of type [org.apache.shiro.web.mgt.DefaultWebSecurityManager] is not eligible for getting processed by all BeanPostProcessors (for example: not eligible for auto-proxying)
2020-03-06 00:09:44 -Bean 'org.springframework.transaction.annotation.ProxyTransactionManagementConfiguration' of type [org.springframework.transaction.annotation.ProxyTransactionManagementConfiguration] is not eligible for getting processed by all BeanPostProcessors (for example: not eligible for auto-proxying)
2020-03-06 00:09:44 -Bean 'attributeSourceAdvisor' of type [org.apache.shiro.spring.security.interceptor.AuthorizationAttributeSourceAdvisor] is not eligible for getting processed by all BeanPostProcessors (for example: not eligible for auto-proxying)
2020-03-06 00:09:45 -Initializing ExecutorService 'applicationTaskExecutor'
2020-03-06 00:09:45 -Adding welcome page: class path resource [static/index.html]
2020-03-06 00:09:46 -Started TestMenuService2 in 4.585 seconds (JVM running for 5.498)
2020-03-06 00:09:46 -{dataSource-1} inited
2020-03-06 00:09:46 -Shutting down ExecutorService 'applicationTaskExecutor'
2020-03-06 00:09:46 -{dataSource-1} closed
2020-03-06 16:02:14 -Starting TestMenuService on DESKTOP-43IB5P6 with PID 26168 (started by EDT灬谭泽豪 in F:\JAVA_lianxi\eshop1)
2020-03-06 16:02:14 -No active profile set, falling back to default profiles: default
2020-03-06 16:02:18 -Multiple Spring Data modules found, entering strict repository configuration mode!
2020-03-06 16:02:18 -Bootstrapping Spring Data Redis repositories in DEFAULT mode.
2020-03-06 16:02:18 -Finished Spring Data repository scanning in 38ms. Found 0 Redis repository interfaces.
2020-03-06 16:02:19 -Bean 'shiroConfig' of type [com.octopus.common.config.ShiroConfig$$EnhancerBySpringCGLIB$$632d3292] is not eligible for getting processed by all BeanPostProcessors (for example: not eligible for auto-proxying)
2020-03-06 16:02:19 -Bean 'mybatis-org.mybatis.spring.boot.autoconfigure.MybatisProperties' of type [org.mybatis.spring.boot.autoconfigure.MybatisProperties] is not eligible for getting processed by all BeanPostProcessors (for example: not eligible for auto-proxying)
2020-03-06 16:02:19 -Bean 'org.mybatis.spring.boot.autoconfigure.MybatisAutoConfiguration' of type [org.mybatis.spring.boot.autoconfigure.MybatisAutoConfiguration$$EnhancerBySpringCGLIB$$36c4e4ef] is not eligible for getting processed by all BeanPostProcessors (for example: not eligible for auto-proxying)
2020-03-06 16:02:19 -Bean 'org.springframework.boot.autoconfigure.jdbc.DataSourceConfiguration$Generic' of type [org.springframework.boot.autoconfigure.jdbc.DataSourceConfiguration$Generic] is not eligible for getting processed by all BeanPostProcessors (for example: not eligible for auto-proxying)
2020-03-06 16:02:19 -Bean 'spring.datasource-org.springframework.boot.autoconfigure.jdbc.DataSourceProperties' of type [org.springframework.boot.autoconfigure.jdbc.DataSourceProperties] is not eligible for getting processed by all BeanPostProcessors (for example: not eligible for auto-proxying)
2020-03-06 16:02:19 -Bean 'dataSource' of type [com.alibaba.druid.pool.DruidDataSource] is not eligible for getting processed by all BeanPostProcessors (for example: not eligible for auto-proxying)
2020-03-06 16:02:20 -Bean 'sqlSessionFactory' of type [org.apache.ibatis.session.defaults.DefaultSqlSessionFactory] is not eligible for getting processed by all BeanPostProcessors (for example: not eligible for auto-proxying)
2020-03-06 16:02:20 -Bean 'sqlSessionTemplate' of type [org.mybatis.spring.SqlSessionTemplate] is not eligible for getting processed by all BeanPostProcessors (for example: not eligible for auto-proxying)
2020-03-06 16:02:20 -Bean 'sysUserDao' of type [org.mybatis.spring.mapper.MapperFactoryBean] is not eligible for getting processed by all BeanPostProcessors (for example: not eligible for auto-proxying)
2020-03-06 16:02:20 -Bean 'sysUserDao' of type [com.sun.proxy.$Proxy69] is not eligible for getting processed by all BeanPostProcessors (for example: not eligible for auto-proxying)
2020-03-06 16:02:20 -Bean 'sysMenuDao' of type [org.mybatis.spring.mapper.MapperFactoryBean] is not eligible for getting processed by all BeanPostProcessors (for example: not eligible for auto-proxying)
2020-03-06 16:02:20 -Bean 'sysMenuDao' of type [com.sun.proxy.$Proxy70] is not eligible for getting processed by all BeanPostProcessors (for example: not eligible for auto-proxying)
2020-03-06 16:02:20 -Bean 'sysUserServiceImpl' of type [com.octopus.project.service.impl.SysUserServiceImpl] is not eligible for getting processed by all BeanPostProcessors (for example: not eligible for auto-proxying)
2020-03-06 16:02:20 -Bean 'mUserRealm' of type [com.octopus.common.userrealm.MyUserRealm] is not eligible for getting processed by all BeanPostProcessors (for example: not eligible for auto-proxying)
2020-03-06 16:02:21 -Bean 'securityManager' of type [org.apache.shiro.web.mgt.DefaultWebSecurityManager] is not eligible for getting processed by all BeanPostProcessors (for example: not eligible for auto-proxying)
2020-03-06 16:02:21 -Bean 'org.springframework.transaction.annotation.ProxyTransactionManagementConfiguration' of type [org.springframework.transaction.annotation.ProxyTransactionManagementConfiguration] is not eligible for getting processed by all BeanPostProcessors (for example: not eligible for auto-proxying)
2020-03-06 16:02:21 -Bean 'attributeSourceAdvisor' of type [org.apache.shiro.spring.security.interceptor.AuthorizationAttributeSourceAdvisor] is not eligible for getting processed by all BeanPostProcessors (for example: not eligible for auto-proxying)
2020-03-06 16:02:23 -Initializing ExecutorService 'applicationTaskExecutor'
2020-03-06 16:02:23 -Adding welcome page: class path resource [static/index.html]
2020-03-06 16:02:26 -Started TestMenuService in 13.776 seconds (JVM running for 16.322)
2020-03-06 16:02:27 -{dataSource-1} inited
2020-03-06 16:02:28 -Shutting down ExecutorService 'applicationTaskExecutor'
2020-03-06 16:02:28 -{dataSource-1} closed
