2020-04-03 22:50:19 -Starting Eshop1Application on DESKTOP-43IB5P6 with PID 18460 (F:\JAVA_lianxi\eshop1\target\classes started by EDT灬谭泽豪 in F:\JAVA_lianxi\eshop1)
2020-04-03 22:50:19 -No active profile set, falling back to default profiles: default
2020-04-03 22:50:19 -Devtools property defaults active! Set 'spring.devtools.add-properties' to 'false' to disable
2020-04-03 22:50:19 -For additional web related logging consider setting the 'logging.level.web' property to 'DEBUG'
2020-04-03 22:50:22 -Multiple Spring Data modules found, entering strict repository configuration mode!
2020-04-03 22:50:22 -Bootstrapping Spring Data Redis repositories in DEFAULT mode.
2020-04-03 22:50:22 -Finished Spring Data repository scanning in 33ms. Found 0 Redis repository interfaces.
2020-04-03 22:50:23 -Bean 'shiroConfig' of type [com.octopus.common.config.ShiroConfig$$EnhancerBySpringCGLIB$$ece8ec6b] is not eligible for getting processed by all BeanPostProcessors (for example: not eligible for auto-proxying)
2020-04-03 22:50:23 -Bean 'mybatis-org.mybatis.spring.boot.autoconfigure.MybatisProperties' of type [org.mybatis.spring.boot.autoconfigure.MybatisProperties] is not eligible for getting processed by all BeanPostProcessors (for example: not eligible for auto-proxying)
2020-04-03 22:50:23 -Bean 'org.mybatis.spring.boot.autoconfigure.MybatisAutoConfiguration' of type [org.mybatis.spring.boot.autoconfigure.MybatisAutoConfiguration$$EnhancerBySpringCGLIB$$c0809ec8] is not eligible for getting processed by all BeanPostProcessors (for example: not eligible for auto-proxying)
2020-04-03 22:50:23 -Bean 'org.springframework.boot.autoconfigure.jdbc.DataSourceConfiguration$Generic' of type [org.springframework.boot.autoconfigure.jdbc.DataSourceConfiguration$Generic] is not eligible for getting processed by all BeanPostProcessors (for example: not eligible for auto-proxying)
2020-04-03 22:50:23 -Bean 'spring.datasource-org.springframework.boot.autoconfigure.jdbc.DataSourceProperties' of type [org.springframework.boot.autoconfigure.jdbc.DataSourceProperties] is not eligible for getting processed by all BeanPostProcessors (for example: not eligible for auto-proxying)
2020-04-03 22:50:23 -Bean 'dataSource' of type [com.alibaba.druid.pool.DruidDataSource] is not eligible for getting processed by all BeanPostProcessors (for example: not eligible for auto-proxying)
2020-04-03 22:50:24 -Bean 'sqlSessionFactory' of type [org.apache.ibatis.session.defaults.DefaultSqlSessionFactory] is not eligible for getting processed by all BeanPostProcessors (for example: not eligible for auto-proxying)
2020-04-03 22:50:24 -Bean 'sqlSessionTemplate' of type [org.mybatis.spring.SqlSessionTemplate] is not eligible for getting processed by all BeanPostProcessors (for example: not eligible for auto-proxying)
2020-04-03 22:50:24 -Bean 'sysUserDao' of type [org.mybatis.spring.mapper.MapperFactoryBean] is not eligible for getting processed by all BeanPostProcessors (for example: not eligible for auto-proxying)
2020-04-03 22:50:24 -Bean 'sysUserDao' of type [com.sun.proxy.$Proxy63] is not eligible for getting processed by all BeanPostProcessors (for example: not eligible for auto-proxying)
2020-04-03 22:50:24 -Bean 'sysMenuDao' of type [org.mybatis.spring.mapper.MapperFactoryBean] is not eligible for getting processed by all BeanPostProcessors (for example: not eligible for auto-proxying)
2020-04-03 22:50:24 -Bean 'sysMenuDao' of type [com.sun.proxy.$Proxy64] is not eligible for getting processed by all BeanPostProcessors (for example: not eligible for auto-proxying)
2020-04-03 22:50:24 -Bean 'sysUserServiceImpl' of type [com.octopus.project.service.impl.SysUserServiceImpl] is not eligible for getting processed by all BeanPostProcessors (for example: not eligible for auto-proxying)
2020-04-03 22:50:24 -Bean 'mUserRealm' of type [com.octopus.common.userrealm.MyUserRealm] is not eligible for getting processed by all BeanPostProcessors (for example: not eligible for auto-proxying)
2020-04-03 22:50:25 -Bean 'securityManager' of type [org.apache.shiro.web.mgt.DefaultWebSecurityManager] is not eligible for getting processed by all BeanPostProcessors (for example: not eligible for auto-proxying)
2020-04-03 22:50:25 -Bean 'org.springframework.transaction.annotation.ProxyTransactionManagementConfiguration' of type [org.springframework.transaction.annotation.ProxyTransactionManagementConfiguration] is not eligible for getting processed by all BeanPostProcessors (for example: not eligible for auto-proxying)
2020-04-03 22:50:25 -Bean 'attributeSourceAdvisor' of type [org.apache.shiro.spring.security.interceptor.AuthorizationAttributeSourceAdvisor] is not eligible for getting processed by all BeanPostProcessors (for example: not eligible for auto-proxying)
2020-04-03 22:50:26 -Tomcat initialized with port(s): 80 (http)
2020-04-03 22:50:26 -Initializing ProtocolHandler ["http-nio-80"]
2020-04-03 22:50:26 -Starting service [Tomcat]
2020-04-03 22:50:26 -Starting Servlet engine: [Apache Tomcat/9.0.30]
2020-04-03 22:50:26 -Initializing Spring embedded WebApplicationContext
2020-04-03 22:50:26 -Root WebApplicationContext: initialization completed in 6814 ms
2020-04-03 22:50:26 -Initializing ExecutorService 'applicationTaskExecutor'
2020-04-03 22:50:26 -Adding welcome page: class path resource [static/index.html]
2020-04-03 22:50:27 -LiveReload server is running on port 35729
2020-04-03 22:50:27 -Starting ProtocolHandler ["http-nio-80"]
2020-04-03 22:50:27 -Tomcat started on port(s): 80 (http) with context path ''
2020-04-03 22:50:27 -Started Eshop1Application in 9.412 seconds (JVM running for 10.431)
2020-04-03 22:59:18 -Initializing Spring DispatcherServlet 'dispatcherServlet'
2020-04-03 22:59:18 -Initializing Servlet 'dispatcherServlet'
2020-04-03 22:59:18 -Completed initialization in 39 ms
2020-04-03 23:01:42 -{dataSource-1} inited
