2020-03-02 01:18:45 -Shutting down ExecutorService 'applicationTaskExecutor'
2020-03-02 01:18:46 -Starting Eshop1Application on DESKTOP-43IB5P6 with PID 29544 (F:\JAVA_lianxi\eshop1\target\classes started by EDT灬谭泽豪 in F:\JAVA_lianxi\eshop1)
2020-03-02 01:18:46 -No active profile set, falling back to default profiles: default
2020-03-02 01:18:47 -Multiple Spring Data modules found, entering strict repository configuration mode!
2020-03-02 01:18:47 -Bootstrapping Spring Data Redis repositories in DEFAULT mode.
2020-03-02 01:18:47 -Finished Spring Data repository scanning in 39ms. Found 0 Redis repository interfaces.
2020-03-02 01:18:48 -Bean 'shiroConfig' of type [com.octopus.common.config.ShiroConfig$$EnhancerBySpringCGLIB$$59d065ae] is not eligible for getting processed by all BeanPostProcessors (for example: not eligible for auto-proxying)
2020-03-02 01:18:48 -Bean 'mybatis-org.mybatis.spring.boot.autoconfigure.MybatisProperties' of type [org.mybatis.spring.boot.autoconfigure.MybatisProperties] is not eligible for getting processed by all BeanPostProcessors (for example: not eligible for auto-proxying)
2020-03-02 01:18:48 -Bean 'org.mybatis.spring.boot.autoconfigure.MybatisAutoConfiguration' of type [org.mybatis.spring.boot.autoconfigure.MybatisAutoConfiguration$$EnhancerBySpringCGLIB$$2d68180b] is not eligible for getting processed by all BeanPostProcessors (for example: not eligible for auto-proxying)
2020-03-02 01:18:48 -Bean 'org.springframework.boot.autoconfigure.jdbc.DataSourceConfiguration$Generic' of type [org.springframework.boot.autoconfigure.jdbc.DataSourceConfiguration$Generic] is not eligible for getting processed by all BeanPostProcessors (for example: not eligible for auto-proxying)
2020-03-02 01:18:48 -Bean 'spring.datasource-org.springframework.boot.autoconfigure.jdbc.DataSourceProperties' of type [org.springframework.boot.autoconfigure.jdbc.DataSourceProperties] is not eligible for getting processed by all BeanPostProcessors (for example: not eligible for auto-proxying)
2020-03-02 01:18:48 -Bean 'dataSource' of type [com.alibaba.druid.pool.DruidDataSource] is not eligible for getting processed by all BeanPostProcessors (for example: not eligible for auto-proxying)
2020-03-02 01:18:48 -Bean 'sqlSessionFactory' of type [org.apache.ibatis.session.defaults.DefaultSqlSessionFactory] is not eligible for getting processed by all BeanPostProcessors (for example: not eligible for auto-proxying)
2020-03-02 01:18:48 -Bean 'sqlSessionTemplate' of type [org.mybatis.spring.SqlSessionTemplate] is not eligible for getting processed by all BeanPostProcessors (for example: not eligible for auto-proxying)
2020-03-02 01:18:48 -Bean 'sysUserDao' of type [org.mybatis.spring.mapper.MapperFactoryBean] is not eligible for getting processed by all BeanPostProcessors (for example: not eligible for auto-proxying)
2020-03-02 01:18:48 -Bean 'sysUserDao' of type [com.sun.proxy.$Proxy178] is not eligible for getting processed by all BeanPostProcessors (for example: not eligible for auto-proxying)
2020-03-02 01:18:48 -Bean 'sysMenuDao' of type [org.mybatis.spring.mapper.MapperFactoryBean] is not eligible for getting processed by all BeanPostProcessors (for example: not eligible for auto-proxying)
2020-03-02 01:18:48 -Bean 'sysMenuDao' of type [com.sun.proxy.$Proxy179] is not eligible for getting processed by all BeanPostProcessors (for example: not eligible for auto-proxying)
2020-03-02 01:18:48 -Bean 'sysUserServiceImpl' of type [com.octopus.project.service.impl.SysUserServiceImpl] is not eligible for getting processed by all BeanPostProcessors (for example: not eligible for auto-proxying)
2020-03-02 01:18:48 -Bean 'mUserRealm' of type [com.octopus.common.userrealm.MyUserRealm] is not eligible for getting processed by all BeanPostProcessors (for example: not eligible for auto-proxying)
2020-03-02 01:18:48 -Bean 'securityManager' of type [org.apache.shiro.web.mgt.DefaultWebSecurityManager] is not eligible for getting processed by all BeanPostProcessors (for example: not eligible for auto-proxying)
2020-03-02 01:18:48 -Bean 'org.springframework.transaction.annotation.ProxyTransactionManagementConfiguration' of type [org.springframework.transaction.annotation.ProxyTransactionManagementConfiguration] is not eligible for getting processed by all BeanPostProcessors (for example: not eligible for auto-proxying)
2020-03-02 01:18:48 -Bean 'attributeSourceAdvisor' of type [org.apache.shiro.spring.security.interceptor.AuthorizationAttributeSourceAdvisor] is not eligible for getting processed by all BeanPostProcessors (for example: not eligible for auto-proxying)
2020-03-02 01:18:48 -Tomcat initialized with port(s): 80 (http)
2020-03-02 01:18:48 -Initializing ProtocolHandler ["http-nio-80"]
2020-03-02 01:18:48 -Starting service [Tomcat]
2020-03-02 01:18:48 -Starting Servlet engine: [Apache Tomcat/9.0.30]
2020-03-02 01:18:48 -Initializing Spring embedded WebApplicationContext
2020-03-02 01:18:48 -Root WebApplicationContext: initialization completed in 2052 ms
2020-03-02 01:18:49 -Initializing ExecutorService 'applicationTaskExecutor'
2020-03-02 01:18:49 -Adding welcome page: class path resource [static/index.html]
2020-03-02 01:18:49 -LiveReload server is running on port 35729
2020-03-02 01:18:49 -Starting ProtocolHandler ["http-nio-80"]
2020-03-02 01:18:49 -Tomcat started on port(s): 80 (http) with context path ''
2020-03-02 01:18:49 -Started Eshop1Application in 2.619 seconds (JVM running for 126998.461)
2020-03-02 01:18:49 -Condition evaluation unchanged
2020-03-02 01:20:14 -Shutting down ExecutorService 'applicationTaskExecutor'
2020-03-02 01:20:14 -Starting Eshop1Application on DESKTOP-43IB5P6 with PID 29544 (F:\JAVA_lianxi\eshop1\target\classes started by EDT灬谭泽豪 in F:\JAVA_lianxi\eshop1)
2020-03-02 01:20:14 -No active profile set, falling back to default profiles: default
2020-03-02 01:20:14 -Multiple Spring Data modules found, entering strict repository configuration mode!
2020-03-02 01:20:14 -Bootstrapping Spring Data Redis repositories in DEFAULT mode.
2020-03-02 01:20:14 -Finished Spring Data repository scanning in 16ms. Found 0 Redis repository interfaces.
2020-03-02 01:20:14 -Bean 'shiroConfig' of type [com.octopus.common.config.ShiroConfig$$EnhancerBySpringCGLIB$$59d065ae] is not eligible for getting processed by all BeanPostProcessors (for example: not eligible for auto-proxying)
2020-03-02 01:20:14 -Bean 'mybatis-org.mybatis.spring.boot.autoconfigure.MybatisProperties' of type [org.mybatis.spring.boot.autoconfigure.MybatisProperties] is not eligible for getting processed by all BeanPostProcessors (for example: not eligible for auto-proxying)
2020-03-02 01:20:14 -Bean 'org.mybatis.spring.boot.autoconfigure.MybatisAutoConfiguration' of type [org.mybatis.spring.boot.autoconfigure.MybatisAutoConfiguration$$EnhancerBySpringCGLIB$$2d68180b] is not eligible for getting processed by all BeanPostProcessors (for example: not eligible for auto-proxying)
2020-03-02 01:20:14 -Bean 'org.springframework.boot.autoconfigure.jdbc.DataSourceConfiguration$Generic' of type [org.springframework.boot.autoconfigure.jdbc.DataSourceConfiguration$Generic] is not eligible for getting processed by all BeanPostProcessors (for example: not eligible for auto-proxying)
2020-03-02 01:20:14 -Bean 'spring.datasource-org.springframework.boot.autoconfigure.jdbc.DataSourceProperties' of type [org.springframework.boot.autoconfigure.jdbc.DataSourceProperties] is not eligible for getting processed by all BeanPostProcessors (for example: not eligible for auto-proxying)
2020-03-02 01:20:14 -Bean 'dataSource' of type [com.alibaba.druid.pool.DruidDataSource] is not eligible for getting processed by all BeanPostProcessors (for example: not eligible for auto-proxying)
2020-03-02 01:20:15 -Bean 'sqlSessionFactory' of type [org.apache.ibatis.session.defaults.DefaultSqlSessionFactory] is not eligible for getting processed by all BeanPostProcessors (for example: not eligible for auto-proxying)
2020-03-02 01:20:15 -Bean 'sqlSessionTemplate' of type [org.mybatis.spring.SqlSessionTemplate] is not eligible for getting processed by all BeanPostProcessors (for example: not eligible for auto-proxying)
2020-03-02 01:20:15 -Bean 'sysUserDao' of type [org.mybatis.spring.mapper.MapperFactoryBean] is not eligible for getting processed by all BeanPostProcessors (for example: not eligible for auto-proxying)
2020-03-02 01:20:15 -Bean 'sysUserDao' of type [com.sun.proxy.$Proxy209] is not eligible for getting processed by all BeanPostProcessors (for example: not eligible for auto-proxying)
2020-03-02 01:20:15 -Bean 'sysMenuDao' of type [org.mybatis.spring.mapper.MapperFactoryBean] is not eligible for getting processed by all BeanPostProcessors (for example: not eligible for auto-proxying)
2020-03-02 01:20:15 -Bean 'sysMenuDao' of type [com.sun.proxy.$Proxy210] is not eligible for getting processed by all BeanPostProcessors (for example: not eligible for auto-proxying)
2020-03-02 01:20:15 -Bean 'sysUserServiceImpl' of type [com.octopus.project.service.impl.SysUserServiceImpl] is not eligible for getting processed by all BeanPostProcessors (for example: not eligible for auto-proxying)
2020-03-02 01:20:15 -Bean 'mUserRealm' of type [com.octopus.common.userrealm.MyUserRealm] is not eligible for getting processed by all BeanPostProcessors (for example: not eligible for auto-proxying)
2020-03-02 01:20:15 -Bean 'securityManager' of type [org.apache.shiro.web.mgt.DefaultWebSecurityManager] is not eligible for getting processed by all BeanPostProcessors (for example: not eligible for auto-proxying)
2020-03-02 01:20:15 -Bean 'org.springframework.transaction.annotation.ProxyTransactionManagementConfiguration' of type [org.springframework.transaction.annotation.ProxyTransactionManagementConfiguration] is not eligible for getting processed by all BeanPostProcessors (for example: not eligible for auto-proxying)
2020-03-02 01:20:15 -Bean 'attributeSourceAdvisor' of type [org.apache.shiro.spring.security.interceptor.AuthorizationAttributeSourceAdvisor] is not eligible for getting processed by all BeanPostProcessors (for example: not eligible for auto-proxying)
2020-03-02 01:20:15 -Tomcat initialized with port(s): 80 (http)
2020-03-02 01:20:15 -Initializing ProtocolHandler ["http-nio-80"]
2020-03-02 01:20:15 -Starting service [Tomcat]
2020-03-02 01:20:15 -Starting Servlet engine: [Apache Tomcat/9.0.30]
2020-03-02 01:20:15 -Initializing Spring embedded WebApplicationContext
2020-03-02 01:20:15 -Root WebApplicationContext: initialization completed in 600 ms
2020-03-02 01:20:15 -Initializing ExecutorService 'applicationTaskExecutor'
2020-03-02 01:20:15 -Adding welcome page: class path resource [static/index.html]
2020-03-02 01:20:15 -LiveReload server is running on port 35729
2020-03-02 01:20:15 -Starting ProtocolHandler ["http-nio-80"]
2020-03-02 01:20:15 -Tomcat started on port(s): 80 (http) with context path ''
2020-03-02 01:20:15 -Started Eshop1Application in 1.117 seconds (JVM running for 127084.903)
2020-03-02 01:20:15 -Condition evaluation unchanged
2020-03-02 01:21:24 -Shutting down ExecutorService 'applicationTaskExecutor'
2020-03-02 01:21:25 -Starting Eshop1Application on DESKTOP-43IB5P6 with PID 29544 (F:\JAVA_lianxi\eshop1\target\classes started by EDT灬谭泽豪 in F:\JAVA_lianxi\eshop1)
2020-03-02 01:21:25 -No active profile set, falling back to default profiles: default
2020-03-02 01:21:25 -Multiple Spring Data modules found, entering strict repository configuration mode!
2020-03-02 01:21:25 -Bootstrapping Spring Data Redis repositories in DEFAULT mode.
2020-03-02 01:21:25 -Finished Spring Data repository scanning in 16ms. Found 0 Redis repository interfaces.
2020-03-02 01:21:25 -Bean 'shiroConfig' of type [com.octopus.common.config.ShiroConfig$$EnhancerBySpringCGLIB$$59d065ae] is not eligible for getting processed by all BeanPostProcessors (for example: not eligible for auto-proxying)
2020-03-02 01:21:25 -Bean 'mybatis-org.mybatis.spring.boot.autoconfigure.MybatisProperties' of type [org.mybatis.spring.boot.autoconfigure.MybatisProperties] is not eligible for getting processed by all BeanPostProcessors (for example: not eligible for auto-proxying)
2020-03-02 01:21:25 -Bean 'org.mybatis.spring.boot.autoconfigure.MybatisAutoConfiguration' of type [org.mybatis.spring.boot.autoconfigure.MybatisAutoConfiguration$$EnhancerBySpringCGLIB$$2d68180b] is not eligible for getting processed by all BeanPostProcessors (for example: not eligible for auto-proxying)
2020-03-02 01:21:25 -Bean 'org.springframework.boot.autoconfigure.jdbc.DataSourceConfiguration$Generic' of type [org.springframework.boot.autoconfigure.jdbc.DataSourceConfiguration$Generic] is not eligible for getting processed by all BeanPostProcessors (for example: not eligible for auto-proxying)
2020-03-02 01:21:25 -Bean 'spring.datasource-org.springframework.boot.autoconfigure.jdbc.DataSourceProperties' of type [org.springframework.boot.autoconfigure.jdbc.DataSourceProperties] is not eligible for getting processed by all BeanPostProcessors (for example: not eligible for auto-proxying)
2020-03-02 01:21:25 -Bean 'dataSource' of type [com.alibaba.druid.pool.DruidDataSource] is not eligible for getting processed by all BeanPostProcessors (for example: not eligible for auto-proxying)
2020-03-02 01:21:25 -Bean 'sqlSessionFactory' of type [org.apache.ibatis.session.defaults.DefaultSqlSessionFactory] is not eligible for getting processed by all BeanPostProcessors (for example: not eligible for auto-proxying)
2020-03-02 01:21:25 -Bean 'sqlSessionTemplate' of type [org.mybatis.spring.SqlSessionTemplate] is not eligible for getting processed by all BeanPostProcessors (for example: not eligible for auto-proxying)
2020-03-02 01:21:25 -Bean 'sysUserDao' of type [org.mybatis.spring.mapper.MapperFactoryBean] is not eligible for getting processed by all BeanPostProcessors (for example: not eligible for auto-proxying)
2020-03-02 01:21:25 -Bean 'sysUserDao' of type [com.sun.proxy.$Proxy240] is not eligible for getting processed by all BeanPostProcessors (for example: not eligible for auto-proxying)
2020-03-02 01:21:25 -Bean 'sysMenuDao' of type [org.mybatis.spring.mapper.MapperFactoryBean] is not eligible for getting processed by all BeanPostProcessors (for example: not eligible for auto-proxying)
2020-03-02 01:21:25 -Bean 'sysMenuDao' of type [com.sun.proxy.$Proxy241] is not eligible for getting processed by all BeanPostProcessors (for example: not eligible for auto-proxying)
2020-03-02 01:21:25 -Bean 'sysUserServiceImpl' of type [com.octopus.project.service.impl.SysUserServiceImpl] is not eligible for getting processed by all BeanPostProcessors (for example: not eligible for auto-proxying)
2020-03-02 01:21:25 -Bean 'mUserRealm' of type [com.octopus.common.userrealm.MyUserRealm] is not eligible for getting processed by all BeanPostProcessors (for example: not eligible for auto-proxying)
2020-03-02 01:21:25 -Bean 'securityManager' of type [org.apache.shiro.web.mgt.DefaultWebSecurityManager] is not eligible for getting processed by all BeanPostProcessors (for example: not eligible for auto-proxying)
2020-03-02 01:21:25 -Bean 'org.springframework.transaction.annotation.ProxyTransactionManagementConfiguration' of type [org.springframework.transaction.annotation.ProxyTransactionManagementConfiguration] is not eligible for getting processed by all BeanPostProcessors (for example: not eligible for auto-proxying)
2020-03-02 01:21:25 -Bean 'attributeSourceAdvisor' of type [org.apache.shiro.spring.security.interceptor.AuthorizationAttributeSourceAdvisor] is not eligible for getting processed by all BeanPostProcessors (for example: not eligible for auto-proxying)
2020-03-02 01:21:26 -Tomcat initialized with port(s): 80 (http)
2020-03-02 01:21:26 -Initializing ProtocolHandler ["http-nio-80"]
2020-03-02 01:21:26 -Starting service [Tomcat]
2020-03-02 01:21:26 -Starting Servlet engine: [Apache Tomcat/9.0.30]
2020-03-02 01:21:26 -Initializing Spring embedded WebApplicationContext
2020-03-02 01:21:26 -Root WebApplicationContext: initialization completed in 841 ms
2020-03-02 01:21:26 -Initializing ExecutorService 'applicationTaskExecutor'
2020-03-02 01:21:26 -Adding welcome page: class path resource [static/index.html]
2020-03-02 01:21:26 -LiveReload server is running on port 35729
2020-03-02 01:21:26 -Starting ProtocolHandler ["http-nio-80"]
2020-03-02 01:21:26 -Tomcat started on port(s): 80 (http) with context path ''
2020-03-02 01:21:26 -Started Eshop1Application in 1.326 seconds (JVM running for 127155.642)
2020-03-02 01:21:26 -Condition evaluation unchanged
2020-03-02 01:21:44 -Initializing Spring DispatcherServlet 'dispatcherServlet'
2020-03-02 01:21:44 -Initializing Servlet 'dispatcherServlet'
2020-03-02 01:21:44 -Completed initialization in 7 ms
2020-03-02 01:21:49 -{dataSource-3} inited
2020-03-02 23:40:24 -Starting Eshop1Application on DESKTOP-43IB5P6 with PID 4852 (F:\JAVA_lianxi\eshop1\target\classes started by EDT灬谭泽豪 in F:\JAVA_lianxi\eshop1)
2020-03-02 23:40:24 -No active profile set, falling back to default profiles: default
2020-03-02 23:40:25 -Devtools property defaults active! Set 'spring.devtools.add-properties' to 'false' to disable
2020-03-02 23:40:25 -For additional web related logging consider setting the 'logging.level.web' property to 'DEBUG'
2020-03-02 23:40:27 -Multiple Spring Data modules found, entering strict repository configuration mode!
2020-03-02 23:40:27 -Bootstrapping Spring Data Redis repositories in DEFAULT mode.
2020-03-02 23:40:27 -Finished Spring Data repository scanning in 35ms. Found 0 Redis repository interfaces.
2020-03-02 23:40:27 -Bean 'shiroConfig' of type [com.octopus.common.config.ShiroConfig$$EnhancerBySpringCGLIB$$9ddc76bd] is not eligible for getting processed by all BeanPostProcessors (for example: not eligible for auto-proxying)
2020-03-02 23:40:28 -Bean 'mybatis-org.mybatis.spring.boot.autoconfigure.MybatisProperties' of type [org.mybatis.spring.boot.autoconfigure.MybatisProperties] is not eligible for getting processed by all BeanPostProcessors (for example: not eligible for auto-proxying)
2020-03-02 23:40:28 -Bean 'org.mybatis.spring.boot.autoconfigure.MybatisAutoConfiguration' of type [org.mybatis.spring.boot.autoconfigure.MybatisAutoConfiguration$$EnhancerBySpringCGLIB$$7174291a] is not eligible for getting processed by all BeanPostProcessors (for example: not eligible for auto-proxying)
2020-03-02 23:40:28 -Bean 'org.springframework.boot.autoconfigure.jdbc.DataSourceConfiguration$Generic' of type [org.springframework.boot.autoconfigure.jdbc.DataSourceConfiguration$Generic] is not eligible for getting processed by all BeanPostProcessors (for example: not eligible for auto-proxying)
2020-03-02 23:40:28 -Bean 'spring.datasource-org.springframework.boot.autoconfigure.jdbc.DataSourceProperties' of type [org.springframework.boot.autoconfigure.jdbc.DataSourceProperties] is not eligible for getting processed by all BeanPostProcessors (for example: not eligible for auto-proxying)
2020-03-02 23:40:28 -Bean 'dataSource' of type [com.alibaba.druid.pool.DruidDataSource] is not eligible for getting processed by all BeanPostProcessors (for example: not eligible for auto-proxying)
2020-03-02 23:40:29 -Bean 'sqlSessionFactory' of type [org.apache.ibatis.session.defaults.DefaultSqlSessionFactory] is not eligible for getting processed by all BeanPostProcessors (for example: not eligible for auto-proxying)
2020-03-02 23:40:29 -Bean 'sqlSessionTemplate' of type [org.mybatis.spring.SqlSessionTemplate] is not eligible for getting processed by all BeanPostProcessors (for example: not eligible for auto-proxying)
2020-03-02 23:40:29 -Bean 'sysUserDao' of type [org.mybatis.spring.mapper.MapperFactoryBean] is not eligible for getting processed by all BeanPostProcessors (for example: not eligible for auto-proxying)
2020-03-02 23:40:29 -Bean 'sysUserDao' of type [com.sun.proxy.$Proxy63] is not eligible for getting processed by all BeanPostProcessors (for example: not eligible for auto-proxying)
2020-03-02 23:40:29 -Bean 'sysMenuDao' of type [org.mybatis.spring.mapper.MapperFactoryBean] is not eligible for getting processed by all BeanPostProcessors (for example: not eligible for auto-proxying)
2020-03-02 23:40:29 -Bean 'sysMenuDao' of type [com.sun.proxy.$Proxy64] is not eligible for getting processed by all BeanPostProcessors (for example: not eligible for auto-proxying)
2020-03-02 23:40:29 -Bean 'sysUserServiceImpl' of type [com.octopus.project.service.impl.SysUserServiceImpl] is not eligible for getting processed by all BeanPostProcessors (for example: not eligible for auto-proxying)
2020-03-02 23:40:29 -Bean 'mUserRealm' of type [com.octopus.common.userrealm.MyUserRealm] is not eligible for getting processed by all BeanPostProcessors (for example: not eligible for auto-proxying)
2020-03-02 23:40:30 -Bean 'securityManager' of type [org.apache.shiro.web.mgt.DefaultWebSecurityManager] is not eligible for getting processed by all BeanPostProcessors (for example: not eligible for auto-proxying)
2020-03-02 23:40:30 -Bean 'org.springframework.transaction.annotation.ProxyTransactionManagementConfiguration' of type [org.springframework.transaction.annotation.ProxyTransactionManagementConfiguration] is not eligible for getting processed by all BeanPostProcessors (for example: not eligible for auto-proxying)
2020-03-02 23:40:30 -Bean 'attributeSourceAdvisor' of type [org.apache.shiro.spring.security.interceptor.AuthorizationAttributeSourceAdvisor] is not eligible for getting processed by all BeanPostProcessors (for example: not eligible for auto-proxying)
2020-03-02 23:40:31 -Tomcat initialized with port(s): 80 (http)
2020-03-02 23:40:31 -Initializing ProtocolHandler ["http-nio-80"]
2020-03-02 23:40:31 -Starting service [Tomcat]
2020-03-02 23:40:31 -Starting Servlet engine: [Apache Tomcat/9.0.30]
2020-03-02 23:40:31 -Initializing Spring embedded WebApplicationContext
2020-03-02 23:40:31 -Root WebApplicationContext: initialization completed in 6698 ms
2020-03-02 23:40:32 -Initializing ExecutorService 'applicationTaskExecutor'
2020-03-02 23:40:32 -Adding welcome page: class path resource [static/index.html]
2020-03-02 23:40:33 -LiveReload server is running on port 35729
2020-03-02 23:40:33 -Starting ProtocolHandler ["http-nio-80"]
2020-03-02 23:40:33 -Tomcat started on port(s): 80 (http) with context path ''
2020-03-02 23:40:33 -Started Eshop1Application in 10.427 seconds (JVM running for 15.336)
2020-03-02 23:40:47 -Initializing Spring DispatcherServlet 'dispatcherServlet'
2020-03-02 23:40:47 -Initializing Servlet 'dispatcherServlet'
2020-03-02 23:40:47 -Completed initialization in 10 ms
2020-03-02 23:40:55 -{dataSource-1} inited
2020-03-02 23:52:45 -Shutting down ExecutorService 'applicationTaskExecutor'
2020-03-02 23:52:45 -{dataSource-1} closed
2020-03-02 23:52:46 -Starting Eshop1Application on DESKTOP-43IB5P6 with PID 4852 (F:\JAVA_lianxi\eshop1\target\classes started by EDT灬谭泽豪 in F:\JAVA_lianxi\eshop1)
2020-03-02 23:52:46 -No active profile set, falling back to default profiles: default
2020-03-02 23:52:47 -Multiple Spring Data modules found, entering strict repository configuration mode!
2020-03-02 23:52:47 -Bootstrapping Spring Data Redis repositories in DEFAULT mode.
2020-03-02 23:52:47 -Finished Spring Data repository scanning in 40ms. Found 0 Redis repository interfaces.
2020-03-02 23:52:47 -Bean 'shiroConfig' of type [com.octopus.common.config.ShiroConfig$$EnhancerBySpringCGLIB$$9ddc76bd] is not eligible for getting processed by all BeanPostProcessors (for example: not eligible for auto-proxying)
2020-03-02 23:52:47 -Bean 'mybatis-org.mybatis.spring.boot.autoconfigure.MybatisProperties' of type [org.mybatis.spring.boot.autoconfigure.MybatisProperties] is not eligible for getting processed by all BeanPostProcessors (for example: not eligible for auto-proxying)
2020-03-02 23:52:47 -Bean 'org.mybatis.spring.boot.autoconfigure.MybatisAutoConfiguration' of type [org.mybatis.spring.boot.autoconfigure.MybatisAutoConfiguration$$EnhancerBySpringCGLIB$$7174291a] is not eligible for getting processed by all BeanPostProcessors (for example: not eligible for auto-proxying)
2020-03-02 23:52:47 -Bean 'org.springframework.boot.autoconfigure.jdbc.DataSourceConfiguration$Generic' of type [org.springframework.boot.autoconfigure.jdbc.DataSourceConfiguration$Generic] is not eligible for getting processed by all BeanPostProcessors (for example: not eligible for auto-proxying)
2020-03-02 23:52:47 -Bean 'spring.datasource-org.springframework.boot.autoconfigure.jdbc.DataSourceProperties' of type [org.springframework.boot.autoconfigure.jdbc.DataSourceProperties] is not eligible for getting processed by all BeanPostProcessors (for example: not eligible for auto-proxying)
2020-03-02 23:52:47 -Bean 'dataSource' of type [com.alibaba.druid.pool.DruidDataSource] is not eligible for getting processed by all BeanPostProcessors (for example: not eligible for auto-proxying)
2020-03-02 23:52:47 -Bean 'sqlSessionFactory' of type [org.apache.ibatis.session.defaults.DefaultSqlSessionFactory] is not eligible for getting processed by all BeanPostProcessors (for example: not eligible for auto-proxying)
2020-03-02 23:52:47 -Bean 'sqlSessionTemplate' of type [org.mybatis.spring.SqlSessionTemplate] is not eligible for getting processed by all BeanPostProcessors (for example: not eligible for auto-proxying)
2020-03-02 23:52:47 -Bean 'sysUserDao' of type [org.mybatis.spring.mapper.MapperFactoryBean] is not eligible for getting processed by all BeanPostProcessors (for example: not eligible for auto-proxying)
2020-03-02 23:52:47 -Bean 'sysUserDao' of type [com.sun.proxy.$Proxy114] is not eligible for getting processed by all BeanPostProcessors (for example: not eligible for auto-proxying)
2020-03-02 23:52:47 -Bean 'sysMenuDao' of type [org.mybatis.spring.mapper.MapperFactoryBean] is not eligible for getting processed by all BeanPostProcessors (for example: not eligible for auto-proxying)
2020-03-02 23:52:47 -Bean 'sysMenuDao' of type [com.sun.proxy.$Proxy115] is not eligible for getting processed by all BeanPostProcessors (for example: not eligible for auto-proxying)
2020-03-02 23:52:47 -Bean 'sysUserServiceImpl' of type [com.octopus.project.service.impl.SysUserServiceImpl] is not eligible for getting processed by all BeanPostProcessors (for example: not eligible for auto-proxying)
2020-03-02 23:52:47 -Bean 'mUserRealm' of type [com.octopus.common.userrealm.MyUserRealm] is not eligible for getting processed by all BeanPostProcessors (for example: not eligible for auto-proxying)
2020-03-02 23:52:47 -Bean 'securityManager' of type [org.apache.shiro.web.mgt.DefaultWebSecurityManager] is not eligible for getting processed by all BeanPostProcessors (for example: not eligible for auto-proxying)
2020-03-02 23:52:47 -Bean 'org.springframework.transaction.annotation.ProxyTransactionManagementConfiguration' of type [org.springframework.transaction.annotation.ProxyTransactionManagementConfiguration] is not eligible for getting processed by all BeanPostProcessors (for example: not eligible for auto-proxying)
2020-03-02 23:52:47 -Bean 'attributeSourceAdvisor' of type [org.apache.shiro.spring.security.interceptor.AuthorizationAttributeSourceAdvisor] is not eligible for getting processed by all BeanPostProcessors (for example: not eligible for auto-proxying)
2020-03-02 23:52:47 -Tomcat initialized with port(s): 80 (http)
2020-03-02 23:52:47 -Initializing ProtocolHandler ["http-nio-80"]
2020-03-02 23:52:47 -Starting service [Tomcat]
2020-03-02 23:52:47 -Starting Servlet engine: [Apache Tomcat/9.0.30]
2020-03-02 23:52:47 -Initializing Spring embedded WebApplicationContext
2020-03-02 23:52:47 -Root WebApplicationContext: initialization completed in 1845 ms
2020-03-02 23:52:48 -Initializing ExecutorService 'applicationTaskExecutor'
2020-03-02 23:52:48 -Adding welcome page: class path resource [static/index.html]
2020-03-02 23:52:48 -LiveReload server is running on port 35729
2020-03-02 23:52:48 -Starting ProtocolHandler ["http-nio-80"]
2020-03-02 23:52:48 -Tomcat started on port(s): 80 (http) with context path ''
2020-03-02 23:52:48 -Started Eshop1Application in 2.547 seconds (JVM running for 749.852)
2020-03-02 23:52:48 -Condition evaluation unchanged
2020-03-02 23:53:28 -Shutting down ExecutorService 'applicationTaskExecutor'
2020-03-02 23:53:29 -Starting Eshop1Application on DESKTOP-43IB5P6 with PID 4852 (F:\JAVA_lianxi\eshop1\target\classes started by EDT灬谭泽豪 in F:\JAVA_lianxi\eshop1)
2020-03-02 23:53:29 -No active profile set, falling back to default profiles: default
2020-03-02 23:53:29 -Multiple Spring Data modules found, entering strict repository configuration mode!
2020-03-02 23:53:29 -Bootstrapping Spring Data Redis repositories in DEFAULT mode.
2020-03-02 23:53:29 -Finished Spring Data repository scanning in 20ms. Found 0 Redis repository interfaces.
2020-03-02 23:53:29 -Bean 'shiroConfig' of type [com.octopus.common.config.ShiroConfig$$EnhancerBySpringCGLIB$$9ddc76bd] is not eligible for getting processed by all BeanPostProcessors (for example: not eligible for auto-proxying)
2020-03-02 23:53:29 -Bean 'mybatis-org.mybatis.spring.boot.autoconfigure.MybatisProperties' of type [org.mybatis.spring.boot.autoconfigure.MybatisProperties] is not eligible for getting processed by all BeanPostProcessors (for example: not eligible for auto-proxying)
2020-03-02 23:53:29 -Bean 'org.mybatis.spring.boot.autoconfigure.MybatisAutoConfiguration' of type [org.mybatis.spring.boot.autoconfigure.MybatisAutoConfiguration$$EnhancerBySpringCGLIB$$7174291a] is not eligible for getting processed by all BeanPostProcessors (for example: not eligible for auto-proxying)
2020-03-02 23:53:29 -Bean 'org.springframework.boot.autoconfigure.jdbc.DataSourceConfiguration$Generic' of type [org.springframework.boot.autoconfigure.jdbc.DataSourceConfiguration$Generic] is not eligible for getting processed by all BeanPostProcessors (for example: not eligible for auto-proxying)
2020-03-02 23:53:29 -Bean 'spring.datasource-org.springframework.boot.autoconfigure.jdbc.DataSourceProperties' of type [org.springframework.boot.autoconfigure.jdbc.DataSourceProperties] is not eligible for getting processed by all BeanPostProcessors (for example: not eligible for auto-proxying)
2020-03-02 23:53:29 -Bean 'dataSource' of type [com.alibaba.druid.pool.DruidDataSource] is not eligible for getting processed by all BeanPostProcessors (for example: not eligible for auto-proxying)
2020-03-02 23:53:30 -Bean 'sqlSessionFactory' of type [org.apache.ibatis.session.defaults.DefaultSqlSessionFactory] is not eligible for getting processed by all BeanPostProcessors (for example: not eligible for auto-proxying)
2020-03-02 23:53:30 -Bean 'sqlSessionTemplate' of type [org.mybatis.spring.SqlSessionTemplate] is not eligible for getting processed by all BeanPostProcessors (for example: not eligible for auto-proxying)
2020-03-02 23:53:30 -Bean 'sysUserDao' of type [org.mybatis.spring.mapper.MapperFactoryBean] is not eligible for getting processed by all BeanPostProcessors (for example: not eligible for auto-proxying)
2020-03-02 23:53:30 -Bean 'sysUserDao' of type [com.sun.proxy.$Proxy145] is not eligible for getting processed by all BeanPostProcessors (for example: not eligible for auto-proxying)
2020-03-02 23:53:30 -Bean 'sysMenuDao' of type [org.mybatis.spring.mapper.MapperFactoryBean] is not eligible for getting processed by all BeanPostProcessors (for example: not eligible for auto-proxying)
2020-03-02 23:53:30 -Bean 'sysMenuDao' of type [com.sun.proxy.$Proxy146] is not eligible for getting processed by all BeanPostProcessors (for example: not eligible for auto-proxying)
2020-03-02 23:53:30 -Bean 'sysUserServiceImpl' of type [com.octopus.project.service.impl.SysUserServiceImpl] is not eligible for getting processed by all BeanPostProcessors (for example: not eligible for auto-proxying)
2020-03-02 23:53:30 -Bean 'mUserRealm' of type [com.octopus.common.userrealm.MyUserRealm] is not eligible for getting processed by all BeanPostProcessors (for example: not eligible for auto-proxying)
2020-03-02 23:53:30 -Bean 'securityManager' of type [org.apache.shiro.web.mgt.DefaultWebSecurityManager] is not eligible for getting processed by all BeanPostProcessors (for example: not eligible for auto-proxying)
2020-03-02 23:53:30 -Bean 'org.springframework.transaction.annotation.ProxyTransactionManagementConfiguration' of type [org.springframework.transaction.annotation.ProxyTransactionManagementConfiguration] is not eligible for getting processed by all BeanPostProcessors (for example: not eligible for auto-proxying)
2020-03-02 23:53:30 -Bean 'attributeSourceAdvisor' of type [org.apache.shiro.spring.security.interceptor.AuthorizationAttributeSourceAdvisor] is not eligible for getting processed by all BeanPostProcessors (for example: not eligible for auto-proxying)
2020-03-02 23:53:30 -Tomcat initialized with port(s): 80 (http)
2020-03-02 23:53:30 -Initializing ProtocolHandler ["http-nio-80"]
2020-03-02 23:53:30 -Starting service [Tomcat]
2020-03-02 23:53:30 -Starting Servlet engine: [Apache Tomcat/9.0.30]
2020-03-02 23:53:30 -Initializing Spring embedded WebApplicationContext
2020-03-02 23:53:30 -Root WebApplicationContext: initialization completed in 893 ms
2020-03-02 23:53:30 -Initializing ExecutorService 'applicationTaskExecutor'
2020-03-02 23:53:30 -Adding welcome page: class path resource [static/index.html]
2020-03-02 23:53:30 -LiveReload server is running on port 35729
2020-03-02 23:53:30 -Starting ProtocolHandler ["http-nio-80"]
2020-03-02 23:53:30 -Tomcat started on port(s): 80 (http) with context path ''
2020-03-02 23:53:30 -Started Eshop1Application in 1.361 seconds (JVM running for 792.084)
2020-03-02 23:53:30 -Condition evaluation unchanged
